[2026-03-16T03:34:12.491+0000] {taskinstance.py:1956} INFO - Dependencies all met for dep_context=non-requeueable deps ti=<TaskInstance: 3_model_training.upload_to_minio scheduled__2026-03-16T00:00:00+00:00 [queued]>
[2026-03-16T03:34:12.494+0000] {taskinstance.py:1956} INFO - Dependencies all met for dep_context=requeueable deps ti=<TaskInstance: 3_model_training.upload_to_minio scheduled__2026-03-16T00:00:00+00:00 [queued]>
[2026-03-16T03:34:12.494+0000] {taskinstance.py:2170} INFO - Starting attempt 2 of 2
[2026-03-16T03:34:12.498+0000] {taskinstance.py:2191} INFO - Executing <Task(PythonOperator): upload_to_minio> on 2026-03-16 00:00:00+00:00
[2026-03-16T03:34:12.500+0000] {standard_task_runner.py:60} INFO - Started process 678 to run task
[2026-03-16T03:34:12.502+0000] {standard_task_runner.py:87} INFO - Running: ['***', 'tasks', 'run', '3_model_training', 'upload_to_minio', 'scheduled__2026-03-16T00:00:00+00:00', '--job-id', '21', '--raw', '--subdir', 'DAGS_FOLDER/dag_03_data_training.py', '--cfg-path', '/tmp/tmpn6pqdko5']
[2026-03-16T03:34:12.503+0000] {standard_task_runner.py:88} INFO - Job 21: Subtask upload_to_minio
[2026-03-16T03:34:12.525+0000] {task_command.py:423} INFO - Running <TaskInstance: 3_model_training.upload_to_minio scheduled__2026-03-16T00:00:00+00:00 [running]> on host 7174bd7d5472
[2026-03-16T03:34:12.555+0000] {taskinstance.py:2480} INFO - Exporting env vars: AIRFLOW_CTX_DAG_OWNER='mlops-team' AIRFLOW_CTX_DAG_ID='3_model_training' AIRFLOW_CTX_TASK_ID='upload_to_minio' AIRFLOW_CTX_EXECUTION_DATE='2026-03-16T00:00:00+00:00' AIRFLOW_CTX_TRY_NUMBER='2' AIRFLOW_CTX_DAG_RUN_ID='scheduled__2026-03-16T00:00:00+00:00'
[2026-03-16T03:34:12.556+0000] {taskinstance.py:2698} ERROR - Task failed with exception
Traceback (most recent call last):
  File "/home/airflow/.local/lib/python3.8/site-packages/airflow/models/taskinstance.py", line 433, in _execute_task
    result = execute_callable(context=context, **execute_callable_kwargs)
  File "/home/airflow/.local/lib/python3.8/site-packages/airflow/operators/python.py", line 199, in execute
    return_value = self.execute_callable()
  File "/home/airflow/.local/lib/python3.8/site-packages/airflow/operators/python.py", line 216, in execute_callable
    return self.python_callable(*self.op_args, **self.op_kwargs)
  File "/opt/airflow/dags/dag_03_data_training.py", line 217, in upload_model_to_minio
    from minio import Minio
ModuleNotFoundError: No module named 'minio'
[2026-03-16T03:34:12.559+0000] {taskinstance.py:1138} INFO - Marking task as FAILED. dag_id=3_model_training, task_id=upload_to_minio, execution_date=20260316T000000, start_date=20260316T033412, end_date=20260316T033412
[2026-03-16T03:34:12.563+0000] {standard_task_runner.py:107} ERROR - Failed to execute job 21 for task upload_to_minio (No module named 'minio'; 678)
[2026-03-16T03:34:12.599+0000] {local_task_job_runner.py:234} INFO - Task exited with return code 1
[2026-03-16T03:34:12.607+0000] {taskinstance.py:3280} INFO - 0 downstream tasks scheduled from follow-on schedule check
[2026-03-16T03:47:40.436+0000] {taskinstance.py:1956} INFO - Dependencies all met for dep_context=non-requeueable deps ti=<TaskInstance: 3_model_training.upload_to_minio scheduled__2026-03-16T00:00:00+00:00 [queued]>
[2026-03-16T03:47:40.440+0000] {taskinstance.py:1956} INFO - Dependencies all met for dep_context=requeueable deps ti=<TaskInstance: 3_model_training.upload_to_minio scheduled__2026-03-16T00:00:00+00:00 [queued]>
[2026-03-16T03:47:40.440+0000] {taskinstance.py:2170} INFO - Starting attempt 2 of 2
[2026-03-16T03:47:40.447+0000] {taskinstance.py:2191} INFO - Executing <Task(PythonOperator): upload_to_minio> on 2026-03-16 00:00:00+00:00
[2026-03-16T03:47:40.449+0000] {standard_task_runner.py:60} INFO - Started process 686 to run task
[2026-03-16T03:47:40.450+0000] {standard_task_runner.py:87} INFO - Running: ['***', 'tasks', 'run', '3_model_training', 'upload_to_minio', 'scheduled__2026-03-16T00:00:00+00:00', '--job-id', '21', '--raw', '--subdir', 'DAGS_FOLDER/dag_03_data_training.py', '--cfg-path', '/tmp/tmpdmw89mwy']
[2026-03-16T03:47:40.451+0000] {standard_task_runner.py:88} INFO - Job 21: Subtask upload_to_minio
[2026-03-16T03:47:40.472+0000] {task_command.py:423} INFO - Running <TaskInstance: 3_model_training.upload_to_minio scheduled__2026-03-16T00:00:00+00:00 [running]> on host 2eefb3920a3b
[2026-03-16T03:47:40.499+0000] {taskinstance.py:2480} INFO - Exporting env vars: AIRFLOW_CTX_DAG_OWNER='mlops-team' AIRFLOW_CTX_DAG_ID='3_model_training' AIRFLOW_CTX_TASK_ID='upload_to_minio' AIRFLOW_CTX_EXECUTION_DATE='2026-03-16T00:00:00+00:00' AIRFLOW_CTX_TRY_NUMBER='2' AIRFLOW_CTX_DAG_RUN_ID='scheduled__2026-03-16T00:00:00+00:00'
[2026-03-16T03:47:40.539+0000] {taskinstance.py:2698} ERROR - Task failed with exception
Traceback (most recent call last):
  File "/home/airflow/.local/lib/python3.8/site-packages/airflow/models/taskinstance.py", line 433, in _execute_task
    result = execute_callable(context=context, **execute_callable_kwargs)
  File "/home/airflow/.local/lib/python3.8/site-packages/airflow/operators/python.py", line 199, in execute
    return_value = self.execute_callable()
  File "/home/airflow/.local/lib/python3.8/site-packages/airflow/operators/python.py", line 216, in execute_callable
    return self.python_callable(*self.op_args, **self.op_kwargs)
  File "/opt/airflow/dags/dag_03_data_training.py", line 237, in upload_model_to_minio
    if not client.bucket_exists(MINIO_BUCKET):
  File "/home/airflow/.local/lib/python3.8/site-packages/minio/api.py", line 696, in bucket_exists
    self._execute("HEAD", bucket_name)
  File "/home/airflow/.local/lib/python3.8/site-packages/minio/api.py", line 437, in _execute
    region = self._get_region(bucket_name)
  File "/home/airflow/.local/lib/python3.8/site-packages/minio/api.py", line 494, in _get_region
    response = self._url_open(
  File "/home/airflow/.local/lib/python3.8/site-packages/minio/api.py", line 423, in _url_open
    raise response_error
minio.error.S3Error: S3 operation failed; code: InvalidAccessKeyId, message: The Access Key Id you provided does not exist in our records., resource: /models, request_id: 189D35B0865CB131, host_id: dd9025bab4ad464b049177c95eb6ebf374d3b3fd1af9251148b658df7ac2e3e8, bucket_name: models
[2026-03-16T03:47:40.543+0000] {taskinstance.py:1138} INFO - Marking task as FAILED. dag_id=3_model_training, task_id=upload_to_minio, execution_date=20260316T000000, start_date=20260316T034740, end_date=20260316T034740
[2026-03-16T03:47:40.546+0000] {standard_task_runner.py:107} ERROR - Failed to execute job 21 for task upload_to_minio (S3 operation failed; code: InvalidAccessKeyId, message: The Access Key Id you provided does not exist in our records., resource: /models, request_id: 189D35B0865CB131, host_id: dd9025bab4ad464b049177c95eb6ebf374d3b3fd1af9251148b658df7ac2e3e8, bucket_name: models; 686)
[2026-03-16T03:47:40.553+0000] {local_task_job_runner.py:234} INFO - Task exited with return code 1
[2026-03-16T03:47:40.560+0000] {taskinstance.py:3280} INFO - 0 downstream tasks scheduled from follow-on schedule check
