[2026-03-16T03:29:11.635+0000] {taskinstance.py:1956} INFO - Dependencies all met for dep_context=non-requeueable deps ti=<TaskInstance: 3_model_training.upload_to_minio scheduled__2026-03-16T00:00:00+00:00 [queued]>
[2026-03-16T03:29:11.638+0000] {taskinstance.py:1956} INFO - Dependencies all met for dep_context=requeueable deps ti=<TaskInstance: 3_model_training.upload_to_minio scheduled__2026-03-16T00:00:00+00:00 [queued]>
[2026-03-16T03:29:11.638+0000] {taskinstance.py:2170} INFO - Starting attempt 1 of 2
[2026-03-16T03:29:11.642+0000] {taskinstance.py:2191} INFO - Executing <Task(PythonOperator): upload_to_minio> on 2026-03-16 00:00:00+00:00
[2026-03-16T03:29:11.643+0000] {standard_task_runner.py:60} INFO - Started process 456 to run task
[2026-03-16T03:29:11.645+0000] {standard_task_runner.py:87} INFO - Running: ['***', 'tasks', 'run', '3_model_training', 'upload_to_minio', 'scheduled__2026-03-16T00:00:00+00:00', '--job-id', '15', '--raw', '--subdir', 'DAGS_FOLDER/dag_03_data_training.py', '--cfg-path', '/tmp/tmpg8b_dfwc']
[2026-03-16T03:29:11.646+0000] {standard_task_runner.py:88} INFO - Job 15: Subtask upload_to_minio
[2026-03-16T03:29:11.666+0000] {task_command.py:423} INFO - Running <TaskInstance: 3_model_training.upload_to_minio scheduled__2026-03-16T00:00:00+00:00 [running]> on host 7174bd7d5472
[2026-03-16T03:29:11.693+0000] {taskinstance.py:2480} INFO - Exporting env vars: AIRFLOW_CTX_DAG_OWNER='mlops-team' AIRFLOW_CTX_DAG_ID='3_model_training' AIRFLOW_CTX_TASK_ID='upload_to_minio' AIRFLOW_CTX_EXECUTION_DATE='2026-03-16T00:00:00+00:00' AIRFLOW_CTX_TRY_NUMBER='1' AIRFLOW_CTX_DAG_RUN_ID='scheduled__2026-03-16T00:00:00+00:00'
[2026-03-16T03:29:11.694+0000] {taskinstance.py:2698} ERROR - Task failed with exception
Traceback (most recent call last):
  File "/home/airflow/.local/lib/python3.8/site-packages/airflow/models/taskinstance.py", line 433, in _execute_task
    result = execute_callable(context=context, **execute_callable_kwargs)
  File "/home/airflow/.local/lib/python3.8/site-packages/airflow/operators/python.py", line 199, in execute
    return_value = self.execute_callable()
  File "/home/airflow/.local/lib/python3.8/site-packages/airflow/operators/python.py", line 216, in execute_callable
    return self.python_callable(*self.op_args, **self.op_kwargs)
  File "/opt/airflow/dags/dag_03_data_training.py", line 217, in upload_model_to_minio
    from minio import Minio
ModuleNotFoundError: No module named 'minio'
[2026-03-16T03:29:11.697+0000] {taskinstance.py:1138} INFO - Marking task as UP_FOR_RETRY. dag_id=3_model_training, task_id=upload_to_minio, execution_date=20260316T000000, start_date=20260316T032911, end_date=20260316T032911
[2026-03-16T03:29:11.701+0000] {standard_task_runner.py:107} ERROR - Failed to execute job 15 for task upload_to_minio (No module named 'minio'; 456)
[2026-03-16T03:29:11.745+0000] {local_task_job_runner.py:234} INFO - Task exited with return code 1
[2026-03-16T03:29:11.752+0000] {taskinstance.py:3280} INFO - 0 downstream tasks scheduled from follow-on schedule check
[2026-03-16T03:42:39.801+0000] {taskinstance.py:1956} INFO - Dependencies all met for dep_context=non-requeueable deps ti=<TaskInstance: 3_model_training.upload_to_minio scheduled__2026-03-16T00:00:00+00:00 [queued]>
[2026-03-16T03:42:39.804+0000] {taskinstance.py:1956} INFO - Dependencies all met for dep_context=requeueable deps ti=<TaskInstance: 3_model_training.upload_to_minio scheduled__2026-03-16T00:00:00+00:00 [queued]>
[2026-03-16T03:42:39.804+0000] {taskinstance.py:2170} INFO - Starting attempt 1 of 2
[2026-03-16T03:42:39.809+0000] {taskinstance.py:2191} INFO - Executing <Task(PythonOperator): upload_to_minio> on 2026-03-16 00:00:00+00:00
[2026-03-16T03:42:39.811+0000] {standard_task_runner.py:60} INFO - Started process 460 to run task
[2026-03-16T03:42:39.813+0000] {standard_task_runner.py:87} INFO - Running: ['***', 'tasks', 'run', '3_model_training', 'upload_to_minio', 'scheduled__2026-03-16T00:00:00+00:00', '--job-id', '17', '--raw', '--subdir', 'DAGS_FOLDER/dag_03_data_training.py', '--cfg-path', '/tmp/tmpfstr0704']
[2026-03-16T03:42:39.814+0000] {standard_task_runner.py:88} INFO - Job 17: Subtask upload_to_minio
[2026-03-16T03:42:39.835+0000] {task_command.py:423} INFO - Running <TaskInstance: 3_model_training.upload_to_minio scheduled__2026-03-16T00:00:00+00:00 [running]> on host 2eefb3920a3b
[2026-03-16T03:42:39.864+0000] {taskinstance.py:2480} INFO - Exporting env vars: AIRFLOW_CTX_DAG_OWNER='mlops-team' AIRFLOW_CTX_DAG_ID='3_model_training' AIRFLOW_CTX_TASK_ID='upload_to_minio' AIRFLOW_CTX_EXECUTION_DATE='2026-03-16T00:00:00+00:00' AIRFLOW_CTX_TRY_NUMBER='1' AIRFLOW_CTX_DAG_RUN_ID='scheduled__2026-03-16T00:00:00+00:00'
[2026-03-16T03:42:39.962+0000] {taskinstance.py:2698} ERROR - Task failed with exception
Traceback (most recent call last):
  File "/home/airflow/.local/lib/python3.8/site-packages/airflow/models/taskinstance.py", line 433, in _execute_task
    result = execute_callable(context=context, **execute_callable_kwargs)
  File "/home/airflow/.local/lib/python3.8/site-packages/airflow/operators/python.py", line 199, in execute
    return_value = self.execute_callable()
  File "/home/airflow/.local/lib/python3.8/site-packages/airflow/operators/python.py", line 216, in execute_callable
    return self.python_callable(*self.op_args, **self.op_kwargs)
  File "/opt/airflow/dags/dag_03_data_training.py", line 237, in upload_model_to_minio
    if not client.bucket_exists(MINIO_BUCKET):
  File "/home/airflow/.local/lib/python3.8/site-packages/minio/api.py", line 696, in bucket_exists
    self._execute("HEAD", bucket_name)
  File "/home/airflow/.local/lib/python3.8/site-packages/minio/api.py", line 437, in _execute
    region = self._get_region(bucket_name)
  File "/home/airflow/.local/lib/python3.8/site-packages/minio/api.py", line 494, in _get_region
    response = self._url_open(
  File "/home/airflow/.local/lib/python3.8/site-packages/minio/api.py", line 423, in _url_open
    raise response_error
minio.error.S3Error: S3 operation failed; code: InvalidAccessKeyId, message: The Access Key Id you provided does not exist in our records., resource: /models, request_id: 189D356A8A96116E, host_id: dd9025bab4ad464b049177c95eb6ebf374d3b3fd1af9251148b658df7ac2e3e8, bucket_name: models
[2026-03-16T03:42:39.966+0000] {taskinstance.py:1138} INFO - Marking task as UP_FOR_RETRY. dag_id=3_model_training, task_id=upload_to_minio, execution_date=20260316T000000, start_date=20260316T034239, end_date=20260316T034239
[2026-03-16T03:42:39.970+0000] {standard_task_runner.py:107} ERROR - Failed to execute job 17 for task upload_to_minio (S3 operation failed; code: InvalidAccessKeyId, message: The Access Key Id you provided does not exist in our records., resource: /models, request_id: 189D356A8A96116E, host_id: dd9025bab4ad464b049177c95eb6ebf374d3b3fd1af9251148b658df7ac2e3e8, bucket_name: models; 460)
[2026-03-16T03:42:39.993+0000] {local_task_job_runner.py:234} INFO - Task exited with return code 1
[2026-03-16T03:42:40.000+0000] {taskinstance.py:3280} INFO - 0 downstream tasks scheduled from follow-on schedule check
[2026-03-16T03:55:52.315+0000] {taskinstance.py:1956} INFO - Dependencies all met for dep_context=non-requeueable deps ti=<TaskInstance: 3_model_training.upload_to_minio scheduled__2026-03-16T00:00:00+00:00 [queued]>
[2026-03-16T03:55:52.318+0000] {taskinstance.py:1956} INFO - Dependencies all met for dep_context=requeueable deps ti=<TaskInstance: 3_model_training.upload_to_minio scheduled__2026-03-16T00:00:00+00:00 [queued]>
[2026-03-16T03:55:52.318+0000] {taskinstance.py:2170} INFO - Starting attempt 1 of 2
[2026-03-16T03:55:52.323+0000] {taskinstance.py:2191} INFO - Executing <Task(PythonOperator): upload_to_minio> on 2026-03-16 00:00:00+00:00
[2026-03-16T03:55:52.325+0000] {standard_task_runner.py:60} INFO - Started process 455 to run task
[2026-03-16T03:55:52.326+0000] {standard_task_runner.py:87} INFO - Running: ['***', 'tasks', 'run', '3_model_training', 'upload_to_minio', 'scheduled__2026-03-16T00:00:00+00:00', '--job-id', '15', '--raw', '--subdir', 'DAGS_FOLDER/dag_03_data_training.py', '--cfg-path', '/tmp/tmpoze6xnav']
[2026-03-16T03:55:52.327+0000] {standard_task_runner.py:88} INFO - Job 15: Subtask upload_to_minio
[2026-03-16T03:55:52.349+0000] {task_command.py:423} INFO - Running <TaskInstance: 3_model_training.upload_to_minio scheduled__2026-03-16T00:00:00+00:00 [running]> on host a5b790665194
[2026-03-16T03:55:52.380+0000] {taskinstance.py:2480} INFO - Exporting env vars: AIRFLOW_CTX_DAG_OWNER='mlops-team' AIRFLOW_CTX_DAG_ID='3_model_training' AIRFLOW_CTX_TASK_ID='upload_to_minio' AIRFLOW_CTX_EXECUTION_DATE='2026-03-16T00:00:00+00:00' AIRFLOW_CTX_TRY_NUMBER='1' AIRFLOW_CTX_DAG_RUN_ID='scheduled__2026-03-16T00:00:00+00:00'
[2026-03-16T03:55:52.482+0000] {dag_03_data_training.py:246} INFO - Model uploaded to MinIO: models/models/random_forest/v_20260316_035552/model_package.joblib
[2026-03-16T03:55:52.485+0000] {dag_03_data_training.py:273} INFO - Model registered in DB with id=1
[2026-03-16T03:55:52.489+0000] {python.py:201} INFO - Done. Returned value was: None
[2026-03-16T03:55:52.493+0000] {taskinstance.py:1138} INFO - Marking task as SUCCESS. dag_id=3_model_training, task_id=upload_to_minio, execution_date=20260316T000000, start_date=20260316T035552, end_date=20260316T035552
[2026-03-16T03:55:52.506+0000] {local_task_job_runner.py:234} INFO - Task exited with return code 0
[2026-03-16T03:55:52.514+0000] {taskinstance.py:3280} INFO - 0 downstream tasks scheduled from follow-on schedule check
