[2026-03-15T23:28:50.459+0000] {manager.py:469} INFO - Processing files using up to 2 processes at a time 
[2026-03-15T23:28:50.460+0000] {manager.py:470} INFO - Process each file at most once every 30 seconds
[2026-03-15T23:28:50.460+0000] {manager.py:471} INFO - Checking for new files in /opt/airflow/dags every 300 seconds
[2026-03-15T23:28:50.460+0000] {manager.py:738} INFO - Searching for files in /opt/airflow/dags
[2026-03-15T23:28:50.461+0000] {manager.py:741} INFO - There are 0 files in /opt/airflow/dags
[2026-03-15T23:33:50.896+0000] {manager.py:738} INFO - Searching for files in /opt/airflow/dags
[2026-03-15T23:33:50.902+0000] {manager.py:741} INFO - There are 1 files in /opt/airflow/dags
[2026-03-15T23:33:52.952+0000] {manager.py:879} INFO - 
================================================================================
DAG File Processing Stats

File Path                                    PID    Runtime      # DAGs    # Errors  Last Runtime    Last Run
-------------------------------------------  -----  ---------  --------  ----------  --------------  -------------------
/opt/airflow/dags/dag_01_data_collection.py                           1           0  0.14s           2026-03-15T23:33:51
================================================================================
[2026-03-15T23:34:23.258+0000] {manager.py:879} INFO - 
================================================================================
DAG File Processing Stats

File Path                                    PID    Runtime      # DAGs    # Errors  Last Runtime    Last Run
-------------------------------------------  -----  ---------  --------  ----------  --------------  -------------------
/opt/airflow/dags/dag_01_data_collection.py                           1           0  0.08s           2026-03-15T23:34:21
================================================================================
[2026-03-15T23:34:53.509+0000] {manager.py:879} INFO - 
================================================================================
DAG File Processing Stats

File Path                                    PID    Runtime      # DAGs    # Errors  Last Runtime    Last Run
-------------------------------------------  -----  ---------  --------  ----------  --------------  -------------------
/opt/airflow/dags/dag_01_data_collection.py                           1           0  0.05s           2026-03-15T23:34:51
================================================================================
[2026-03-15T23:35:23.773+0000] {manager.py:879} INFO - 
================================================================================
DAG File Processing Stats

File Path                                    PID    Runtime      # DAGs    # Errors  Last Runtime    Last Run
-------------------------------------------  -----  ---------  --------  ----------  --------------  -------------------
/opt/airflow/dags/dag_01_data_collection.py                           1           0  0.05s           2026-03-15T23:35:21
================================================================================
[2026-03-15T23:35:54.023+0000] {manager.py:879} INFO - 
================================================================================
DAG File Processing Stats

File Path                                    PID    Runtime      # DAGs    # Errors  Last Runtime    Last Run
-------------------------------------------  -----  ---------  --------  ----------  --------------  -------------------
/opt/airflow/dags/dag_01_data_collection.py                           1           0  0.05s           2026-03-15T23:35:52
================================================================================
[2026-03-15T23:36:24.268+0000] {manager.py:879} INFO - 
================================================================================
DAG File Processing Stats

File Path                                    PID    Runtime      # DAGs    # Errors  Last Runtime    Last Run
-------------------------------------------  -----  ---------  --------  ----------  --------------  -------------------
/opt/airflow/dags/dag_01_data_collection.py                           1           0  0.07s           2026-03-15T23:36:22
================================================================================
[2026-03-15T23:36:54.502+0000] {manager.py:879} INFO - 
================================================================================
DAG File Processing Stats

File Path                                    PID    Runtime      # DAGs    # Errors  Last Runtime    Last Run
-------------------------------------------  -----  ---------  --------  ----------  --------------  -------------------
/opt/airflow/dags/dag_01_data_collection.py                           1           0  0.05s           2026-03-15T23:36:52
================================================================================
[2026-03-15T23:37:24.806+0000] {manager.py:879} INFO - 
================================================================================
DAG File Processing Stats

File Path                                    PID    Runtime      # DAGs    # Errors  Last Runtime    Last Run
-------------------------------------------  -----  ---------  --------  ----------  --------------  -------------------
/opt/airflow/dags/dag_01_data_collection.py                           1           0  0.08s           2026-03-15T23:37:22
================================================================================
[2026-03-15T23:37:55.068+0000] {manager.py:879} INFO - 
================================================================================
DAG File Processing Stats

File Path                                    PID    Runtime      # DAGs    # Errors  Last Runtime    Last Run
-------------------------------------------  -----  ---------  --------  ----------  --------------  -------------------
/opt/airflow/dags/dag_01_data_collection.py                           1           0  0.06s           2026-03-15T23:37:53
================================================================================
[2026-03-15T23:38:25.343+0000] {manager.py:879} INFO - 
================================================================================
DAG File Processing Stats

File Path                                    PID    Runtime      # DAGs    # Errors  Last Runtime    Last Run
-------------------------------------------  -----  ---------  --------  ----------  --------------  -------------------
/opt/airflow/dags/dag_01_data_collection.py                           1           0  0.06s           2026-03-15T23:38:23
================================================================================
[2026-03-15T23:38:51.567+0000] {manager.py:738} INFO - Searching for files in /opt/airflow/dags
[2026-03-15T23:38:51.574+0000] {manager.py:741} INFO - There are 1 files in /opt/airflow/dags
[2026-03-15T23:38:55.629+0000] {manager.py:879} INFO - 
================================================================================
DAG File Processing Stats

File Path                                    PID    Runtime      # DAGs    # Errors  Last Runtime    Last Run
-------------------------------------------  -----  ---------  --------  ----------  --------------  -------------------
/opt/airflow/dags/dag_01_data_collection.py                           1           0  0.07s           2026-03-15T23:38:53
================================================================================
[2026-03-15T23:39:25.885+0000] {manager.py:879} INFO - 
================================================================================
DAG File Processing Stats

File Path                                    PID    Runtime      # DAGs    # Errors  Last Runtime    Last Run
-------------------------------------------  -----  ---------  --------  ----------  --------------  -------------------
/opt/airflow/dags/dag_01_data_collection.py                           1           0  0.06s           2026-03-15T23:39:23
================================================================================
[2026-03-15T23:39:56.172+0000] {manager.py:879} INFO - 
================================================================================
DAG File Processing Stats

File Path                                    PID    Runtime      # DAGs    # Errors  Last Runtime    Last Run
-------------------------------------------  -----  ---------  --------  ----------  --------------  -------------------
/opt/airflow/dags/dag_01_data_collection.py                           1           0  0.06s           2026-03-15T23:39:54
================================================================================
[2026-03-15T23:40:26.419+0000] {manager.py:879} INFO - 
================================================================================
DAG File Processing Stats

File Path                                    PID    Runtime      # DAGs    # Errors  Last Runtime    Last Run
-------------------------------------------  -----  ---------  --------  ----------  --------------  -------------------
/opt/airflow/dags/dag_01_data_collection.py                           1           0  0.06s           2026-03-15T23:40:24
================================================================================
[2026-03-15T23:40:56.720+0000] {manager.py:879} INFO - 
================================================================================
DAG File Processing Stats

File Path                                    PID    Runtime      # DAGs    # Errors  Last Runtime    Last Run
-------------------------------------------  -----  ---------  --------  ----------  --------------  -------------------
/opt/airflow/dags/dag_01_data_collection.py                           1           0  0.06s           2026-03-15T23:40:54
================================================================================
[2026-03-15T23:41:27.024+0000] {manager.py:879} INFO - 
================================================================================
DAG File Processing Stats

File Path                                    PID    Runtime      # DAGs    # Errors  Last Runtime    Last Run
-------------------------------------------  -----  ---------  --------  ----------  --------------  -------------------
/opt/airflow/dags/dag_01_data_collection.py                           1           0  0.06s           2026-03-15T23:41:25
================================================================================
[2026-03-15T23:41:57.330+0000] {manager.py:879} INFO - 
================================================================================
DAG File Processing Stats

File Path                                    PID    Runtime      # DAGs    # Errors  Last Runtime    Last Run
-------------------------------------------  -----  ---------  --------  ----------  --------------  -------------------
/opt/airflow/dags/dag_01_data_collection.py                           1           0  0.06s           2026-03-15T23:41:55
================================================================================
