[2026-03-16T04:00:04.829+0000] {taskinstance.py:1956} INFO - Dependencies all met for dep_context=non-requeueable deps ti=<TaskInstance: 3_model_training.train_model scheduled__2026-03-16T02:00:00+00:00 [queued]>
[2026-03-16T04:00:04.832+0000] {taskinstance.py:1956} INFO - Dependencies all met for dep_context=requeueable deps ti=<TaskInstance: 3_model_training.train_model scheduled__2026-03-16T02:00:00+00:00 [queued]>
[2026-03-16T04:00:04.832+0000] {taskinstance.py:2170} INFO - Starting attempt 1 of 2
[2026-03-16T04:00:04.836+0000] {taskinstance.py:2191} INFO - Executing <Task(PythonOperator): train_model> on 2026-03-16 02:00:00+00:00
[2026-03-16T04:00:04.838+0000] {standard_task_runner.py:60} INFO - Started process 292 to run task
[2026-03-16T04:00:04.839+0000] {standard_task_runner.py:87} INFO - Running: ['***', 'tasks', 'run', '3_model_training', 'train_model', 'scheduled__2026-03-16T02:00:00+00:00', '--job-id', '17', '--raw', '--subdir', 'DAGS_FOLDER/dag_03_data_training.py', '--cfg-path', '/tmp/tmppqijd9jv']
[2026-03-16T04:00:04.840+0000] {standard_task_runner.py:88} INFO - Job 17: Subtask train_model
[2026-03-16T04:00:04.859+0000] {task_command.py:423} INFO - Running <TaskInstance: 3_model_training.train_model scheduled__2026-03-16T02:00:00+00:00 [running]> on host 9d11552eaf6e
[2026-03-16T04:00:04.887+0000] {taskinstance.py:2480} INFO - Exporting env vars: AIRFLOW_CTX_DAG_OWNER='mlops-team' AIRFLOW_CTX_DAG_ID='3_model_training' AIRFLOW_CTX_TASK_ID='train_model' AIRFLOW_CTX_EXECUTION_DATE='2026-03-16T02:00:00+00:00' AIRFLOW_CTX_TRY_NUMBER='1' AIRFLOW_CTX_DAG_RUN_ID='scheduled__2026-03-16T02:00:00+00:00'
[2026-03-16T04:00:05.112+0000] {dag_03_data_training.py:124} INFO - Train: (335, 54), Val: (71, 54), Test: (73, 54)
[2026-03-16T04:00:05.112+0000] {dag_03_data_training.py:163} INFO - Training random_forest...
[2026-03-16T04:00:05.348+0000] {logging_mixin.py:188} WARNING - /home/***/.local/lib/python3.8/site-packages/sklearn/ensemble/_base.py:214 UserWarning: Loky-backed parallel loops cannot be called in a multiprocessing, setting n_jobs=1
[2026-03-16T04:00:05.353+0000] {dag_03_data_training.py:170} INFO -   random_forest: val_acc=0.8592, val_f1=0.8550
[2026-03-16T04:00:05.353+0000] {dag_03_data_training.py:163} INFO - Training gradient_boosting...
[2026-03-16T04:00:05.626+0000] {dag_03_data_training.py:170} INFO -   gradient_boosting: val_acc=0.8592, val_f1=0.8592
[2026-03-16T04:00:05.627+0000] {logging_mixin.py:188} WARNING - /home/***/.local/lib/python3.8/site-packages/sklearn/ensemble/_base.py:214 UserWarning: Loky-backed parallel loops cannot be called in a multiprocessing, setting n_jobs=1
[2026-03-16T04:00:05.631+0000] {dag_03_data_training.py:188} INFO - Best model: random_forest | test_acc=0.9041, test_f1=0.8732
[2026-03-16T04:00:05.684+0000] {dag_03_data_training.py:210} INFO - Model saved to /tmp/model_package.joblib
[2026-03-16T04:00:05.685+0000] {python.py:201} INFO - Done. Returned value was: None
[2026-03-16T04:00:05.689+0000] {taskinstance.py:1138} INFO - Marking task as SUCCESS. dag_id=3_model_training, task_id=train_model, execution_date=20260316T020000, start_date=20260316T040004, end_date=20260316T040005
[2026-03-16T04:00:05.721+0000] {local_task_job_runner.py:234} INFO - Task exited with return code 0
[2026-03-16T04:00:05.731+0000] {taskinstance.py:3280} INFO - 1 downstream tasks scheduled from follow-on schedule check
