[2026-03-16T01:00:00.729+0000] {taskinstance.py:1956} INFO - Dependencies all met for dep_context=non-requeueable deps ti=<TaskInstance: 2_data_processing.processed_to_ready scheduled__2026-03-16T00:50:00+00:00 [queued]>
[2026-03-16T01:00:00.733+0000] {taskinstance.py:1956} INFO - Dependencies all met for dep_context=requeueable deps ti=<TaskInstance: 2_data_processing.processed_to_ready scheduled__2026-03-16T00:50:00+00:00 [queued]>
[2026-03-16T01:00:00.735+0000] {taskinstance.py:2170} INFO - Starting attempt 1 of 3
[2026-03-16T01:00:00.740+0000] {taskinstance.py:2191} INFO - Executing <Task(PythonOperator): processed_to_ready> on 2026-03-16 00:50:00+00:00
[2026-03-16T01:00:00.742+0000] {standard_task_runner.py:60} INFO - Started process 255 to run task
[2026-03-16T01:00:00.744+0000] {standard_task_runner.py:87} INFO - Running: ['***', 'tasks', 'run', '2_data_processing', 'processed_to_ready', 'scheduled__2026-03-16T00:50:00+00:00', '--job-id', '11', '--raw', '--subdir', 'DAGS_FOLDER/dag_02_data_processing.py', '--cfg-path', '/tmp/tmpfwd0_7kj']
[2026-03-16T01:00:00.745+0000] {standard_task_runner.py:88} INFO - Job 11: Subtask processed_to_ready
[2026-03-16T01:00:00.767+0000] {task_command.py:423} INFO - Running <TaskInstance: 2_data_processing.processed_to_ready scheduled__2026-03-16T00:50:00+00:00 [running]> on host 9e8c0c2e5d97
[2026-03-16T01:00:00.801+0000] {taskinstance.py:2480} INFO - Exporting env vars: AIRFLOW_CTX_DAG_OWNER='mlops-team' AIRFLOW_CTX_DAG_ID='2_data_processing' AIRFLOW_CTX_TASK_ID='processed_to_ready' AIRFLOW_CTX_EXECUTION_DATE='2026-03-16T00:50:00+00:00' AIRFLOW_CTX_TRY_NUMBER='1' AIRFLOW_CTX_DAG_RUN_ID='scheduled__2026-03-16T00:50:00+00:00'
[2026-03-16T01:00:00.804+0000] {dag_02_data_processing.py:250} INFO - No new processed records for ready stage
[2026-03-16T01:00:00.805+0000] {python.py:201} INFO - Done. Returned value was: None
[2026-03-16T01:00:00.809+0000] {taskinstance.py:1138} INFO - Marking task as SUCCESS. dag_id=2_data_processing, task_id=processed_to_ready, execution_date=20260316T005000, start_date=20260316T010000, end_date=20260316T010000
[2026-03-16T01:00:00.841+0000] {local_task_job_runner.py:234} INFO - Task exited with return code 0
[2026-03-16T01:00:00.851+0000] {taskinstance.py:3280} INFO - 0 downstream tasks scheduled from follow-on schedule check
[2026-03-16T01:03:08.566+0000] {taskinstance.py:1956} INFO - Dependencies all met for dep_context=non-requeueable deps ti=<TaskInstance: 2_data_processing.processed_to_ready scheduled__2026-03-16T00:50:00+00:00 [queued]>
[2026-03-16T01:03:08.573+0000] {taskinstance.py:1956} INFO - Dependencies all met for dep_context=requeueable deps ti=<TaskInstance: 2_data_processing.processed_to_ready scheduled__2026-03-16T00:50:00+00:00 [queued]>
[2026-03-16T01:03:08.573+0000] {taskinstance.py:2170} INFO - Starting attempt 1 of 3
[2026-03-16T01:03:08.578+0000] {taskinstance.py:2191} INFO - Executing <Task(PythonOperator): processed_to_ready> on 2026-03-16 00:50:00+00:00
[2026-03-16T01:03:08.581+0000] {standard_task_runner.py:60} INFO - Started process 193 to run task
[2026-03-16T01:03:08.584+0000] {standard_task_runner.py:87} INFO - Running: ['***', 'tasks', 'run', '2_data_processing', 'processed_to_ready', 'scheduled__2026-03-16T00:50:00+00:00', '--job-id', '4', '--raw', '--subdir', 'DAGS_FOLDER/dag_02_data_processing.py', '--cfg-path', '/tmp/tmp1zgvf6cl']
[2026-03-16T01:03:08.586+0000] {standard_task_runner.py:88} INFO - Job 4: Subtask processed_to_ready
[2026-03-16T01:03:08.623+0000] {task_command.py:423} INFO - Running <TaskInstance: 2_data_processing.processed_to_ready scheduled__2026-03-16T00:50:00+00:00 [running]> on host 572fb92527f1
[2026-03-16T01:03:08.666+0000] {taskinstance.py:2480} INFO - Exporting env vars: AIRFLOW_CTX_DAG_OWNER='mlops-team' AIRFLOW_CTX_DAG_ID='2_data_processing' AIRFLOW_CTX_TASK_ID='processed_to_ready' AIRFLOW_CTX_EXECUTION_DATE='2026-03-16T00:50:00+00:00' AIRFLOW_CTX_TRY_NUMBER='1' AIRFLOW_CTX_DAG_RUN_ID='scheduled__2026-03-16T00:50:00+00:00'
[2026-03-16T01:03:08.674+0000] {dag_02_data_processing.py:250} INFO - No new processed records for ready stage
[2026-03-16T01:03:08.675+0000] {python.py:201} INFO - Done. Returned value was: None
[2026-03-16T01:03:08.680+0000] {taskinstance.py:1138} INFO - Marking task as SUCCESS. dag_id=2_data_processing, task_id=processed_to_ready, execution_date=20260316T005000, start_date=20260316T010308, end_date=20260316T010308
[2026-03-16T01:03:08.722+0000] {local_task_job_runner.py:234} INFO - Task exited with return code 0
[2026-03-16T01:03:08.747+0000] {taskinstance.py:3280} INFO - 0 downstream tasks scheduled from follow-on schedule check
