[2026-03-16T01:00:00.729+0000] {taskinstance.py:1956} INFO - Dependencies all met for dep_context=non-requeueable deps ti=<TaskInstance: 1_data_collection.save_to_raw scheduled__2026-03-16T00:55:00+00:00 [queued]>
[2026-03-16T01:00:00.733+0000] {taskinstance.py:1956} INFO - Dependencies all met for dep_context=requeueable deps ti=<TaskInstance: 1_data_collection.save_to_raw scheduled__2026-03-16T00:55:00+00:00 [queued]>
[2026-03-16T01:00:00.733+0000] {taskinstance.py:2170} INFO - Starting attempt 1 of 4
[2026-03-16T01:00:00.738+0000] {taskinstance.py:2191} INFO - Executing <Task(PythonOperator): save_to_raw> on 2026-03-16 00:55:00+00:00
[2026-03-16T01:00:00.739+0000] {standard_task_runner.py:60} INFO - Started process 254 to run task
[2026-03-16T01:00:00.741+0000] {standard_task_runner.py:87} INFO - Running: ['***', 'tasks', 'run', '1_data_collection', 'save_to_raw', 'scheduled__2026-03-16T00:55:00+00:00', '--job-id', '10', '--raw', '--subdir', 'DAGS_FOLDER/dag_01_data_collection.py', '--cfg-path', '/tmp/tmpp84t4j_b']
[2026-03-16T01:00:00.742+0000] {standard_task_runner.py:88} INFO - Job 10: Subtask save_to_raw
[2026-03-16T01:00:00.767+0000] {task_command.py:423} INFO - Running <TaskInstance: 1_data_collection.save_to_raw scheduled__2026-03-16T00:55:00+00:00 [running]> on host 9e8c0c2e5d97
[2026-03-16T01:00:00.801+0000] {taskinstance.py:2480} INFO - Exporting env vars: AIRFLOW_CTX_DAG_OWNER='mlops-team' AIRFLOW_CTX_DAG_ID='1_data_collection' AIRFLOW_CTX_TASK_ID='save_to_raw' AIRFLOW_CTX_EXECUTION_DATE='2026-03-16T00:55:00+00:00' AIRFLOW_CTX_TRY_NUMBER='1' AIRFLOW_CTX_DAG_RUN_ID='scheduled__2026-03-16T00:55:00+00:00'
[2026-03-16T01:00:00.810+0000] {dag_01_data_collection.py:77} INFO - No data to save — batch was already collected. Skipping.
[2026-03-16T01:00:00.811+0000] {python.py:201} INFO - Done. Returned value was: Skipped — no data.
[2026-03-16T01:00:00.819+0000] {taskinstance.py:1138} INFO - Marking task as SUCCESS. dag_id=1_data_collection, task_id=save_to_raw, execution_date=20260316T005500, start_date=20260316T010000, end_date=20260316T010000
[2026-03-16T01:00:00.839+0000] {local_task_job_runner.py:234} INFO - Task exited with return code 0
[2026-03-16T01:00:00.849+0000] {taskinstance.py:3280} INFO - 0 downstream tasks scheduled from follow-on schedule check
[2026-03-16T01:03:09.533+0000] {taskinstance.py:1956} INFO - Dependencies all met for dep_context=non-requeueable deps ti=<TaskInstance: 1_data_collection.save_to_raw scheduled__2026-03-16T00:55:00+00:00 [queued]>
[2026-03-16T01:03:09.537+0000] {taskinstance.py:1956} INFO - Dependencies all met for dep_context=requeueable deps ti=<TaskInstance: 1_data_collection.save_to_raw scheduled__2026-03-16T00:55:00+00:00 [queued]>
[2026-03-16T01:03:09.537+0000] {taskinstance.py:2170} INFO - Starting attempt 1 of 4
[2026-03-16T01:03:09.541+0000] {taskinstance.py:2191} INFO - Executing <Task(PythonOperator): save_to_raw> on 2026-03-16 00:55:00+00:00
[2026-03-16T01:03:09.543+0000] {standard_task_runner.py:60} INFO - Started process 195 to run task
[2026-03-16T01:03:09.545+0000] {standard_task_runner.py:87} INFO - Running: ['***', 'tasks', 'run', '1_data_collection', 'save_to_raw', 'scheduled__2026-03-16T00:55:00+00:00', '--job-id', '5', '--raw', '--subdir', 'DAGS_FOLDER/dag_01_data_collection.py', '--cfg-path', '/tmp/tmp394q0vcu']
[2026-03-16T01:03:09.545+0000] {standard_task_runner.py:88} INFO - Job 5: Subtask save_to_raw
[2026-03-16T01:03:09.568+0000] {task_command.py:423} INFO - Running <TaskInstance: 1_data_collection.save_to_raw scheduled__2026-03-16T00:55:00+00:00 [running]> on host 572fb92527f1
[2026-03-16T01:03:09.599+0000] {taskinstance.py:2480} INFO - Exporting env vars: AIRFLOW_CTX_DAG_OWNER='mlops-team' AIRFLOW_CTX_DAG_ID='1_data_collection' AIRFLOW_CTX_TASK_ID='save_to_raw' AIRFLOW_CTX_EXECUTION_DATE='2026-03-16T00:55:00+00:00' AIRFLOW_CTX_TRY_NUMBER='1' AIRFLOW_CTX_DAG_RUN_ID='scheduled__2026-03-16T00:55:00+00:00'
[2026-03-16T01:03:09.655+0000] {dag_01_data_collection.py:95} INFO - Saving 5810 records to raw.forest_cover
[2026-03-16T01:03:09.956+0000] {dag_01_data_collection.py:156} INFO - Successfully saved 5810 records to raw.forest_cover
[2026-03-16T01:03:09.959+0000] {python.py:201} INFO - Done. Returned value was: None
[2026-03-16T01:03:09.965+0000] {taskinstance.py:1138} INFO - Marking task as SUCCESS. dag_id=1_data_collection, task_id=save_to_raw, execution_date=20260316T005500, start_date=20260316T010309, end_date=20260316T010309
[2026-03-16T01:03:09.972+0000] {local_task_job_runner.py:234} INFO - Task exited with return code 0
[2026-03-16T01:03:09.980+0000] {taskinstance.py:3280} INFO - 0 downstream tasks scheduled from follow-on schedule check
