[2026-03-16T03:35:01.934+0000] {taskinstance.py:1956} INFO - Dependencies all met for dep_context=non-requeueable deps ti=<TaskInstance: 1_data_collection.save_to_raw scheduled__2026-03-16T03:30:00+00:00 [queued]>
[2026-03-16T03:35:01.937+0000] {taskinstance.py:1956} INFO - Dependencies all met for dep_context=requeueable deps ti=<TaskInstance: 1_data_collection.save_to_raw scheduled__2026-03-16T03:30:00+00:00 [queued]>
[2026-03-16T03:35:01.937+0000] {taskinstance.py:2170} INFO - Starting attempt 1 of 4
[2026-03-16T03:35:01.941+0000] {taskinstance.py:2191} INFO - Executing <Task(PythonOperator): save_to_raw> on 2026-03-16 03:30:00+00:00
[2026-03-16T03:35:01.943+0000] {standard_task_runner.py:60} INFO - Started process 735 to run task
[2026-03-16T03:35:01.944+0000] {standard_task_runner.py:87} INFO - Running: ['***', 'tasks', 'run', '1_data_collection', 'save_to_raw', 'scheduled__2026-03-16T03:30:00+00:00', '--job-id', '26', '--raw', '--subdir', 'DAGS_FOLDER/dag_01_data_collection.py', '--cfg-path', '/tmp/tmp5hx5bfk_']
[2026-03-16T03:35:01.945+0000] {standard_task_runner.py:88} INFO - Job 26: Subtask save_to_raw
[2026-03-16T03:35:01.964+0000] {task_command.py:423} INFO - Running <TaskInstance: 1_data_collection.save_to_raw scheduled__2026-03-16T03:30:00+00:00 [running]> on host 7174bd7d5472
[2026-03-16T03:35:01.993+0000] {taskinstance.py:2480} INFO - Exporting env vars: AIRFLOW_CTX_DAG_OWNER='mlops-team' AIRFLOW_CTX_DAG_ID='1_data_collection' AIRFLOW_CTX_TASK_ID='save_to_raw' AIRFLOW_CTX_EXECUTION_DATE='2026-03-16T03:30:00+00:00' AIRFLOW_CTX_TRY_NUMBER='1' AIRFLOW_CTX_DAG_RUN_ID='scheduled__2026-03-16T03:30:00+00:00'
[2026-03-16T03:35:02.043+0000] {dag_01_data_collection.py:95} INFO - Saving 5810 records to raw.forest_cover
[2026-03-16T03:35:02.297+0000] {dag_01_data_collection.py:156} INFO - Successfully saved 5810 records to raw.forest_cover
[2026-03-16T03:35:02.300+0000] {python.py:201} INFO - Done. Returned value was: None
[2026-03-16T03:35:02.304+0000] {taskinstance.py:1138} INFO - Marking task as SUCCESS. dag_id=1_data_collection, task_id=save_to_raw, execution_date=20260316T033000, start_date=20260316T033501, end_date=20260316T033502
[2026-03-16T03:35:02.328+0000] {local_task_job_runner.py:234} INFO - Task exited with return code 0
[2026-03-16T03:35:02.337+0000] {taskinstance.py:3280} INFO - 1 downstream tasks scheduled from follow-on schedule check
[2026-03-16T03:37:36.250+0000] {taskinstance.py:1956} INFO - Dependencies all met for dep_context=non-requeueable deps ti=<TaskInstance: 1_data_collection.save_to_raw scheduled__2026-03-16T03:30:00+00:00 [queued]>
[2026-03-16T03:37:36.256+0000] {taskinstance.py:1956} INFO - Dependencies all met for dep_context=requeueable deps ti=<TaskInstance: 1_data_collection.save_to_raw scheduled__2026-03-16T03:30:00+00:00 [queued]>
[2026-03-16T03:37:36.256+0000] {taskinstance.py:2170} INFO - Starting attempt 1 of 4
[2026-03-16T03:37:36.262+0000] {taskinstance.py:2191} INFO - Executing <Task(PythonOperator): save_to_raw> on 2026-03-16 03:30:00+00:00
[2026-03-16T03:37:36.264+0000] {standard_task_runner.py:60} INFO - Started process 201 to run task
[2026-03-16T03:37:36.266+0000] {standard_task_runner.py:87} INFO - Running: ['***', 'tasks', 'run', '1_data_collection', 'save_to_raw', 'scheduled__2026-03-16T03:30:00+00:00', '--job-id', '5', '--raw', '--subdir', 'DAGS_FOLDER/dag_01_data_collection.py', '--cfg-path', '/tmp/tmprkucw2wj']
[2026-03-16T03:37:36.267+0000] {standard_task_runner.py:88} INFO - Job 5: Subtask save_to_raw
[2026-03-16T03:37:36.289+0000] {task_command.py:423} INFO - Running <TaskInstance: 1_data_collection.save_to_raw scheduled__2026-03-16T03:30:00+00:00 [running]> on host 2eefb3920a3b
[2026-03-16T03:37:36.322+0000] {taskinstance.py:2480} INFO - Exporting env vars: AIRFLOW_CTX_DAG_OWNER='mlops-team' AIRFLOW_CTX_DAG_ID='1_data_collection' AIRFLOW_CTX_TASK_ID='save_to_raw' AIRFLOW_CTX_EXECUTION_DATE='2026-03-16T03:30:00+00:00' AIRFLOW_CTX_TRY_NUMBER='1' AIRFLOW_CTX_DAG_RUN_ID='scheduled__2026-03-16T03:30:00+00:00'
[2026-03-16T03:37:36.381+0000] {dag_01_data_collection.py:95} INFO - Saving 5810 records to raw.forest_cover
[2026-03-16T03:37:36.661+0000] {dag_01_data_collection.py:156} INFO - Successfully saved 5810 records to raw.forest_cover
[2026-03-16T03:37:36.664+0000] {python.py:201} INFO - Done. Returned value was: None
[2026-03-16T03:37:36.668+0000] {taskinstance.py:1138} INFO - Marking task as SUCCESS. dag_id=1_data_collection, task_id=save_to_raw, execution_date=20260316T033000, start_date=20260316T033736, end_date=20260316T033736
[2026-03-16T03:37:36.690+0000] {local_task_job_runner.py:234} INFO - Task exited with return code 0
[2026-03-16T03:37:36.700+0000] {taskinstance.py:3280} INFO - 1 downstream tasks scheduled from follow-on schedule check
