[2026-03-16T21:10:17.576+0000] {taskinstance.py:1956} INFO - Dependencies all met for dep_context=non-requeueable deps ti=<TaskInstance: 3_model_training.train_model manual__2026-03-16T21:10:16.335987+00:00 [queued]>
[2026-03-16T21:10:17.580+0000] {taskinstance.py:1956} INFO - Dependencies all met for dep_context=requeueable deps ti=<TaskInstance: 3_model_training.train_model manual__2026-03-16T21:10:16.335987+00:00 [queued]>
[2026-03-16T21:10:17.580+0000] {taskinstance.py:2170} INFO - Starting attempt 1 of 2
[2026-03-16T21:10:17.585+0000] {taskinstance.py:2191} INFO - Executing <Task(PythonOperator): train_model> on 2026-03-16 21:10:16.335987+00:00
[2026-03-16T21:10:17.586+0000] {standard_task_runner.py:60} INFO - Started process 952 to run task
[2026-03-16T21:10:17.588+0000] {standard_task_runner.py:87} INFO - Running: ['***', 'tasks', 'run', '3_model_training', 'train_model', 'manual__2026-03-16T21:10:16.335987+00:00', '--job-id', '64', '--raw', '--subdir', 'DAGS_FOLDER/dag_03_data_training.py', '--cfg-path', '/tmp/tmpv5rw6oae']
[2026-03-16T21:10:17.589+0000] {standard_task_runner.py:88} INFO - Job 64: Subtask train_model
[2026-03-16T21:10:17.610+0000] {task_command.py:423} INFO - Running <TaskInstance: 3_model_training.train_model manual__2026-03-16T21:10:16.335987+00:00 [running]> on host 6d4e89ba4db6
[2026-03-16T21:10:17.641+0000] {taskinstance.py:2480} INFO - Exporting env vars: AIRFLOW_CTX_DAG_OWNER='mlops-team' AIRFLOW_CTX_DAG_ID='3_model_training' AIRFLOW_CTX_TASK_ID='train_model' AIRFLOW_CTX_EXECUTION_DATE='2026-03-16T21:10:16.335987+00:00' AIRFLOW_CTX_TRY_NUMBER='1' AIRFLOW_CTX_DAG_RUN_ID='manual__2026-03-16T21:10:16.335987+00:00'
[2026-03-16T21:10:17.926+0000] {dag_03_data_training.py:124} INFO - Train: (5681, 54), Val: (1214, 54), Test: (1225, 54)
[2026-03-16T21:10:17.928+0000] {dag_03_data_training.py:163} INFO - Training random_forest...
[2026-03-16T21:10:18.267+0000] {logging_mixin.py:188} WARNING - /home/***/.local/lib/python3.8/site-packages/sklearn/ensemble/_base.py:214 UserWarning: Loky-backed parallel loops cannot be called in a multiprocessing, setting n_jobs=1
[2026-03-16T21:10:18.289+0000] {dag_03_data_training.py:170} INFO -   random_forest: val_acc=0.9028, val_f1=0.8975
[2026-03-16T21:10:18.289+0000] {dag_03_data_training.py:163} INFO - Training gradient_boosting...
[2026-03-16T21:10:26.014+0000] {dag_03_data_training.py:170} INFO -   gradient_boosting: val_acc=0.9012, val_f1=0.8994
[2026-03-16T21:10:26.015+0000] {logging_mixin.py:188} WARNING - /home/***/.local/lib/python3.8/site-packages/sklearn/ensemble/_base.py:214 UserWarning: Loky-backed parallel loops cannot be called in a multiprocessing, setting n_jobs=1
[2026-03-16T21:10:26.037+0000] {dag_03_data_training.py:188} INFO - Best model: random_forest | test_acc=0.9004, test_f1=0.8940
[2026-03-16T21:10:26.197+0000] {dag_03_data_training.py:210} INFO - Model saved to /tmp/model_package.joblib
[2026-03-16T21:10:26.201+0000] {python.py:201} INFO - Done. Returned value was: None
[2026-03-16T21:10:26.205+0000] {taskinstance.py:1138} INFO - Marking task as SUCCESS. dag_id=3_model_training, task_id=train_model, execution_date=20260316T211016, start_date=20260316T211017, end_date=20260316T211026
[2026-03-16T21:10:26.219+0000] {local_task_job_runner.py:234} INFO - Task exited with return code 0
[2026-03-16T21:10:26.228+0000] {taskinstance.py:3280} INFO - 1 downstream tasks scheduled from follow-on schedule check
