[2026-03-16T03:59:59.761+0000] {taskinstance.py:1956} INFO - Dependencies all met for dep_context=non-requeueable deps ti=<TaskInstance: 3_model_training.train_model manual__2026-03-16T03:59:57.931525+00:00 [queued]>
[2026-03-16T03:59:59.765+0000] {taskinstance.py:1956} INFO - Dependencies all met for dep_context=requeueable deps ti=<TaskInstance: 3_model_training.train_model manual__2026-03-16T03:59:57.931525+00:00 [queued]>
[2026-03-16T03:59:59.765+0000] {taskinstance.py:2170} INFO - Starting attempt 1 of 2
[2026-03-16T03:59:59.769+0000] {taskinstance.py:2191} INFO - Executing <Task(PythonOperator): train_model> on 2026-03-16 03:59:57.931525+00:00
[2026-03-16T03:59:59.770+0000] {standard_task_runner.py:60} INFO - Started process 254 to run task
[2026-03-16T03:59:59.772+0000] {standard_task_runner.py:87} INFO - Running: ['***', 'tasks', 'run', '3_model_training', 'train_model', 'manual__2026-03-16T03:59:57.931525+00:00', '--job-id', '11', '--raw', '--subdir', 'DAGS_FOLDER/dag_03_data_training.py', '--cfg-path', '/tmp/tmp86rxo8s1']
[2026-03-16T03:59:59.773+0000] {standard_task_runner.py:88} INFO - Job 11: Subtask train_model
[2026-03-16T03:59:59.792+0000] {task_command.py:423} INFO - Running <TaskInstance: 3_model_training.train_model manual__2026-03-16T03:59:57.931525+00:00 [running]> on host 9d11552eaf6e
[2026-03-16T03:59:59.821+0000] {taskinstance.py:2480} INFO - Exporting env vars: AIRFLOW_CTX_DAG_OWNER='mlops-team' AIRFLOW_CTX_DAG_ID='3_model_training' AIRFLOW_CTX_TASK_ID='train_model' AIRFLOW_CTX_EXECUTION_DATE='2026-03-16T03:59:57.931525+00:00' AIRFLOW_CTX_TRY_NUMBER='1' AIRFLOW_CTX_DAG_RUN_ID='manual__2026-03-16T03:59:57.931525+00:00'
[2026-03-16T04:00:00.265+0000] {dag_03_data_training.py:124} INFO - Train: (335, 54), Val: (71, 54), Test: (73, 54)
[2026-03-16T04:00:00.267+0000] {dag_03_data_training.py:163} INFO - Training random_forest...
[2026-03-16T04:00:00.510+0000] {logging_mixin.py:188} WARNING - /home/***/.local/lib/python3.8/site-packages/sklearn/ensemble/_base.py:214 UserWarning: Loky-backed parallel loops cannot be called in a multiprocessing, setting n_jobs=1
[2026-03-16T04:00:00.516+0000] {dag_03_data_training.py:170} INFO -   random_forest: val_acc=0.8592, val_f1=0.8550
[2026-03-16T04:00:00.516+0000] {dag_03_data_training.py:163} INFO - Training gradient_boosting...
[2026-03-16T04:00:00.807+0000] {dag_03_data_training.py:170} INFO -   gradient_boosting: val_acc=0.8592, val_f1=0.8592
[2026-03-16T04:00:00.808+0000] {logging_mixin.py:188} WARNING - /home/***/.local/lib/python3.8/site-packages/sklearn/ensemble/_base.py:214 UserWarning: Loky-backed parallel loops cannot be called in a multiprocessing, setting n_jobs=1
[2026-03-16T04:00:00.815+0000] {dag_03_data_training.py:188} INFO - Best model: random_forest | test_acc=0.9041, test_f1=0.8732
[2026-03-16T04:00:00.884+0000] {dag_03_data_training.py:210} INFO - Model saved to /tmp/model_package.joblib
[2026-03-16T04:00:00.885+0000] {python.py:201} INFO - Done. Returned value was: None
[2026-03-16T04:00:00.890+0000] {taskinstance.py:1138} INFO - Marking task as SUCCESS. dag_id=3_model_training, task_id=train_model, execution_date=20260316T035957, start_date=20260316T035959, end_date=20260316T040000
[2026-03-16T04:00:00.940+0000] {local_task_job_runner.py:234} INFO - Task exited with return code 0
[2026-03-16T04:00:00.951+0000] {taskinstance.py:3280} INFO - 1 downstream tasks scheduled from follow-on schedule check
