[2026-03-16T21:08:08.396+0000] {taskinstance.py:1956} INFO - Dependencies all met for dep_context=non-requeueable deps ti=<TaskInstance: 3_model_training.train_model manual__2026-03-16T21:08:06.247068+00:00 [queued]>
[2026-03-16T21:08:08.399+0000] {taskinstance.py:1956} INFO - Dependencies all met for dep_context=requeueable deps ti=<TaskInstance: 3_model_training.train_model manual__2026-03-16T21:08:06.247068+00:00 [queued]>
[2026-03-16T21:08:08.399+0000] {taskinstance.py:2170} INFO - Starting attempt 1 of 2
[2026-03-16T21:08:08.403+0000] {taskinstance.py:2191} INFO - Executing <Task(PythonOperator): train_model> on 2026-03-16 21:08:06.247068+00:00
[2026-03-16T21:08:08.405+0000] {standard_task_runner.py:60} INFO - Started process 732 to run task
[2026-03-16T21:08:08.407+0000] {standard_task_runner.py:87} INFO - Running: ['***', 'tasks', 'run', '3_model_training', 'train_model', 'manual__2026-03-16T21:08:06.247068+00:00', '--job-id', '35', '--raw', '--subdir', 'DAGS_FOLDER/dag_03_data_training.py', '--cfg-path', '/tmp/tmpk3dlou_m']
[2026-03-16T21:08:08.408+0000] {standard_task_runner.py:88} INFO - Job 35: Subtask train_model
[2026-03-16T21:08:08.425+0000] {task_command.py:423} INFO - Running <TaskInstance: 3_model_training.train_model manual__2026-03-16T21:08:06.247068+00:00 [running]> on host 6d4e89ba4db6
[2026-03-16T21:08:08.454+0000] {taskinstance.py:2480} INFO - Exporting env vars: AIRFLOW_CTX_DAG_OWNER='mlops-team' AIRFLOW_CTX_DAG_ID='3_model_training' AIRFLOW_CTX_TASK_ID='train_model' AIRFLOW_CTX_EXECUTION_DATE='2026-03-16T21:08:06.247068+00:00' AIRFLOW_CTX_TRY_NUMBER='1' AIRFLOW_CTX_DAG_RUN_ID='manual__2026-03-16T21:08:06.247068+00:00'
[2026-03-16T21:08:08.685+0000] {dag_03_data_training.py:124} INFO - Train: (4384, 54), Val: (938, 54), Test: (944, 54)
[2026-03-16T21:08:08.687+0000] {dag_03_data_training.py:163} INFO - Training random_forest...
[2026-03-16T21:08:09.017+0000] {logging_mixin.py:188} WARNING - /home/***/.local/lib/python3.8/site-packages/sklearn/ensemble/_base.py:214 UserWarning: Loky-backed parallel loops cannot be called in a multiprocessing, setting n_jobs=1
[2026-03-16T21:08:09.033+0000] {dag_03_data_training.py:170} INFO -   random_forest: val_acc=0.8998, val_f1=0.8927
[2026-03-16T21:08:09.034+0000] {dag_03_data_training.py:163} INFO - Training gradient_boosting...
[2026-03-16T21:08:15.068+0000] {dag_03_data_training.py:170} INFO -   gradient_boosting: val_acc=0.9232, val_f1=0.9203
[2026-03-16T21:08:15.077+0000] {dag_03_data_training.py:188} INFO - Best model: gradient_boosting | test_acc=0.9142, test_f1=0.9131
[2026-03-16T21:08:15.138+0000] {dag_03_data_training.py:210} INFO - Model saved to /tmp/model_package.joblib
[2026-03-16T21:08:15.140+0000] {python.py:201} INFO - Done. Returned value was: None
[2026-03-16T21:08:15.144+0000] {taskinstance.py:1138} INFO - Marking task as SUCCESS. dag_id=3_model_training, task_id=train_model, execution_date=20260316T210806, start_date=20260316T210808, end_date=20260316T210815
[2026-03-16T21:08:15.174+0000] {local_task_job_runner.py:234} INFO - Task exited with return code 0
[2026-03-16T21:08:15.183+0000] {taskinstance.py:3280} INFO - 1 downstream tasks scheduled from follow-on schedule check
