[2026-03-16T03:50:50.836+0000] {taskinstance.py:1956} INFO - Dependencies all met for dep_context=non-requeueable deps ti=<TaskInstance: 2_data_processing.processed_to_ready scheduled__2026-03-16T03:40:00+00:00 [queued]>
[2026-03-16T03:50:50.842+0000] {taskinstance.py:1956} INFO - Dependencies all met for dep_context=requeueable deps ti=<TaskInstance: 2_data_processing.processed_to_ready scheduled__2026-03-16T03:40:00+00:00 [queued]>
[2026-03-16T03:50:50.842+0000] {taskinstance.py:2170} INFO - Starting attempt 1 of 3
[2026-03-16T03:50:50.848+0000] {taskinstance.py:2191} INFO - Executing <Task(PythonOperator): processed_to_ready> on 2026-03-16 03:40:00+00:00
[2026-03-16T03:50:50.850+0000] {standard_task_runner.py:60} INFO - Started process 202 to run task
[2026-03-16T03:50:50.852+0000] {standard_task_runner.py:87} INFO - Running: ['***', 'tasks', 'run', '2_data_processing', 'processed_to_ready', 'scheduled__2026-03-16T03:40:00+00:00', '--job-id', '5', '--raw', '--subdir', 'DAGS_FOLDER/dag_02_data_processing.py', '--cfg-path', '/tmp/tmp_0thpkk4']
[2026-03-16T03:50:50.853+0000] {standard_task_runner.py:88} INFO - Job 5: Subtask processed_to_ready
[2026-03-16T03:50:50.874+0000] {task_command.py:423} INFO - Running <TaskInstance: 2_data_processing.processed_to_ready scheduled__2026-03-16T03:40:00+00:00 [running]> on host a5b790665194
[2026-03-16T03:50:50.909+0000] {taskinstance.py:2480} INFO - Exporting env vars: AIRFLOW_CTX_DAG_OWNER='mlops-team' AIRFLOW_CTX_DAG_ID='2_data_processing' AIRFLOW_CTX_TASK_ID='processed_to_ready' AIRFLOW_CTX_EXECUTION_DATE='2026-03-16T03:40:00+00:00' AIRFLOW_CTX_TRY_NUMBER='1' AIRFLOW_CTX_DAG_RUN_ID='scheduled__2026-03-16T03:40:00+00:00'
[2026-03-16T03:50:50.912+0000] {dag_02_data_processing.py:250} INFO - No new processed records for ready stage
[2026-03-16T03:50:50.912+0000] {python.py:201} INFO - Done. Returned value was: None
[2026-03-16T03:50:50.918+0000] {taskinstance.py:1138} INFO - Marking task as SUCCESS. dag_id=2_data_processing, task_id=processed_to_ready, execution_date=20260316T034000, start_date=20260316T035050, end_date=20260316T035050
[2026-03-16T03:50:50.949+0000] {local_task_job_runner.py:234} INFO - Task exited with return code 0
[2026-03-16T03:50:50.957+0000] {taskinstance.py:3280} INFO - 0 downstream tasks scheduled from follow-on schedule check
[2026-03-16T03:58:39.205+0000] {taskinstance.py:1956} INFO - Dependencies all met for dep_context=non-requeueable deps ti=<TaskInstance: 2_data_processing.processed_to_ready scheduled__2026-03-16T03:40:00+00:00 [queued]>
[2026-03-16T03:58:39.210+0000] {taskinstance.py:1956} INFO - Dependencies all met for dep_context=requeueable deps ti=<TaskInstance: 2_data_processing.processed_to_ready scheduled__2026-03-16T03:40:00+00:00 [queued]>
[2026-03-16T03:58:39.210+0000] {taskinstance.py:2170} INFO - Starting attempt 1 of 3
[2026-03-16T03:58:39.217+0000] {taskinstance.py:2191} INFO - Executing <Task(PythonOperator): processed_to_ready> on 2026-03-16 03:40:00+00:00
[2026-03-16T03:58:39.219+0000] {standard_task_runner.py:60} INFO - Started process 202 to run task
[2026-03-16T03:58:39.221+0000] {standard_task_runner.py:87} INFO - Running: ['***', 'tasks', 'run', '2_data_processing', 'processed_to_ready', 'scheduled__2026-03-16T03:40:00+00:00', '--job-id', '6', '--raw', '--subdir', 'DAGS_FOLDER/dag_02_data_processing.py', '--cfg-path', '/tmp/tmpa8udv586']
[2026-03-16T03:58:39.222+0000] {standard_task_runner.py:88} INFO - Job 6: Subtask processed_to_ready
[2026-03-16T03:58:39.244+0000] {task_command.py:423} INFO - Running <TaskInstance: 2_data_processing.processed_to_ready scheduled__2026-03-16T03:40:00+00:00 [running]> on host 9d11552eaf6e
[2026-03-16T03:58:39.277+0000] {taskinstance.py:2480} INFO - Exporting env vars: AIRFLOW_CTX_DAG_OWNER='mlops-team' AIRFLOW_CTX_DAG_ID='2_data_processing' AIRFLOW_CTX_TASK_ID='processed_to_ready' AIRFLOW_CTX_EXECUTION_DATE='2026-03-16T03:40:00+00:00' AIRFLOW_CTX_TRY_NUMBER='1' AIRFLOW_CTX_DAG_RUN_ID='scheduled__2026-03-16T03:40:00+00:00'
[2026-03-16T03:58:39.280+0000] {dag_02_data_processing.py:250} INFO - No new processed records for ready stage
[2026-03-16T03:58:39.281+0000] {python.py:201} INFO - Done. Returned value was: None
[2026-03-16T03:58:39.286+0000] {taskinstance.py:1138} INFO - Marking task as SUCCESS. dag_id=2_data_processing, task_id=processed_to_ready, execution_date=20260316T034000, start_date=20260316T035839, end_date=20260316T035839
[2026-03-16T03:58:39.317+0000] {local_task_job_runner.py:234} INFO - Task exited with return code 0
[2026-03-16T03:58:39.326+0000] {taskinstance.py:3280} INFO - 0 downstream tasks scheduled from follow-on schedule check
