[2026-03-16T00:00:12.214+0000] {processor.py:161} INFO - Started process (PID=585) to work on /opt/airflow/dags/dag_01_data_collection.py
[2026-03-16T00:00:12.214+0000] {processor.py:830} INFO - Processing file /opt/airflow/dags/dag_01_data_collection.py for tasks to queue
[2026-03-16T00:00:12.215+0000] {logging_mixin.py:188} INFO - [2026-03-16T00:00:12.215+0000] {dagbag.py:538} INFO - Filling up the DagBag from /opt/airflow/dags/dag_01_data_collection.py
[2026-03-16T00:00:12.222+0000] {processor.py:840} INFO - DAG(s) '1_data_collection' retrieved from /opt/airflow/dags/dag_01_data_collection.py
[2026-03-16T00:00:12.269+0000] {logging_mixin.py:188} INFO - [2026-03-16T00:00:12.269+0000] {dag.py:3036} INFO - Sync 1 DAGs
[2026-03-16T00:00:12.282+0000] {processor.py:183} INFO - Processing /opt/airflow/dags/dag_01_data_collection.py took 0.071 seconds
[2026-03-16T00:00:15.262+0000] {processor.py:161} INFO - Started process (PID=590) to work on /opt/airflow/dags/dag_01_data_collection.py
[2026-03-16T00:00:15.263+0000] {processor.py:830} INFO - Processing file /opt/airflow/dags/dag_01_data_collection.py for tasks to queue
[2026-03-16T00:00:15.264+0000] {logging_mixin.py:188} INFO - [2026-03-16T00:00:15.264+0000] {dagbag.py:538} INFO - Filling up the DagBag from /opt/airflow/dags/dag_01_data_collection.py
[2026-03-16T00:00:15.277+0000] {processor.py:840} INFO - DAG(s) '1_data_collection' retrieved from /opt/airflow/dags/dag_01_data_collection.py
[2026-03-16T00:00:15.286+0000] {logging_mixin.py:188} INFO - [2026-03-16T00:00:15.286+0000] {dag.py:3036} INFO - Sync 1 DAGs
[2026-03-16T00:00:15.303+0000] {processor.py:183} INFO - Processing /opt/airflow/dags/dag_01_data_collection.py took 0.044 seconds
[2026-03-16T00:00:45.630+0000] {processor.py:161} INFO - Started process (PID=601) to work on /opt/airflow/dags/dag_01_data_collection.py
[2026-03-16T00:00:45.631+0000] {processor.py:830} INFO - Processing file /opt/airflow/dags/dag_01_data_collection.py for tasks to queue
[2026-03-16T00:00:45.632+0000] {logging_mixin.py:188} INFO - [2026-03-16T00:00:45.631+0000] {dagbag.py:538} INFO - Filling up the DagBag from /opt/airflow/dags/dag_01_data_collection.py
[2026-03-16T00:00:45.643+0000] {processor.py:840} INFO - DAG(s) '1_data_collection' retrieved from /opt/airflow/dags/dag_01_data_collection.py
[2026-03-16T00:00:45.660+0000] {logging_mixin.py:188} INFO - [2026-03-16T00:00:45.659+0000] {dag.py:3036} INFO - Sync 1 DAGs
[2026-03-16T00:00:45.678+0000] {processor.py:183} INFO - Processing /opt/airflow/dags/dag_01_data_collection.py took 0.050 seconds
[2026-03-16T00:01:15.867+0000] {processor.py:161} INFO - Started process (PID=616) to work on /opt/airflow/dags/dag_01_data_collection.py
[2026-03-16T00:01:15.869+0000] {processor.py:830} INFO - Processing file /opt/airflow/dags/dag_01_data_collection.py for tasks to queue
[2026-03-16T00:01:15.869+0000] {logging_mixin.py:188} INFO - [2026-03-16T00:01:15.869+0000] {dagbag.py:538} INFO - Filling up the DagBag from /opt/airflow/dags/dag_01_data_collection.py
[2026-03-16T00:01:15.880+0000] {processor.py:840} INFO - DAG(s) '1_data_collection' retrieved from /opt/airflow/dags/dag_01_data_collection.py
[2026-03-16T00:01:15.899+0000] {logging_mixin.py:188} INFO - [2026-03-16T00:01:15.899+0000] {dag.py:3036} INFO - Sync 1 DAGs
[2026-03-16T00:01:15.911+0000] {logging_mixin.py:188} INFO - [2026-03-16T00:01:15.911+0000] {dag.py:3823} INFO - Setting next_dagrun for 1_data_collection to 2026-03-16 00:00:00+00:00, run_after=2026-03-16 00:05:00+00:00
[2026-03-16T00:01:15.919+0000] {processor.py:183} INFO - Processing /opt/airflow/dags/dag_01_data_collection.py took 0.055 seconds
[2026-03-16T00:01:46.134+0000] {processor.py:161} INFO - Started process (PID=627) to work on /opt/airflow/dags/dag_01_data_collection.py
[2026-03-16T00:01:46.135+0000] {processor.py:830} INFO - Processing file /opt/airflow/dags/dag_01_data_collection.py for tasks to queue
[2026-03-16T00:01:46.135+0000] {logging_mixin.py:188} INFO - [2026-03-16T00:01:46.135+0000] {dagbag.py:538} INFO - Filling up the DagBag from /opt/airflow/dags/dag_01_data_collection.py
[2026-03-16T00:01:46.142+0000] {processor.py:840} INFO - DAG(s) '1_data_collection' retrieved from /opt/airflow/dags/dag_01_data_collection.py
[2026-03-16T00:01:46.155+0000] {logging_mixin.py:188} INFO - [2026-03-16T00:01:46.155+0000] {dag.py:3036} INFO - Sync 1 DAGs
[2026-03-16T00:01:46.166+0000] {logging_mixin.py:188} INFO - [2026-03-16T00:01:46.166+0000] {dag.py:3823} INFO - Setting next_dagrun for 1_data_collection to 2026-03-16 00:00:00+00:00, run_after=2026-03-16 00:05:00+00:00
[2026-03-16T00:01:46.173+0000] {processor.py:183} INFO - Processing /opt/airflow/dags/dag_01_data_collection.py took 0.041 seconds
[2026-03-16T00:02:16.418+0000] {processor.py:161} INFO - Started process (PID=638) to work on /opt/airflow/dags/dag_01_data_collection.py
[2026-03-16T00:02:16.419+0000] {processor.py:830} INFO - Processing file /opt/airflow/dags/dag_01_data_collection.py for tasks to queue
[2026-03-16T00:02:16.419+0000] {logging_mixin.py:188} INFO - [2026-03-16T00:02:16.419+0000] {dagbag.py:538} INFO - Filling up the DagBag from /opt/airflow/dags/dag_01_data_collection.py
[2026-03-16T00:02:16.426+0000] {processor.py:840} INFO - DAG(s) '1_data_collection' retrieved from /opt/airflow/dags/dag_01_data_collection.py
[2026-03-16T00:02:16.441+0000] {logging_mixin.py:188} INFO - [2026-03-16T00:02:16.440+0000] {dag.py:3036} INFO - Sync 1 DAGs
[2026-03-16T00:02:16.452+0000] {logging_mixin.py:188} INFO - [2026-03-16T00:02:16.451+0000] {dag.py:3823} INFO - Setting next_dagrun for 1_data_collection to 2026-03-16 00:00:00+00:00, run_after=2026-03-16 00:05:00+00:00
[2026-03-16T00:02:16.460+0000] {processor.py:183} INFO - Processing /opt/airflow/dags/dag_01_data_collection.py took 0.044 seconds
[2026-03-16T00:02:46.666+0000] {processor.py:161} INFO - Started process (PID=649) to work on /opt/airflow/dags/dag_01_data_collection.py
[2026-03-16T00:02:46.667+0000] {processor.py:830} INFO - Processing file /opt/airflow/dags/dag_01_data_collection.py for tasks to queue
[2026-03-16T00:02:46.668+0000] {logging_mixin.py:188} INFO - [2026-03-16T00:02:46.668+0000] {dagbag.py:538} INFO - Filling up the DagBag from /opt/airflow/dags/dag_01_data_collection.py
[2026-03-16T00:02:46.678+0000] {processor.py:840} INFO - DAG(s) '1_data_collection' retrieved from /opt/airflow/dags/dag_01_data_collection.py
[2026-03-16T00:02:46.698+0000] {logging_mixin.py:188} INFO - [2026-03-16T00:02:46.698+0000] {dag.py:3036} INFO - Sync 1 DAGs
[2026-03-16T00:02:46.711+0000] {logging_mixin.py:188} INFO - [2026-03-16T00:02:46.711+0000] {dag.py:3823} INFO - Setting next_dagrun for 1_data_collection to 2026-03-16 00:00:00+00:00, run_after=2026-03-16 00:05:00+00:00
[2026-03-16T00:02:46.720+0000] {processor.py:183} INFO - Processing /opt/airflow/dags/dag_01_data_collection.py took 0.056 seconds
[2026-03-16T00:03:16.988+0000] {processor.py:161} INFO - Started process (PID=660) to work on /opt/airflow/dags/dag_01_data_collection.py
[2026-03-16T00:03:16.988+0000] {processor.py:830} INFO - Processing file /opt/airflow/dags/dag_01_data_collection.py for tasks to queue
[2026-03-16T00:03:16.989+0000] {logging_mixin.py:188} INFO - [2026-03-16T00:03:16.989+0000] {dagbag.py:538} INFO - Filling up the DagBag from /opt/airflow/dags/dag_01_data_collection.py
[2026-03-16T00:03:16.999+0000] {processor.py:840} INFO - DAG(s) '1_data_collection' retrieved from /opt/airflow/dags/dag_01_data_collection.py
[2026-03-16T00:03:17.020+0000] {logging_mixin.py:188} INFO - [2026-03-16T00:03:17.019+0000] {dag.py:3036} INFO - Sync 1 DAGs
[2026-03-16T00:03:17.030+0000] {logging_mixin.py:188} INFO - [2026-03-16T00:03:17.030+0000] {dag.py:3823} INFO - Setting next_dagrun for 1_data_collection to 2026-03-16 00:00:00+00:00, run_after=2026-03-16 00:05:00+00:00
[2026-03-16T00:03:17.036+0000] {processor.py:183} INFO - Processing /opt/airflow/dags/dag_01_data_collection.py took 0.052 seconds
[2026-03-16T00:03:47.273+0000] {processor.py:161} INFO - Started process (PID=671) to work on /opt/airflow/dags/dag_01_data_collection.py
[2026-03-16T00:03:47.274+0000] {processor.py:830} INFO - Processing file /opt/airflow/dags/dag_01_data_collection.py for tasks to queue
[2026-03-16T00:03:47.274+0000] {logging_mixin.py:188} INFO - [2026-03-16T00:03:47.274+0000] {dagbag.py:538} INFO - Filling up the DagBag from /opt/airflow/dags/dag_01_data_collection.py
[2026-03-16T00:03:47.281+0000] {processor.py:840} INFO - DAG(s) '1_data_collection' retrieved from /opt/airflow/dags/dag_01_data_collection.py
[2026-03-16T00:03:47.296+0000] {logging_mixin.py:188} INFO - [2026-03-16T00:03:47.296+0000] {dag.py:3036} INFO - Sync 1 DAGs
[2026-03-16T00:03:47.307+0000] {logging_mixin.py:188} INFO - [2026-03-16T00:03:47.306+0000] {dag.py:3823} INFO - Setting next_dagrun for 1_data_collection to 2026-03-16 00:00:00+00:00, run_after=2026-03-16 00:05:00+00:00
[2026-03-16T00:03:47.315+0000] {processor.py:183} INFO - Processing /opt/airflow/dags/dag_01_data_collection.py took 0.044 seconds
[2026-03-16T00:04:17.561+0000] {processor.py:161} INFO - Started process (PID=682) to work on /opt/airflow/dags/dag_01_data_collection.py
[2026-03-16T00:04:17.562+0000] {processor.py:830} INFO - Processing file /opt/airflow/dags/dag_01_data_collection.py for tasks to queue
[2026-03-16T00:04:17.563+0000] {logging_mixin.py:188} INFO - [2026-03-16T00:04:17.562+0000] {dagbag.py:538} INFO - Filling up the DagBag from /opt/airflow/dags/dag_01_data_collection.py
[2026-03-16T00:04:17.575+0000] {processor.py:840} INFO - DAG(s) '1_data_collection' retrieved from /opt/airflow/dags/dag_01_data_collection.py
[2026-03-16T00:04:17.597+0000] {logging_mixin.py:188} INFO - [2026-03-16T00:04:17.596+0000] {dag.py:3036} INFO - Sync 1 DAGs
[2026-03-16T00:04:17.610+0000] {logging_mixin.py:188} INFO - [2026-03-16T00:04:17.610+0000] {dag.py:3823} INFO - Setting next_dagrun for 1_data_collection to 2026-03-16 00:00:00+00:00, run_after=2026-03-16 00:05:00+00:00
[2026-03-16T00:04:17.618+0000] {processor.py:183} INFO - Processing /opt/airflow/dags/dag_01_data_collection.py took 0.061 seconds
[2026-03-16T00:04:47.832+0000] {processor.py:161} INFO - Started process (PID=693) to work on /opt/airflow/dags/dag_01_data_collection.py
[2026-03-16T00:04:47.832+0000] {processor.py:830} INFO - Processing file /opt/airflow/dags/dag_01_data_collection.py for tasks to queue
[2026-03-16T00:04:47.833+0000] {logging_mixin.py:188} INFO - [2026-03-16T00:04:47.833+0000] {dagbag.py:538} INFO - Filling up the DagBag from /opt/airflow/dags/dag_01_data_collection.py
[2026-03-16T00:04:47.845+0000] {processor.py:840} INFO - DAG(s) '1_data_collection' retrieved from /opt/airflow/dags/dag_01_data_collection.py
[2026-03-16T00:04:47.863+0000] {logging_mixin.py:188} INFO - [2026-03-16T00:04:47.863+0000] {dag.py:3036} INFO - Sync 1 DAGs
[2026-03-16T00:04:47.875+0000] {logging_mixin.py:188} INFO - [2026-03-16T00:04:47.875+0000] {dag.py:3823} INFO - Setting next_dagrun for 1_data_collection to 2026-03-16 00:00:00+00:00, run_after=2026-03-16 00:05:00+00:00
[2026-03-16T00:04:47.882+0000] {processor.py:183} INFO - Processing /opt/airflow/dags/dag_01_data_collection.py took 0.054 seconds
[2026-03-16T00:05:18.114+0000] {processor.py:161} INFO - Started process (PID=706) to work on /opt/airflow/dags/dag_01_data_collection.py
[2026-03-16T00:05:18.115+0000] {processor.py:830} INFO - Processing file /opt/airflow/dags/dag_01_data_collection.py for tasks to queue
[2026-03-16T00:05:18.116+0000] {logging_mixin.py:188} INFO - [2026-03-16T00:05:18.116+0000] {dagbag.py:538} INFO - Filling up the DagBag from /opt/airflow/dags/dag_01_data_collection.py
[2026-03-16T00:05:18.127+0000] {processor.py:840} INFO - DAG(s) '1_data_collection' retrieved from /opt/airflow/dags/dag_01_data_collection.py
[2026-03-16T00:05:18.146+0000] {logging_mixin.py:188} INFO - [2026-03-16T00:05:18.146+0000] {dag.py:3036} INFO - Sync 1 DAGs
[2026-03-16T00:05:18.163+0000] {processor.py:183} INFO - Processing /opt/airflow/dags/dag_01_data_collection.py took 0.052 seconds
[2026-03-16T00:05:48.405+0000] {processor.py:161} INFO - Started process (PID=717) to work on /opt/airflow/dags/dag_01_data_collection.py
[2026-03-16T00:05:48.406+0000] {processor.py:830} INFO - Processing file /opt/airflow/dags/dag_01_data_collection.py for tasks to queue
[2026-03-16T00:05:48.407+0000] {logging_mixin.py:188} INFO - [2026-03-16T00:05:48.406+0000] {dagbag.py:538} INFO - Filling up the DagBag from /opt/airflow/dags/dag_01_data_collection.py
[2026-03-16T00:05:48.418+0000] {processor.py:840} INFO - DAG(s) '1_data_collection' retrieved from /opt/airflow/dags/dag_01_data_collection.py
[2026-03-16T00:05:48.433+0000] {logging_mixin.py:188} INFO - [2026-03-16T00:05:48.433+0000] {dag.py:3036} INFO - Sync 1 DAGs
[2026-03-16T00:05:48.449+0000] {processor.py:183} INFO - Processing /opt/airflow/dags/dag_01_data_collection.py took 0.047 seconds
[2026-03-16T00:06:18.697+0000] {processor.py:161} INFO - Started process (PID=732) to work on /opt/airflow/dags/dag_01_data_collection.py
[2026-03-16T00:06:18.698+0000] {processor.py:830} INFO - Processing file /opt/airflow/dags/dag_01_data_collection.py for tasks to queue
[2026-03-16T00:06:18.698+0000] {logging_mixin.py:188} INFO - [2026-03-16T00:06:18.698+0000] {dagbag.py:538} INFO - Filling up the DagBag from /opt/airflow/dags/dag_01_data_collection.py
[2026-03-16T00:06:18.710+0000] {processor.py:840} INFO - DAG(s) '1_data_collection' retrieved from /opt/airflow/dags/dag_01_data_collection.py
[2026-03-16T00:06:18.726+0000] {logging_mixin.py:188} INFO - [2026-03-16T00:06:18.726+0000] {dag.py:3036} INFO - Sync 1 DAGs
[2026-03-16T00:06:18.737+0000] {logging_mixin.py:188} INFO - [2026-03-16T00:06:18.737+0000] {dag.py:3823} INFO - Setting next_dagrun for 1_data_collection to 2026-03-16 00:05:00+00:00, run_after=2026-03-16 00:10:00+00:00
[2026-03-16T00:06:18.745+0000] {processor.py:183} INFO - Processing /opt/airflow/dags/dag_01_data_collection.py took 0.051 seconds
[2026-03-16T00:06:48.961+0000] {processor.py:161} INFO - Started process (PID=743) to work on /opt/airflow/dags/dag_01_data_collection.py
[2026-03-16T00:06:48.961+0000] {processor.py:830} INFO - Processing file /opt/airflow/dags/dag_01_data_collection.py for tasks to queue
[2026-03-16T00:06:48.962+0000] {logging_mixin.py:188} INFO - [2026-03-16T00:06:48.962+0000] {dagbag.py:538} INFO - Filling up the DagBag from /opt/airflow/dags/dag_01_data_collection.py
[2026-03-16T00:06:48.972+0000] {processor.py:840} INFO - DAG(s) '1_data_collection' retrieved from /opt/airflow/dags/dag_01_data_collection.py
[2026-03-16T00:06:48.991+0000] {logging_mixin.py:188} INFO - [2026-03-16T00:06:48.991+0000] {dag.py:3036} INFO - Sync 1 DAGs
[2026-03-16T00:06:49.003+0000] {logging_mixin.py:188} INFO - [2026-03-16T00:06:49.003+0000] {dag.py:3823} INFO - Setting next_dagrun for 1_data_collection to 2026-03-16 00:05:00+00:00, run_after=2026-03-16 00:10:00+00:00
[2026-03-16T00:06:49.011+0000] {processor.py:183} INFO - Processing /opt/airflow/dags/dag_01_data_collection.py took 0.053 seconds
[2026-03-16T00:07:15.214+0000] {processor.py:161} INFO - Started process (PID=754) to work on /opt/airflow/dags/dag_01_data_collection.py
[2026-03-16T00:07:15.215+0000] {processor.py:830} INFO - Processing file /opt/airflow/dags/dag_01_data_collection.py for tasks to queue
[2026-03-16T00:07:15.216+0000] {logging_mixin.py:188} INFO - [2026-03-16T00:07:15.215+0000] {dagbag.py:538} INFO - Filling up the DagBag from /opt/airflow/dags/dag_01_data_collection.py
[2026-03-16T00:07:15.229+0000] {processor.py:840} INFO - DAG(s) '1_data_collection' retrieved from /opt/airflow/dags/dag_01_data_collection.py
[2026-03-16T00:07:15.279+0000] {logging_mixin.py:188} INFO - [2026-03-16T00:07:15.279+0000] {dag.py:3036} INFO - Sync 1 DAGs
[2026-03-16T00:07:15.288+0000] {logging_mixin.py:188} INFO - [2026-03-16T00:07:15.288+0000] {dag.py:3823} INFO - Setting next_dagrun for 1_data_collection to 2026-03-16 00:06:30+00:00, run_after=2026-03-16 00:07:00+00:00
[2026-03-16T00:07:15.296+0000] {processor.py:183} INFO - Processing /opt/airflow/dags/dag_01_data_collection.py took 0.085 seconds
[2026-03-16T00:07:45.518+0000] {processor.py:161} INFO - Started process (PID=773) to work on /opt/airflow/dags/dag_01_data_collection.py
[2026-03-16T00:07:45.520+0000] {processor.py:830} INFO - Processing file /opt/airflow/dags/dag_01_data_collection.py for tasks to queue
[2026-03-16T00:07:45.522+0000] {logging_mixin.py:188} INFO - [2026-03-16T00:07:45.521+0000] {dagbag.py:538} INFO - Filling up the DagBag from /opt/airflow/dags/dag_01_data_collection.py
[2026-03-16T00:07:45.533+0000] {processor.py:840} INFO - DAG(s) '1_data_collection' retrieved from /opt/airflow/dags/dag_01_data_collection.py
[2026-03-16T00:07:45.548+0000] {logging_mixin.py:188} INFO - [2026-03-16T00:07:45.548+0000] {dag.py:3036} INFO - Sync 1 DAGs
[2026-03-16T00:07:45.558+0000] {logging_mixin.py:188} INFO - [2026-03-16T00:07:45.558+0000] {dag.py:3823} INFO - Setting next_dagrun for 1_data_collection to 2026-03-16 00:07:30+00:00, run_after=2026-03-16 00:08:00+00:00
[2026-03-16T00:07:45.565+0000] {processor.py:183} INFO - Processing /opt/airflow/dags/dag_01_data_collection.py took 0.051 seconds
[2026-03-16T00:08:15.820+0000] {processor.py:161} INFO - Started process (PID=788) to work on /opt/airflow/dags/dag_01_data_collection.py
[2026-03-16T00:08:15.821+0000] {processor.py:830} INFO - Processing file /opt/airflow/dags/dag_01_data_collection.py for tasks to queue
[2026-03-16T00:08:15.821+0000] {logging_mixin.py:188} INFO - [2026-03-16T00:08:15.821+0000] {dagbag.py:538} INFO - Filling up the DagBag from /opt/airflow/dags/dag_01_data_collection.py
[2026-03-16T00:08:15.829+0000] {processor.py:840} INFO - DAG(s) '1_data_collection' retrieved from /opt/airflow/dags/dag_01_data_collection.py
[2026-03-16T00:08:15.845+0000] {logging_mixin.py:188} INFO - [2026-03-16T00:08:15.845+0000] {dag.py:3036} INFO - Sync 1 DAGs
[2026-03-16T00:08:15.856+0000] {logging_mixin.py:188} INFO - [2026-03-16T00:08:15.855+0000] {dag.py:3823} INFO - Setting next_dagrun for 1_data_collection to 2026-03-16 00:08:00+00:00, run_after=2026-03-16 00:08:30+00:00
[2026-03-16T00:08:15.869+0000] {processor.py:183} INFO - Processing /opt/airflow/dags/dag_01_data_collection.py took 0.052 seconds
[2026-03-16T00:08:46.101+0000] {processor.py:161} INFO - Started process (PID=803) to work on /opt/airflow/dags/dag_01_data_collection.py
[2026-03-16T00:08:46.102+0000] {processor.py:830} INFO - Processing file /opt/airflow/dags/dag_01_data_collection.py for tasks to queue
[2026-03-16T00:08:46.103+0000] {logging_mixin.py:188} INFO - [2026-03-16T00:08:46.102+0000] {dagbag.py:538} INFO - Filling up the DagBag from /opt/airflow/dags/dag_01_data_collection.py
[2026-03-16T00:08:46.109+0000] {processor.py:840} INFO - DAG(s) '1_data_collection' retrieved from /opt/airflow/dags/dag_01_data_collection.py
[2026-03-16T00:08:46.122+0000] {logging_mixin.py:188} INFO - [2026-03-16T00:08:46.122+0000] {dag.py:3036} INFO - Sync 1 DAGs
[2026-03-16T00:08:46.131+0000] {logging_mixin.py:188} INFO - [2026-03-16T00:08:46.131+0000] {dag.py:3823} INFO - Setting next_dagrun for 1_data_collection to 2026-03-16 00:08:30+00:00, run_after=2026-03-16 00:09:00+00:00
[2026-03-16T00:08:46.138+0000] {processor.py:183} INFO - Processing /opt/airflow/dags/dag_01_data_collection.py took 0.038 seconds
[2026-03-16T00:09:16.400+0000] {processor.py:161} INFO - Started process (PID=818) to work on /opt/airflow/dags/dag_01_data_collection.py
[2026-03-16T00:09:16.401+0000] {processor.py:830} INFO - Processing file /opt/airflow/dags/dag_01_data_collection.py for tasks to queue
[2026-03-16T00:09:16.402+0000] {logging_mixin.py:188} INFO - [2026-03-16T00:09:16.402+0000] {dagbag.py:538} INFO - Filling up the DagBag from /opt/airflow/dags/dag_01_data_collection.py
[2026-03-16T00:09:16.415+0000] {processor.py:840} INFO - DAG(s) '1_data_collection' retrieved from /opt/airflow/dags/dag_01_data_collection.py
[2026-03-16T00:09:16.472+0000] {logging_mixin.py:188} INFO - [2026-03-16T00:09:16.472+0000] {dag.py:3036} INFO - Sync 1 DAGs
[2026-03-16T00:09:16.480+0000] {logging_mixin.py:188} INFO - [2026-03-16T00:09:16.480+0000] {dag.py:3823} INFO - Setting next_dagrun for 1_data_collection to 2026-03-16 00:05:00+00:00, run_after=2026-03-16 00:10:00+00:00
[2026-03-16T00:09:16.488+0000] {processor.py:183} INFO - Processing /opt/airflow/dags/dag_01_data_collection.py took 0.090 seconds
[2026-03-16T00:09:46.704+0000] {processor.py:161} INFO - Started process (PID=829) to work on /opt/airflow/dags/dag_01_data_collection.py
[2026-03-16T00:09:46.705+0000] {processor.py:830} INFO - Processing file /opt/airflow/dags/dag_01_data_collection.py for tasks to queue
[2026-03-16T00:09:46.706+0000] {logging_mixin.py:188} INFO - [2026-03-16T00:09:46.706+0000] {dagbag.py:538} INFO - Filling up the DagBag from /opt/airflow/dags/dag_01_data_collection.py
[2026-03-16T00:09:46.716+0000] {processor.py:840} INFO - DAG(s) '1_data_collection' retrieved from /opt/airflow/dags/dag_01_data_collection.py
[2026-03-16T00:09:46.736+0000] {logging_mixin.py:188} INFO - [2026-03-16T00:09:46.736+0000] {dag.py:3036} INFO - Sync 1 DAGs
[2026-03-16T00:09:46.746+0000] {logging_mixin.py:188} INFO - [2026-03-16T00:09:46.746+0000] {dag.py:3823} INFO - Setting next_dagrun for 1_data_collection to 2026-03-16 00:05:00+00:00, run_after=2026-03-16 00:10:00+00:00
[2026-03-16T00:09:46.753+0000] {processor.py:183} INFO - Processing /opt/airflow/dags/dag_01_data_collection.py took 0.052 seconds
[2026-03-16T00:10:16.998+0000] {processor.py:161} INFO - Started process (PID=844) to work on /opt/airflow/dags/dag_01_data_collection.py
[2026-03-16T00:10:16.999+0000] {processor.py:830} INFO - Processing file /opt/airflow/dags/dag_01_data_collection.py for tasks to queue
[2026-03-16T00:10:17.000+0000] {logging_mixin.py:188} INFO - [2026-03-16T00:10:17.000+0000] {dagbag.py:538} INFO - Filling up the DagBag from /opt/airflow/dags/dag_01_data_collection.py
[2026-03-16T00:10:17.015+0000] {processor.py:840} INFO - DAG(s) '1_data_collection' retrieved from /opt/airflow/dags/dag_01_data_collection.py
[2026-03-16T00:10:17.037+0000] {logging_mixin.py:188} INFO - [2026-03-16T00:10:17.037+0000] {dag.py:3036} INFO - Sync 1 DAGs
[2026-03-16T00:10:17.054+0000] {logging_mixin.py:188} INFO - [2026-03-16T00:10:17.054+0000] {dag.py:3823} INFO - Setting next_dagrun for 1_data_collection to 2026-03-16 00:05:00+00:00, run_after=2026-03-16 00:10:00+00:00
[2026-03-16T00:10:17.066+0000] {processor.py:183} INFO - Processing /opt/airflow/dags/dag_01_data_collection.py took 0.071 seconds
[2026-03-16T00:10:47.212+0000] {processor.py:161} INFO - Started process (PID=855) to work on /opt/airflow/dags/dag_01_data_collection.py
[2026-03-16T00:10:47.213+0000] {processor.py:830} INFO - Processing file /opt/airflow/dags/dag_01_data_collection.py for tasks to queue
[2026-03-16T00:10:47.213+0000] {logging_mixin.py:188} INFO - [2026-03-16T00:10:47.213+0000] {dagbag.py:538} INFO - Filling up the DagBag from /opt/airflow/dags/dag_01_data_collection.py
[2026-03-16T00:10:47.220+0000] {processor.py:840} INFO - DAG(s) '1_data_collection' retrieved from /opt/airflow/dags/dag_01_data_collection.py
[2026-03-16T00:10:47.237+0000] {logging_mixin.py:188} INFO - [2026-03-16T00:10:47.237+0000] {dag.py:3036} INFO - Sync 1 DAGs
[2026-03-16T00:10:47.250+0000] {logging_mixin.py:188} INFO - [2026-03-16T00:10:47.250+0000] {dag.py:3823} INFO - Setting next_dagrun for 1_data_collection to 2026-03-16 00:05:00+00:00, run_after=2026-03-16 00:10:00+00:00
[2026-03-16T00:10:47.260+0000] {processor.py:183} INFO - Processing /opt/airflow/dags/dag_01_data_collection.py took 0.051 seconds
[2026-03-16T00:11:17.477+0000] {processor.py:161} INFO - Started process (PID=866) to work on /opt/airflow/dags/dag_01_data_collection.py
[2026-03-16T00:11:17.478+0000] {processor.py:830} INFO - Processing file /opt/airflow/dags/dag_01_data_collection.py for tasks to queue
[2026-03-16T00:11:17.478+0000] {logging_mixin.py:188} INFO - [2026-03-16T00:11:17.478+0000] {dagbag.py:538} INFO - Filling up the DagBag from /opt/airflow/dags/dag_01_data_collection.py
[2026-03-16T00:11:17.484+0000] {processor.py:840} INFO - DAG(s) '1_data_collection' retrieved from /opt/airflow/dags/dag_01_data_collection.py
[2026-03-16T00:11:17.500+0000] {logging_mixin.py:188} INFO - [2026-03-16T00:11:17.499+0000] {dag.py:3036} INFO - Sync 1 DAGs
[2026-03-16T00:11:17.510+0000] {logging_mixin.py:188} INFO - [2026-03-16T00:11:17.510+0000] {dag.py:3823} INFO - Setting next_dagrun for 1_data_collection to 2026-03-16 00:05:00+00:00, run_after=2026-03-16 00:10:00+00:00
[2026-03-16T00:11:17.518+0000] {processor.py:183} INFO - Processing /opt/airflow/dags/dag_01_data_collection.py took 0.042 seconds
[2026-03-16T00:11:47.697+0000] {processor.py:161} INFO - Started process (PID=877) to work on /opt/airflow/dags/dag_01_data_collection.py
[2026-03-16T00:11:47.698+0000] {processor.py:830} INFO - Processing file /opt/airflow/dags/dag_01_data_collection.py for tasks to queue
[2026-03-16T00:11:47.699+0000] {logging_mixin.py:188} INFO - [2026-03-16T00:11:47.699+0000] {dagbag.py:538} INFO - Filling up the DagBag from /opt/airflow/dags/dag_01_data_collection.py
[2026-03-16T00:11:47.705+0000] {processor.py:840} INFO - DAG(s) '1_data_collection' retrieved from /opt/airflow/dags/dag_01_data_collection.py
[2026-03-16T00:11:47.719+0000] {logging_mixin.py:188} INFO - [2026-03-16T00:11:47.719+0000] {dag.py:3036} INFO - Sync 1 DAGs
[2026-03-16T00:11:47.729+0000] {logging_mixin.py:188} INFO - [2026-03-16T00:11:47.729+0000] {dag.py:3823} INFO - Setting next_dagrun for 1_data_collection to 2026-03-16 00:05:00+00:00, run_after=2026-03-16 00:10:00+00:00
[2026-03-16T00:11:47.737+0000] {processor.py:183} INFO - Processing /opt/airflow/dags/dag_01_data_collection.py took 0.042 seconds
[2026-03-16T00:12:17.920+0000] {processor.py:161} INFO - Started process (PID=888) to work on /opt/airflow/dags/dag_01_data_collection.py
[2026-03-16T00:12:17.921+0000] {processor.py:830} INFO - Processing file /opt/airflow/dags/dag_01_data_collection.py for tasks to queue
[2026-03-16T00:12:17.922+0000] {logging_mixin.py:188} INFO - [2026-03-16T00:12:17.921+0000] {dagbag.py:538} INFO - Filling up the DagBag from /opt/airflow/dags/dag_01_data_collection.py
[2026-03-16T00:12:17.930+0000] {processor.py:840} INFO - DAG(s) '1_data_collection' retrieved from /opt/airflow/dags/dag_01_data_collection.py
[2026-03-16T00:12:17.947+0000] {logging_mixin.py:188} INFO - [2026-03-16T00:12:17.947+0000] {dag.py:3036} INFO - Sync 1 DAGs
[2026-03-16T00:12:17.959+0000] {logging_mixin.py:188} INFO - [2026-03-16T00:12:17.958+0000] {dag.py:3823} INFO - Setting next_dagrun for 1_data_collection to 2026-03-16 00:05:00+00:00, run_after=2026-03-16 00:10:00+00:00
[2026-03-16T00:12:17.966+0000] {processor.py:183} INFO - Processing /opt/airflow/dags/dag_01_data_collection.py took 0.048 seconds
[2026-03-16T00:12:48.189+0000] {processor.py:161} INFO - Started process (PID=899) to work on /opt/airflow/dags/dag_01_data_collection.py
[2026-03-16T00:12:48.190+0000] {processor.py:830} INFO - Processing file /opt/airflow/dags/dag_01_data_collection.py for tasks to queue
[2026-03-16T00:12:48.191+0000] {logging_mixin.py:188} INFO - [2026-03-16T00:12:48.191+0000] {dagbag.py:538} INFO - Filling up the DagBag from /opt/airflow/dags/dag_01_data_collection.py
[2026-03-16T00:12:48.208+0000] {processor.py:840} INFO - DAG(s) '1_data_collection' retrieved from /opt/airflow/dags/dag_01_data_collection.py
[2026-03-16T00:12:48.230+0000] {logging_mixin.py:188} INFO - [2026-03-16T00:12:48.230+0000] {dag.py:3036} INFO - Sync 1 DAGs
[2026-03-16T00:12:48.249+0000] {logging_mixin.py:188} INFO - [2026-03-16T00:12:48.249+0000] {dag.py:3823} INFO - Setting next_dagrun for 1_data_collection to 2026-03-16 00:05:00+00:00, run_after=2026-03-16 00:10:00+00:00
[2026-03-16T00:12:48.258+0000] {processor.py:183} INFO - Processing /opt/airflow/dags/dag_01_data_collection.py took 0.074 seconds
[2026-03-16T00:13:18.569+0000] {processor.py:161} INFO - Started process (PID=910) to work on /opt/airflow/dags/dag_01_data_collection.py
[2026-03-16T00:13:18.570+0000] {processor.py:830} INFO - Processing file /opt/airflow/dags/dag_01_data_collection.py for tasks to queue
[2026-03-16T00:13:18.571+0000] {logging_mixin.py:188} INFO - [2026-03-16T00:13:18.571+0000] {dagbag.py:538} INFO - Filling up the DagBag from /opt/airflow/dags/dag_01_data_collection.py
[2026-03-16T00:13:18.587+0000] {processor.py:840} INFO - DAG(s) '1_data_collection' retrieved from /opt/airflow/dags/dag_01_data_collection.py
[2026-03-16T00:13:18.605+0000] {logging_mixin.py:188} INFO - [2026-03-16T00:13:18.605+0000] {dag.py:3036} INFO - Sync 1 DAGs
[2026-03-16T00:13:18.618+0000] {logging_mixin.py:188} INFO - [2026-03-16T00:13:18.618+0000] {dag.py:3823} INFO - Setting next_dagrun for 1_data_collection to 2026-03-16 00:05:00+00:00, run_after=2026-03-16 00:10:00+00:00
[2026-03-16T00:13:18.626+0000] {processor.py:183} INFO - Processing /opt/airflow/dags/dag_01_data_collection.py took 0.061 seconds
[2026-03-16T00:13:48.898+0000] {processor.py:161} INFO - Started process (PID=921) to work on /opt/airflow/dags/dag_01_data_collection.py
[2026-03-16T00:13:48.899+0000] {processor.py:830} INFO - Processing file /opt/airflow/dags/dag_01_data_collection.py for tasks to queue
[2026-03-16T00:13:48.900+0000] {logging_mixin.py:188} INFO - [2026-03-16T00:13:48.899+0000] {dagbag.py:538} INFO - Filling up the DagBag from /opt/airflow/dags/dag_01_data_collection.py
[2026-03-16T00:13:48.909+0000] {processor.py:840} INFO - DAG(s) '1_data_collection' retrieved from /opt/airflow/dags/dag_01_data_collection.py
[2026-03-16T00:13:48.924+0000] {logging_mixin.py:188} INFO - [2026-03-16T00:13:48.924+0000] {dag.py:3036} INFO - Sync 1 DAGs
[2026-03-16T00:13:48.935+0000] {logging_mixin.py:188} INFO - [2026-03-16T00:13:48.935+0000] {dag.py:3823} INFO - Setting next_dagrun for 1_data_collection to 2026-03-16 00:05:00+00:00, run_after=2026-03-16 00:10:00+00:00
[2026-03-16T00:13:48.943+0000] {processor.py:183} INFO - Processing /opt/airflow/dags/dag_01_data_collection.py took 0.048 seconds
[2026-03-16T00:14:19.168+0000] {processor.py:161} INFO - Started process (PID=932) to work on /opt/airflow/dags/dag_01_data_collection.py
[2026-03-16T00:14:19.169+0000] {processor.py:830} INFO - Processing file /opt/airflow/dags/dag_01_data_collection.py for tasks to queue
[2026-03-16T00:14:19.170+0000] {logging_mixin.py:188} INFO - [2026-03-16T00:14:19.170+0000] {dagbag.py:538} INFO - Filling up the DagBag from /opt/airflow/dags/dag_01_data_collection.py
[2026-03-16T00:14:19.180+0000] {processor.py:840} INFO - DAG(s) '1_data_collection' retrieved from /opt/airflow/dags/dag_01_data_collection.py
[2026-03-16T00:14:19.196+0000] {logging_mixin.py:188} INFO - [2026-03-16T00:14:19.196+0000] {dag.py:3036} INFO - Sync 1 DAGs
[2026-03-16T00:14:19.207+0000] {logging_mixin.py:188} INFO - [2026-03-16T00:14:19.207+0000] {dag.py:3823} INFO - Setting next_dagrun for 1_data_collection to 2026-03-16 00:05:00+00:00, run_after=2026-03-16 00:10:00+00:00
[2026-03-16T00:14:19.215+0000] {processor.py:183} INFO - Processing /opt/airflow/dags/dag_01_data_collection.py took 0.049 seconds
[2026-03-16T00:14:49.455+0000] {processor.py:161} INFO - Started process (PID=943) to work on /opt/airflow/dags/dag_01_data_collection.py
[2026-03-16T00:14:49.456+0000] {processor.py:830} INFO - Processing file /opt/airflow/dags/dag_01_data_collection.py for tasks to queue
[2026-03-16T00:14:49.457+0000] {logging_mixin.py:188} INFO - [2026-03-16T00:14:49.456+0000] {dagbag.py:538} INFO - Filling up the DagBag from /opt/airflow/dags/dag_01_data_collection.py
[2026-03-16T00:14:49.466+0000] {processor.py:840} INFO - DAG(s) '1_data_collection' retrieved from /opt/airflow/dags/dag_01_data_collection.py
[2026-03-16T00:14:49.482+0000] {logging_mixin.py:188} INFO - [2026-03-16T00:14:49.482+0000] {dag.py:3036} INFO - Sync 1 DAGs
[2026-03-16T00:14:49.492+0000] {logging_mixin.py:188} INFO - [2026-03-16T00:14:49.492+0000] {dag.py:3823} INFO - Setting next_dagrun for 1_data_collection to 2026-03-16 00:05:00+00:00, run_after=2026-03-16 00:10:00+00:00
[2026-03-16T00:14:49.499+0000] {processor.py:183} INFO - Processing /opt/airflow/dags/dag_01_data_collection.py took 0.047 seconds
[2026-03-16T00:15:19.749+0000] {processor.py:161} INFO - Started process (PID=958) to work on /opt/airflow/dags/dag_01_data_collection.py
[2026-03-16T00:15:19.750+0000] {processor.py:830} INFO - Processing file /opt/airflow/dags/dag_01_data_collection.py for tasks to queue
[2026-03-16T00:15:19.750+0000] {logging_mixin.py:188} INFO - [2026-03-16T00:15:19.750+0000] {dagbag.py:538} INFO - Filling up the DagBag from /opt/airflow/dags/dag_01_data_collection.py
[2026-03-16T00:15:19.761+0000] {processor.py:840} INFO - DAG(s) '1_data_collection' retrieved from /opt/airflow/dags/dag_01_data_collection.py
[2026-03-16T00:15:19.778+0000] {logging_mixin.py:188} INFO - [2026-03-16T00:15:19.778+0000] {dag.py:3036} INFO - Sync 1 DAGs
[2026-03-16T00:15:19.788+0000] {logging_mixin.py:188} INFO - [2026-03-16T00:15:19.788+0000] {dag.py:3823} INFO - Setting next_dagrun for 1_data_collection to 2026-03-16 00:15:00+00:00, run_after=2026-03-16 00:20:00+00:00
[2026-03-16T00:15:19.796+0000] {processor.py:183} INFO - Processing /opt/airflow/dags/dag_01_data_collection.py took 0.050 seconds
[2026-03-16T00:15:32.900+0000] {processor.py:161} INFO - Started process (PID=963) to work on /opt/airflow/dags/dag_01_data_collection.py
[2026-03-16T00:15:32.902+0000] {processor.py:830} INFO - Processing file /opt/airflow/dags/dag_01_data_collection.py for tasks to queue
[2026-03-16T00:15:32.903+0000] {logging_mixin.py:188} INFO - [2026-03-16T00:15:32.902+0000] {dagbag.py:538} INFO - Filling up the DagBag from /opt/airflow/dags/dag_01_data_collection.py
[2026-03-16T00:15:32.921+0000] {processor.py:840} INFO - DAG(s) '1_data_collection' retrieved from /opt/airflow/dags/dag_01_data_collection.py
[2026-03-16T00:15:32.940+0000] {logging_mixin.py:188} INFO - [2026-03-16T00:15:32.940+0000] {dag.py:3036} INFO - Sync 1 DAGs
[2026-03-16T00:15:32.953+0000] {logging_mixin.py:188} INFO - [2026-03-16T00:15:32.953+0000] {dag.py:3823} INFO - Setting next_dagrun for 1_data_collection to 2026-03-16 00:15:00+00:00, run_after=2026-03-16 00:20:00+00:00
[2026-03-16T00:15:32.962+0000] {processor.py:183} INFO - Processing /opt/airflow/dags/dag_01_data_collection.py took 0.066 seconds
[2026-03-16T00:16:03.173+0000] {processor.py:161} INFO - Started process (PID=975) to work on /opt/airflow/dags/dag_01_data_collection.py
[2026-03-16T00:16:03.174+0000] {processor.py:830} INFO - Processing file /opt/airflow/dags/dag_01_data_collection.py for tasks to queue
[2026-03-16T00:16:03.175+0000] {logging_mixin.py:188} INFO - [2026-03-16T00:16:03.174+0000] {dagbag.py:538} INFO - Filling up the DagBag from /opt/airflow/dags/dag_01_data_collection.py
[2026-03-16T00:16:03.182+0000] {processor.py:840} INFO - DAG(s) '1_data_collection' retrieved from /opt/airflow/dags/dag_01_data_collection.py
[2026-03-16T00:16:03.197+0000] {logging_mixin.py:188} INFO - [2026-03-16T00:16:03.197+0000] {dag.py:3036} INFO - Sync 1 DAGs
[2026-03-16T00:16:03.216+0000] {logging_mixin.py:188} INFO - [2026-03-16T00:16:03.216+0000] {dag.py:3823} INFO - Setting next_dagrun for 1_data_collection to 2026-03-16 00:15:00+00:00, run_after=2026-03-16 00:20:00+00:00
[2026-03-16T00:16:03.224+0000] {processor.py:183} INFO - Processing /opt/airflow/dags/dag_01_data_collection.py took 0.053 seconds
[2026-03-16T00:16:33.453+0000] {processor.py:161} INFO - Started process (PID=990) to work on /opt/airflow/dags/dag_01_data_collection.py
[2026-03-16T00:16:33.454+0000] {processor.py:830} INFO - Processing file /opt/airflow/dags/dag_01_data_collection.py for tasks to queue
[2026-03-16T00:16:33.455+0000] {logging_mixin.py:188} INFO - [2026-03-16T00:16:33.455+0000] {dagbag.py:538} INFO - Filling up the DagBag from /opt/airflow/dags/dag_01_data_collection.py
[2026-03-16T00:16:33.466+0000] {processor.py:840} INFO - DAG(s) '1_data_collection' retrieved from /opt/airflow/dags/dag_01_data_collection.py
[2026-03-16T00:16:33.482+0000] {logging_mixin.py:188} INFO - [2026-03-16T00:16:33.482+0000] {dag.py:3036} INFO - Sync 1 DAGs
[2026-03-16T00:16:33.493+0000] {logging_mixin.py:188} INFO - [2026-03-16T00:16:33.493+0000] {dag.py:3823} INFO - Setting next_dagrun for 1_data_collection to 2026-03-16 00:15:00+00:00, run_after=2026-03-16 00:20:00+00:00
[2026-03-16T00:16:33.500+0000] {processor.py:183} INFO - Processing /opt/airflow/dags/dag_01_data_collection.py took 0.050 seconds
[2026-03-16T00:17:03.732+0000] {processor.py:161} INFO - Started process (PID=1001) to work on /opt/airflow/dags/dag_01_data_collection.py
[2026-03-16T00:17:03.734+0000] {processor.py:830} INFO - Processing file /opt/airflow/dags/dag_01_data_collection.py for tasks to queue
[2026-03-16T00:17:03.735+0000] {logging_mixin.py:188} INFO - [2026-03-16T00:17:03.735+0000] {dagbag.py:538} INFO - Filling up the DagBag from /opt/airflow/dags/dag_01_data_collection.py
[2026-03-16T00:17:03.746+0000] {processor.py:840} INFO - DAG(s) '1_data_collection' retrieved from /opt/airflow/dags/dag_01_data_collection.py
[2026-03-16T00:17:03.762+0000] {logging_mixin.py:188} INFO - [2026-03-16T00:17:03.762+0000] {dag.py:3036} INFO - Sync 1 DAGs
[2026-03-16T00:17:03.772+0000] {logging_mixin.py:188} INFO - [2026-03-16T00:17:03.772+0000] {dag.py:3823} INFO - Setting next_dagrun for 1_data_collection to 2026-03-16 00:15:00+00:00, run_after=2026-03-16 00:20:00+00:00
[2026-03-16T00:17:03.779+0000] {processor.py:183} INFO - Processing /opt/airflow/dags/dag_01_data_collection.py took 0.051 seconds
[2026-03-16T00:17:11.836+0000] {processor.py:161} INFO - Started process (PID=1012) to work on /opt/airflow/dags/dag_01_data_collection.py
[2026-03-16T00:17:11.837+0000] {processor.py:830} INFO - Processing file /opt/airflow/dags/dag_01_data_collection.py for tasks to queue
[2026-03-16T00:17:11.838+0000] {logging_mixin.py:188} INFO - [2026-03-16T00:17:11.838+0000] {dagbag.py:538} INFO - Filling up the DagBag from /opt/airflow/dags/dag_01_data_collection.py
[2026-03-16T00:17:11.848+0000] {processor.py:840} INFO - DAG(s) '1_data_collection' retrieved from /opt/airflow/dags/dag_01_data_collection.py
[2026-03-16T00:17:11.864+0000] {logging_mixin.py:188} INFO - [2026-03-16T00:17:11.864+0000] {dag.py:3036} INFO - Sync 1 DAGs
[2026-03-16T00:17:11.874+0000] {logging_mixin.py:188} INFO - [2026-03-16T00:17:11.874+0000] {dag.py:3823} INFO - Setting next_dagrun for 1_data_collection to 2026-03-16 00:15:00+00:00, run_after=2026-03-16 00:20:00+00:00
[2026-03-16T00:17:11.882+0000] {processor.py:183} INFO - Processing /opt/airflow/dags/dag_01_data_collection.py took 0.048 seconds
[2026-03-16T00:17:42.137+0000] {processor.py:161} INFO - Started process (PID=1023) to work on /opt/airflow/dags/dag_01_data_collection.py
[2026-03-16T00:17:42.138+0000] {processor.py:830} INFO - Processing file /opt/airflow/dags/dag_01_data_collection.py for tasks to queue
[2026-03-16T00:17:42.139+0000] {logging_mixin.py:188} INFO - [2026-03-16T00:17:42.139+0000] {dagbag.py:538} INFO - Filling up the DagBag from /opt/airflow/dags/dag_01_data_collection.py
[2026-03-16T00:17:42.154+0000] {processor.py:840} INFO - DAG(s) '1_data_collection' retrieved from /opt/airflow/dags/dag_01_data_collection.py
[2026-03-16T00:17:42.174+0000] {logging_mixin.py:188} INFO - [2026-03-16T00:17:42.173+0000] {dag.py:3036} INFO - Sync 1 DAGs
[2026-03-16T00:17:42.188+0000] {logging_mixin.py:188} INFO - [2026-03-16T00:17:42.188+0000] {dag.py:3823} INFO - Setting next_dagrun for 1_data_collection to 2026-03-16 00:15:00+00:00, run_after=2026-03-16 00:20:00+00:00
[2026-03-16T00:17:42.197+0000] {processor.py:183} INFO - Processing /opt/airflow/dags/dag_01_data_collection.py took 0.063 seconds
[2026-03-16T00:18:12.417+0000] {processor.py:161} INFO - Started process (PID=1036) to work on /opt/airflow/dags/dag_01_data_collection.py
[2026-03-16T00:18:12.419+0000] {processor.py:830} INFO - Processing file /opt/airflow/dags/dag_01_data_collection.py for tasks to queue
[2026-03-16T00:18:12.420+0000] {logging_mixin.py:188} INFO - [2026-03-16T00:18:12.419+0000] {dagbag.py:538} INFO - Filling up the DagBag from /opt/airflow/dags/dag_01_data_collection.py
[2026-03-16T00:18:12.430+0000] {processor.py:840} INFO - DAG(s) '1_data_collection' retrieved from /opt/airflow/dags/dag_01_data_collection.py
[2026-03-16T00:18:12.448+0000] {logging_mixin.py:188} INFO - [2026-03-16T00:18:12.448+0000] {dag.py:3036} INFO - Sync 1 DAGs
[2026-03-16T00:18:12.465+0000] {processor.py:183} INFO - Processing /opt/airflow/dags/dag_01_data_collection.py took 0.050 seconds
[2026-03-16T00:18:42.722+0000] {processor.py:161} INFO - Started process (PID=1047) to work on /opt/airflow/dags/dag_01_data_collection.py
[2026-03-16T00:18:42.723+0000] {processor.py:830} INFO - Processing file /opt/airflow/dags/dag_01_data_collection.py for tasks to queue
[2026-03-16T00:18:42.724+0000] {logging_mixin.py:188} INFO - [2026-03-16T00:18:42.724+0000] {dagbag.py:538} INFO - Filling up the DagBag from /opt/airflow/dags/dag_01_data_collection.py
[2026-03-16T00:18:42.740+0000] {processor.py:840} INFO - DAG(s) '1_data_collection' retrieved from /opt/airflow/dags/dag_01_data_collection.py
[2026-03-16T00:18:42.756+0000] {logging_mixin.py:188} INFO - [2026-03-16T00:18:42.756+0000] {dag.py:3036} INFO - Sync 1 DAGs
[2026-03-16T00:18:42.773+0000] {processor.py:183} INFO - Processing /opt/airflow/dags/dag_01_data_collection.py took 0.053 seconds
[2026-03-16T00:19:13.020+0000] {processor.py:161} INFO - Started process (PID=1062) to work on /opt/airflow/dags/dag_01_data_collection.py
[2026-03-16T00:19:13.020+0000] {processor.py:830} INFO - Processing file /opt/airflow/dags/dag_01_data_collection.py for tasks to queue
[2026-03-16T00:19:13.021+0000] {logging_mixin.py:188} INFO - [2026-03-16T00:19:13.021+0000] {dagbag.py:538} INFO - Filling up the DagBag from /opt/airflow/dags/dag_01_data_collection.py
[2026-03-16T00:19:13.026+0000] {processor.py:840} INFO - DAG(s) '1_data_collection' retrieved from /opt/airflow/dags/dag_01_data_collection.py
[2026-03-16T00:19:13.039+0000] {logging_mixin.py:188} INFO - [2026-03-16T00:19:13.039+0000] {dag.py:3036} INFO - Sync 1 DAGs
[2026-03-16T00:19:13.049+0000] {logging_mixin.py:188} INFO - [2026-03-16T00:19:13.049+0000] {dag.py:3823} INFO - Setting next_dagrun for 1_data_collection to 2026-03-16 00:15:00+00:00, run_after=2026-03-16 00:20:00+00:00
[2026-03-16T00:19:13.055+0000] {processor.py:183} INFO - Processing /opt/airflow/dags/dag_01_data_collection.py took 0.037 seconds
[2026-03-16T00:19:43.318+0000] {processor.py:161} INFO - Started process (PID=1072) to work on /opt/airflow/dags/dag_01_data_collection.py
[2026-03-16T00:19:43.319+0000] {processor.py:830} INFO - Processing file /opt/airflow/dags/dag_01_data_collection.py for tasks to queue
[2026-03-16T00:19:43.320+0000] {logging_mixin.py:188} INFO - [2026-03-16T00:19:43.320+0000] {dagbag.py:538} INFO - Filling up the DagBag from /opt/airflow/dags/dag_01_data_collection.py
[2026-03-16T00:19:43.330+0000] {processor.py:840} INFO - DAG(s) '1_data_collection' retrieved from /opt/airflow/dags/dag_01_data_collection.py
[2026-03-16T00:19:43.346+0000] {logging_mixin.py:188} INFO - [2026-03-16T00:19:43.346+0000] {dag.py:3036} INFO - Sync 1 DAGs
[2026-03-16T00:19:43.357+0000] {logging_mixin.py:188} INFO - [2026-03-16T00:19:43.357+0000] {dag.py:3823} INFO - Setting next_dagrun for 1_data_collection to 2026-03-16 00:15:00+00:00, run_after=2026-03-16 00:20:00+00:00
[2026-03-16T00:19:43.364+0000] {processor.py:183} INFO - Processing /opt/airflow/dags/dag_01_data_collection.py took 0.048 seconds
[2026-03-16T00:20:13.609+0000] {processor.py:161} INFO - Started process (PID=1087) to work on /opt/airflow/dags/dag_01_data_collection.py
[2026-03-16T00:20:13.610+0000] {processor.py:830} INFO - Processing file /opt/airflow/dags/dag_01_data_collection.py for tasks to queue
[2026-03-16T00:20:13.611+0000] {logging_mixin.py:188} INFO - [2026-03-16T00:20:13.611+0000] {dagbag.py:538} INFO - Filling up the DagBag from /opt/airflow/dags/dag_01_data_collection.py
[2026-03-16T00:20:13.622+0000] {processor.py:840} INFO - DAG(s) '1_data_collection' retrieved from /opt/airflow/dags/dag_01_data_collection.py
[2026-03-16T00:20:13.639+0000] {logging_mixin.py:188} INFO - [2026-03-16T00:20:13.639+0000] {dag.py:3036} INFO - Sync 1 DAGs
[2026-03-16T00:20:13.650+0000] {logging_mixin.py:188} INFO - [2026-03-16T00:20:13.650+0000] {dag.py:3823} INFO - Setting next_dagrun for 1_data_collection to 2026-03-16 00:20:00+00:00, run_after=2026-03-16 00:25:00+00:00
[2026-03-16T00:20:13.657+0000] {processor.py:183} INFO - Processing /opt/airflow/dags/dag_01_data_collection.py took 0.051 seconds
[2026-03-16T00:20:43.904+0000] {processor.py:161} INFO - Started process (PID=1102) to work on /opt/airflow/dags/dag_01_data_collection.py
[2026-03-16T00:20:43.905+0000] {processor.py:830} INFO - Processing file /opt/airflow/dags/dag_01_data_collection.py for tasks to queue
[2026-03-16T00:20:43.906+0000] {logging_mixin.py:188} INFO - [2026-03-16T00:20:43.906+0000] {dagbag.py:538} INFO - Filling up the DagBag from /opt/airflow/dags/dag_01_data_collection.py
[2026-03-16T00:20:43.915+0000] {processor.py:840} INFO - DAG(s) '1_data_collection' retrieved from /opt/airflow/dags/dag_01_data_collection.py
[2026-03-16T00:20:43.930+0000] {logging_mixin.py:188} INFO - [2026-03-16T00:20:43.930+0000] {dag.py:3036} INFO - Sync 1 DAGs
[2026-03-16T00:20:43.941+0000] {logging_mixin.py:188} INFO - [2026-03-16T00:20:43.941+0000] {dag.py:3823} INFO - Setting next_dagrun for 1_data_collection to 2026-03-16 00:20:00+00:00, run_after=2026-03-16 00:25:00+00:00
[2026-03-16T00:20:43.948+0000] {processor.py:183} INFO - Processing /opt/airflow/dags/dag_01_data_collection.py took 0.046 seconds
[2026-03-16T00:21:14.200+0000] {processor.py:161} INFO - Started process (PID=1113) to work on /opt/airflow/dags/dag_01_data_collection.py
[2026-03-16T00:21:14.200+0000] {processor.py:830} INFO - Processing file /opt/airflow/dags/dag_01_data_collection.py for tasks to queue
[2026-03-16T00:21:14.201+0000] {logging_mixin.py:188} INFO - [2026-03-16T00:21:14.201+0000] {dagbag.py:538} INFO - Filling up the DagBag from /opt/airflow/dags/dag_01_data_collection.py
[2026-03-16T00:21:14.213+0000] {processor.py:840} INFO - DAG(s) '1_data_collection' retrieved from /opt/airflow/dags/dag_01_data_collection.py
[2026-03-16T00:21:14.229+0000] {logging_mixin.py:188} INFO - [2026-03-16T00:21:14.229+0000] {dag.py:3036} INFO - Sync 1 DAGs
[2026-03-16T00:21:14.241+0000] {logging_mixin.py:188} INFO - [2026-03-16T00:21:14.241+0000] {dag.py:3823} INFO - Setting next_dagrun for 1_data_collection to 2026-03-16 00:20:00+00:00, run_after=2026-03-16 00:25:00+00:00
[2026-03-16T00:21:14.248+0000] {processor.py:183} INFO - Processing /opt/airflow/dags/dag_01_data_collection.py took 0.051 seconds
[2026-03-16T00:21:20.256+0000] {processor.py:161} INFO - Started process (PID=1118) to work on /opt/airflow/dags/dag_01_data_collection.py
[2026-03-16T00:21:20.257+0000] {processor.py:830} INFO - Processing file /opt/airflow/dags/dag_01_data_collection.py for tasks to queue
[2026-03-16T00:21:20.257+0000] {logging_mixin.py:188} INFO - [2026-03-16T00:21:20.257+0000] {dagbag.py:538} INFO - Filling up the DagBag from /opt/airflow/dags/dag_01_data_collection.py
[2026-03-16T00:21:20.265+0000] {processor.py:840} INFO - DAG(s) '1_data_collection' retrieved from /opt/airflow/dags/dag_01_data_collection.py
[2026-03-16T00:21:20.278+0000] {logging_mixin.py:188} INFO - [2026-03-16T00:21:20.278+0000] {dag.py:3036} INFO - Sync 1 DAGs
[2026-03-16T00:21:20.288+0000] {logging_mixin.py:188} INFO - [2026-03-16T00:21:20.288+0000] {dag.py:3823} INFO - Setting next_dagrun for 1_data_collection to 2026-03-16 00:20:00+00:00, run_after=2026-03-16 00:25:00+00:00
[2026-03-16T00:21:20.297+0000] {processor.py:183} INFO - Processing /opt/airflow/dags/dag_01_data_collection.py took 0.043 seconds
[2026-03-16T00:21:50.547+0000] {processor.py:161} INFO - Started process (PID=1129) to work on /opt/airflow/dags/dag_01_data_collection.py
[2026-03-16T00:21:50.548+0000] {processor.py:830} INFO - Processing file /opt/airflow/dags/dag_01_data_collection.py for tasks to queue
[2026-03-16T00:21:50.549+0000] {logging_mixin.py:188} INFO - [2026-03-16T00:21:50.549+0000] {dagbag.py:538} INFO - Filling up the DagBag from /opt/airflow/dags/dag_01_data_collection.py
[2026-03-16T00:21:50.558+0000] {processor.py:840} INFO - DAG(s) '1_data_collection' retrieved from /opt/airflow/dags/dag_01_data_collection.py
[2026-03-16T00:21:50.577+0000] {logging_mixin.py:188} INFO - [2026-03-16T00:21:50.576+0000] {dag.py:3036} INFO - Sync 1 DAGs
[2026-03-16T00:21:50.590+0000] {logging_mixin.py:188} INFO - [2026-03-16T00:21:50.590+0000] {dag.py:3823} INFO - Setting next_dagrun for 1_data_collection to 2026-03-16 00:20:00+00:00, run_after=2026-03-16 00:25:00+00:00
[2026-03-16T00:21:50.598+0000] {processor.py:183} INFO - Processing /opt/airflow/dags/dag_01_data_collection.py took 0.054 seconds
[2026-03-16T00:22:20.829+0000] {processor.py:161} INFO - Started process (PID=1140) to work on /opt/airflow/dags/dag_01_data_collection.py
[2026-03-16T00:22:20.831+0000] {processor.py:830} INFO - Processing file /opt/airflow/dags/dag_01_data_collection.py for tasks to queue
[2026-03-16T00:22:20.832+0000] {logging_mixin.py:188} INFO - [2026-03-16T00:22:20.832+0000] {dagbag.py:538} INFO - Filling up the DagBag from /opt/airflow/dags/dag_01_data_collection.py
[2026-03-16T00:22:20.842+0000] {processor.py:840} INFO - DAG(s) '1_data_collection' retrieved from /opt/airflow/dags/dag_01_data_collection.py
[2026-03-16T00:22:20.859+0000] {logging_mixin.py:188} INFO - [2026-03-16T00:22:20.858+0000] {dag.py:3036} INFO - Sync 1 DAGs
[2026-03-16T00:22:20.869+0000] {logging_mixin.py:188} INFO - [2026-03-16T00:22:20.869+0000] {dag.py:3823} INFO - Setting next_dagrun for 1_data_collection to 2026-03-16 00:20:00+00:00, run_after=2026-03-16 00:25:00+00:00
[2026-03-16T00:22:20.875+0000] {processor.py:183} INFO - Processing /opt/airflow/dags/dag_01_data_collection.py took 0.049 seconds
[2026-03-16T00:23:00.047+0000] {processor.py:161} INFO - Started process (PID=172) to work on /opt/airflow/dags/dag_01_data_collection.py
[2026-03-16T00:23:00.048+0000] {processor.py:830} INFO - Processing file /opt/airflow/dags/dag_01_data_collection.py for tasks to queue
[2026-03-16T00:23:00.049+0000] {logging_mixin.py:188} INFO - [2026-03-16T00:23:00.049+0000] {dagbag.py:538} INFO - Filling up the DagBag from /opt/airflow/dags/dag_01_data_collection.py
[2026-03-16T00:23:00.062+0000] {processor.py:840} INFO - DAG(s) '1_data_collection' retrieved from /opt/airflow/dags/dag_01_data_collection.py
[2026-03-16T00:23:00.149+0000] {logging_mixin.py:188} INFO - [2026-03-16T00:23:00.149+0000] {override.py:1769} INFO - Created Permission View: can edit on DAG:1_data_collection
[2026-03-16T00:23:00.153+0000] {logging_mixin.py:188} INFO - [2026-03-16T00:23:00.153+0000] {override.py:1769} INFO - Created Permission View: can delete on DAG:1_data_collection
[2026-03-16T00:23:00.156+0000] {logging_mixin.py:188} INFO - [2026-03-16T00:23:00.156+0000] {override.py:1769} INFO - Created Permission View: can read on DAG:1_data_collection
[2026-03-16T00:23:00.156+0000] {logging_mixin.py:188} INFO - [2026-03-16T00:23:00.156+0000] {dag.py:3036} INFO - Sync 1 DAGs
[2026-03-16T00:23:00.161+0000] {logging_mixin.py:188} INFO - [2026-03-16T00:23:00.160+0000] {dag.py:3058} INFO - Creating ORM DAG for 1_data_collection
[2026-03-16T00:23:00.165+0000] {logging_mixin.py:188} INFO - [2026-03-16T00:23:00.165+0000] {dag.py:3823} INFO - Setting next_dagrun for 1_data_collection to 2026-03-16 00:15:00+00:00, run_after=2026-03-16 00:20:00+00:00
[2026-03-16T00:23:00.173+0000] {processor.py:183} INFO - Processing /opt/airflow/dags/dag_01_data_collection.py took 0.128 seconds
[2026-03-16T00:23:30.270+0000] {processor.py:161} INFO - Started process (PID=187) to work on /opt/airflow/dags/dag_01_data_collection.py
[2026-03-16T00:23:30.270+0000] {processor.py:830} INFO - Processing file /opt/airflow/dags/dag_01_data_collection.py for tasks to queue
[2026-03-16T00:23:30.271+0000] {logging_mixin.py:188} INFO - [2026-03-16T00:23:30.271+0000] {dagbag.py:538} INFO - Filling up the DagBag from /opt/airflow/dags/dag_01_data_collection.py
[2026-03-16T00:23:30.281+0000] {processor.py:840} INFO - DAG(s) '1_data_collection' retrieved from /opt/airflow/dags/dag_01_data_collection.py
[2026-03-16T00:23:30.298+0000] {logging_mixin.py:188} INFO - [2026-03-16T00:23:30.298+0000] {dag.py:3036} INFO - Sync 1 DAGs
[2026-03-16T00:23:30.309+0000] {logging_mixin.py:188} INFO - [2026-03-16T00:23:30.309+0000] {dag.py:3823} INFO - Setting next_dagrun for 1_data_collection to 2026-03-16 00:20:00+00:00, run_after=2026-03-16 00:25:00+00:00
[2026-03-16T00:23:30.316+0000] {processor.py:183} INFO - Processing /opt/airflow/dags/dag_01_data_collection.py took 0.049 seconds
[2026-03-16T00:24:00.508+0000] {processor.py:161} INFO - Started process (PID=198) to work on /opt/airflow/dags/dag_01_data_collection.py
[2026-03-16T00:24:00.509+0000] {processor.py:830} INFO - Processing file /opt/airflow/dags/dag_01_data_collection.py for tasks to queue
[2026-03-16T00:24:00.510+0000] {logging_mixin.py:188} INFO - [2026-03-16T00:24:00.509+0000] {dagbag.py:538} INFO - Filling up the DagBag from /opt/airflow/dags/dag_01_data_collection.py
[2026-03-16T00:24:00.524+0000] {processor.py:840} INFO - DAG(s) '1_data_collection' retrieved from /opt/airflow/dags/dag_01_data_collection.py
[2026-03-16T00:24:00.540+0000] {logging_mixin.py:188} INFO - [2026-03-16T00:24:00.540+0000] {dag.py:3036} INFO - Sync 1 DAGs
[2026-03-16T00:24:00.551+0000] {logging_mixin.py:188} INFO - [2026-03-16T00:24:00.551+0000] {dag.py:3823} INFO - Setting next_dagrun for 1_data_collection to 2026-03-16 00:20:00+00:00, run_after=2026-03-16 00:25:00+00:00
[2026-03-16T00:24:00.558+0000] {processor.py:183} INFO - Processing /opt/airflow/dags/dag_01_data_collection.py took 0.053 seconds
[2026-03-16T00:24:30.778+0000] {processor.py:161} INFO - Started process (PID=209) to work on /opt/airflow/dags/dag_01_data_collection.py
[2026-03-16T00:24:30.779+0000] {processor.py:830} INFO - Processing file /opt/airflow/dags/dag_01_data_collection.py for tasks to queue
[2026-03-16T00:24:30.780+0000] {logging_mixin.py:188} INFO - [2026-03-16T00:24:30.780+0000] {dagbag.py:538} INFO - Filling up the DagBag from /opt/airflow/dags/dag_01_data_collection.py
[2026-03-16T00:24:30.791+0000] {processor.py:840} INFO - DAG(s) '1_data_collection' retrieved from /opt/airflow/dags/dag_01_data_collection.py
[2026-03-16T00:24:30.807+0000] {logging_mixin.py:188} INFO - [2026-03-16T00:24:30.807+0000] {dag.py:3036} INFO - Sync 1 DAGs
[2026-03-16T00:24:30.818+0000] {logging_mixin.py:188} INFO - [2026-03-16T00:24:30.818+0000] {dag.py:3823} INFO - Setting next_dagrun for 1_data_collection to 2026-03-16 00:20:00+00:00, run_after=2026-03-16 00:25:00+00:00
[2026-03-16T00:24:30.825+0000] {processor.py:183} INFO - Processing /opt/airflow/dags/dag_01_data_collection.py took 0.051 seconds
[2026-03-16T00:25:01.041+0000] {processor.py:161} INFO - Started process (PID=230) to work on /opt/airflow/dags/dag_01_data_collection.py
[2026-03-16T00:25:01.042+0000] {processor.py:830} INFO - Processing file /opt/airflow/dags/dag_01_data_collection.py for tasks to queue
[2026-03-16T00:25:01.042+0000] {logging_mixin.py:188} INFO - [2026-03-16T00:25:01.042+0000] {dagbag.py:538} INFO - Filling up the DagBag from /opt/airflow/dags/dag_01_data_collection.py
[2026-03-16T00:25:01.049+0000] {processor.py:840} INFO - DAG(s) '1_data_collection' retrieved from /opt/airflow/dags/dag_01_data_collection.py
[2026-03-16T00:25:01.062+0000] {logging_mixin.py:188} INFO - [2026-03-16T00:25:01.062+0000] {dag.py:3036} INFO - Sync 1 DAGs
[2026-03-16T00:25:01.078+0000] {processor.py:183} INFO - Processing /opt/airflow/dags/dag_01_data_collection.py took 0.039 seconds
[2026-03-16T00:25:31.282+0000] {processor.py:161} INFO - Started process (PID=241) to work on /opt/airflow/dags/dag_01_data_collection.py
[2026-03-16T00:25:31.283+0000] {processor.py:830} INFO - Processing file /opt/airflow/dags/dag_01_data_collection.py for tasks to queue
[2026-03-16T00:25:31.284+0000] {logging_mixin.py:188} INFO - [2026-03-16T00:25:31.284+0000] {dagbag.py:538} INFO - Filling up the DagBag from /opt/airflow/dags/dag_01_data_collection.py
[2026-03-16T00:25:31.294+0000] {processor.py:840} INFO - DAG(s) '1_data_collection' retrieved from /opt/airflow/dags/dag_01_data_collection.py
[2026-03-16T00:25:31.311+0000] {logging_mixin.py:188} INFO - [2026-03-16T00:25:31.311+0000] {dag.py:3036} INFO - Sync 1 DAGs
[2026-03-16T00:25:31.323+0000] {logging_mixin.py:188} INFO - [2026-03-16T00:25:31.323+0000] {dag.py:3823} INFO - Setting next_dagrun for 1_data_collection to 2026-03-16 00:25:00+00:00, run_after=2026-03-16 00:30:00+00:00
[2026-03-16T00:25:31.330+0000] {processor.py:183} INFO - Processing /opt/airflow/dags/dag_01_data_collection.py took 0.051 seconds
[2026-03-16T00:26:01.553+0000] {processor.py:161} INFO - Started process (PID=251) to work on /opt/airflow/dags/dag_01_data_collection.py
[2026-03-16T00:26:01.555+0000] {processor.py:830} INFO - Processing file /opt/airflow/dags/dag_01_data_collection.py for tasks to queue
[2026-03-16T00:26:01.556+0000] {logging_mixin.py:188} INFO - [2026-03-16T00:26:01.555+0000] {dagbag.py:538} INFO - Filling up the DagBag from /opt/airflow/dags/dag_01_data_collection.py
[2026-03-16T00:26:01.566+0000] {processor.py:840} INFO - DAG(s) '1_data_collection' retrieved from /opt/airflow/dags/dag_01_data_collection.py
[2026-03-16T00:26:01.586+0000] {logging_mixin.py:188} INFO - [2026-03-16T00:26:01.586+0000] {dag.py:3036} INFO - Sync 1 DAGs
[2026-03-16T00:26:01.600+0000] {logging_mixin.py:188} INFO - [2026-03-16T00:26:01.600+0000] {dag.py:3823} INFO - Setting next_dagrun for 1_data_collection to 2026-03-16 00:25:00+00:00, run_after=2026-03-16 00:30:00+00:00
[2026-03-16T00:26:01.608+0000] {processor.py:183} INFO - Processing /opt/airflow/dags/dag_01_data_collection.py took 0.057 seconds
[2026-03-16T00:26:31.857+0000] {processor.py:161} INFO - Started process (PID=262) to work on /opt/airflow/dags/dag_01_data_collection.py
[2026-03-16T00:26:31.859+0000] {processor.py:830} INFO - Processing file /opt/airflow/dags/dag_01_data_collection.py for tasks to queue
[2026-03-16T00:26:31.861+0000] {logging_mixin.py:188} INFO - [2026-03-16T00:26:31.860+0000] {dagbag.py:538} INFO - Filling up the DagBag from /opt/airflow/dags/dag_01_data_collection.py
[2026-03-16T00:26:31.872+0000] {processor.py:840} INFO - DAG(s) '1_data_collection' retrieved from /opt/airflow/dags/dag_01_data_collection.py
[2026-03-16T00:26:31.891+0000] {logging_mixin.py:188} INFO - [2026-03-16T00:26:31.891+0000] {dag.py:3036} INFO - Sync 1 DAGs
[2026-03-16T00:26:31.903+0000] {logging_mixin.py:188} INFO - [2026-03-16T00:26:31.903+0000] {dag.py:3823} INFO - Setting next_dagrun for 1_data_collection to 2026-03-16 00:25:00+00:00, run_after=2026-03-16 00:30:00+00:00
[2026-03-16T00:26:31.910+0000] {processor.py:183} INFO - Processing /opt/airflow/dags/dag_01_data_collection.py took 0.057 seconds
[2026-03-16T00:27:02.160+0000] {processor.py:161} INFO - Started process (PID=273) to work on /opt/airflow/dags/dag_01_data_collection.py
[2026-03-16T00:27:02.161+0000] {processor.py:830} INFO - Processing file /opt/airflow/dags/dag_01_data_collection.py for tasks to queue
[2026-03-16T00:27:02.162+0000] {logging_mixin.py:188} INFO - [2026-03-16T00:27:02.161+0000] {dagbag.py:538} INFO - Filling up the DagBag from /opt/airflow/dags/dag_01_data_collection.py
[2026-03-16T00:27:02.173+0000] {processor.py:840} INFO - DAG(s) '1_data_collection' retrieved from /opt/airflow/dags/dag_01_data_collection.py
[2026-03-16T00:27:02.193+0000] {logging_mixin.py:188} INFO - [2026-03-16T00:27:02.192+0000] {dag.py:3036} INFO - Sync 1 DAGs
[2026-03-16T00:27:02.204+0000] {logging_mixin.py:188} INFO - [2026-03-16T00:27:02.204+0000] {dag.py:3823} INFO - Setting next_dagrun for 1_data_collection to 2026-03-16 00:25:00+00:00, run_after=2026-03-16 00:30:00+00:00
[2026-03-16T00:27:02.211+0000] {processor.py:183} INFO - Processing /opt/airflow/dags/dag_01_data_collection.py took 0.054 seconds
[2026-03-16T00:27:32.408+0000] {processor.py:161} INFO - Started process (PID=284) to work on /opt/airflow/dags/dag_01_data_collection.py
[2026-03-16T00:27:32.409+0000] {processor.py:830} INFO - Processing file /opt/airflow/dags/dag_01_data_collection.py for tasks to queue
[2026-03-16T00:27:32.410+0000] {logging_mixin.py:188} INFO - [2026-03-16T00:27:32.409+0000] {dagbag.py:538} INFO - Filling up the DagBag from /opt/airflow/dags/dag_01_data_collection.py
[2026-03-16T00:27:32.422+0000] {processor.py:840} INFO - DAG(s) '1_data_collection' retrieved from /opt/airflow/dags/dag_01_data_collection.py
[2026-03-16T00:27:32.439+0000] {logging_mixin.py:188} INFO - [2026-03-16T00:27:32.439+0000] {dag.py:3036} INFO - Sync 1 DAGs
[2026-03-16T00:27:32.451+0000] {logging_mixin.py:188} INFO - [2026-03-16T00:27:32.451+0000] {dag.py:3823} INFO - Setting next_dagrun for 1_data_collection to 2026-03-16 00:25:00+00:00, run_after=2026-03-16 00:30:00+00:00
[2026-03-16T00:27:32.458+0000] {processor.py:183} INFO - Processing /opt/airflow/dags/dag_01_data_collection.py took 0.054 seconds
[2026-03-16T00:28:02.754+0000] {processor.py:161} INFO - Started process (PID=295) to work on /opt/airflow/dags/dag_01_data_collection.py
[2026-03-16T00:28:02.756+0000] {processor.py:830} INFO - Processing file /opt/airflow/dags/dag_01_data_collection.py for tasks to queue
[2026-03-16T00:28:02.757+0000] {logging_mixin.py:188} INFO - [2026-03-16T00:28:02.756+0000] {dagbag.py:538} INFO - Filling up the DagBag from /opt/airflow/dags/dag_01_data_collection.py
[2026-03-16T00:28:02.766+0000] {processor.py:840} INFO - DAG(s) '1_data_collection' retrieved from /opt/airflow/dags/dag_01_data_collection.py
[2026-03-16T00:28:02.780+0000] {logging_mixin.py:188} INFO - [2026-03-16T00:28:02.780+0000] {dag.py:3036} INFO - Sync 1 DAGs
[2026-03-16T00:28:02.791+0000] {logging_mixin.py:188} INFO - [2026-03-16T00:28:02.791+0000] {dag.py:3823} INFO - Setting next_dagrun for 1_data_collection to 2026-03-16 00:25:00+00:00, run_after=2026-03-16 00:30:00+00:00
[2026-03-16T00:28:02.799+0000] {processor.py:183} INFO - Processing /opt/airflow/dags/dag_01_data_collection.py took 0.049 seconds
[2026-03-16T00:28:33.056+0000] {processor.py:161} INFO - Started process (PID=306) to work on /opt/airflow/dags/dag_01_data_collection.py
[2026-03-16T00:28:33.057+0000] {processor.py:830} INFO - Processing file /opt/airflow/dags/dag_01_data_collection.py for tasks to queue
[2026-03-16T00:28:33.058+0000] {logging_mixin.py:188} INFO - [2026-03-16T00:28:33.057+0000] {dagbag.py:538} INFO - Filling up the DagBag from /opt/airflow/dags/dag_01_data_collection.py
[2026-03-16T00:28:33.068+0000] {processor.py:840} INFO - DAG(s) '1_data_collection' retrieved from /opt/airflow/dags/dag_01_data_collection.py
[2026-03-16T00:28:33.085+0000] {logging_mixin.py:188} INFO - [2026-03-16T00:28:33.085+0000] {dag.py:3036} INFO - Sync 1 DAGs
[2026-03-16T00:28:33.097+0000] {logging_mixin.py:188} INFO - [2026-03-16T00:28:33.097+0000] {dag.py:3823} INFO - Setting next_dagrun for 1_data_collection to 2026-03-16 00:25:00+00:00, run_after=2026-03-16 00:30:00+00:00
[2026-03-16T00:28:33.104+0000] {processor.py:183} INFO - Processing /opt/airflow/dags/dag_01_data_collection.py took 0.052 seconds
[2026-03-16T00:29:03.330+0000] {processor.py:161} INFO - Started process (PID=317) to work on /opt/airflow/dags/dag_01_data_collection.py
[2026-03-16T00:29:03.331+0000] {processor.py:830} INFO - Processing file /opt/airflow/dags/dag_01_data_collection.py for tasks to queue
[2026-03-16T00:29:03.332+0000] {logging_mixin.py:188} INFO - [2026-03-16T00:29:03.332+0000] {dagbag.py:538} INFO - Filling up the DagBag from /opt/airflow/dags/dag_01_data_collection.py
[2026-03-16T00:29:03.343+0000] {processor.py:840} INFO - DAG(s) '1_data_collection' retrieved from /opt/airflow/dags/dag_01_data_collection.py
[2026-03-16T00:29:03.363+0000] {logging_mixin.py:188} INFO - [2026-03-16T00:29:03.363+0000] {dag.py:3036} INFO - Sync 1 DAGs
[2026-03-16T00:29:03.377+0000] {logging_mixin.py:188} INFO - [2026-03-16T00:29:03.377+0000] {dag.py:3823} INFO - Setting next_dagrun for 1_data_collection to 2026-03-16 00:25:00+00:00, run_after=2026-03-16 00:30:00+00:00
[2026-03-16T00:29:03.386+0000] {processor.py:183} INFO - Processing /opt/airflow/dags/dag_01_data_collection.py took 0.059 seconds
[2026-03-16T00:29:33.631+0000] {processor.py:161} INFO - Started process (PID=328) to work on /opt/airflow/dags/dag_01_data_collection.py
[2026-03-16T00:29:33.632+0000] {processor.py:830} INFO - Processing file /opt/airflow/dags/dag_01_data_collection.py for tasks to queue
[2026-03-16T00:29:33.633+0000] {logging_mixin.py:188} INFO - [2026-03-16T00:29:33.633+0000] {dagbag.py:538} INFO - Filling up the DagBag from /opt/airflow/dags/dag_01_data_collection.py
[2026-03-16T00:29:33.644+0000] {processor.py:840} INFO - DAG(s) '1_data_collection' retrieved from /opt/airflow/dags/dag_01_data_collection.py
[2026-03-16T00:29:33.663+0000] {logging_mixin.py:188} INFO - [2026-03-16T00:29:33.663+0000] {dag.py:3036} INFO - Sync 1 DAGs
[2026-03-16T00:29:33.675+0000] {logging_mixin.py:188} INFO - [2026-03-16T00:29:33.675+0000] {dag.py:3823} INFO - Setting next_dagrun for 1_data_collection to 2026-03-16 00:25:00+00:00, run_after=2026-03-16 00:30:00+00:00
[2026-03-16T00:29:33.683+0000] {processor.py:183} INFO - Processing /opt/airflow/dags/dag_01_data_collection.py took 0.056 seconds
[2026-03-16T00:30:03.908+0000] {processor.py:161} INFO - Started process (PID=343) to work on /opt/airflow/dags/dag_01_data_collection.py
[2026-03-16T00:30:03.910+0000] {processor.py:830} INFO - Processing file /opt/airflow/dags/dag_01_data_collection.py for tasks to queue
[2026-03-16T00:30:03.911+0000] {logging_mixin.py:188} INFO - [2026-03-16T00:30:03.911+0000] {dagbag.py:538} INFO - Filling up the DagBag from /opt/airflow/dags/dag_01_data_collection.py
[2026-03-16T00:30:03.920+0000] {processor.py:840} INFO - DAG(s) '1_data_collection' retrieved from /opt/airflow/dags/dag_01_data_collection.py
[2026-03-16T00:30:03.937+0000] {logging_mixin.py:188} INFO - [2026-03-16T00:30:03.937+0000] {dag.py:3036} INFO - Sync 1 DAGs
[2026-03-16T00:30:03.949+0000] {logging_mixin.py:188} INFO - [2026-03-16T00:30:03.949+0000] {dag.py:3823} INFO - Setting next_dagrun for 1_data_collection to 2026-03-16 00:30:00+00:00, run_after=2026-03-16 00:35:00+00:00
[2026-03-16T00:30:03.957+0000] {processor.py:183} INFO - Processing /opt/airflow/dags/dag_01_data_collection.py took 0.052 seconds
[2026-03-16T00:30:34.192+0000] {processor.py:161} INFO - Started process (PID=354) to work on /opt/airflow/dags/dag_01_data_collection.py
[2026-03-16T00:30:34.193+0000] {processor.py:830} INFO - Processing file /opt/airflow/dags/dag_01_data_collection.py for tasks to queue
[2026-03-16T00:30:34.194+0000] {logging_mixin.py:188} INFO - [2026-03-16T00:30:34.193+0000] {dagbag.py:538} INFO - Filling up the DagBag from /opt/airflow/dags/dag_01_data_collection.py
[2026-03-16T00:30:34.202+0000] {processor.py:840} INFO - DAG(s) '1_data_collection' retrieved from /opt/airflow/dags/dag_01_data_collection.py
[2026-03-16T00:30:34.217+0000] {logging_mixin.py:188} INFO - [2026-03-16T00:30:34.217+0000] {dag.py:3036} INFO - Sync 1 DAGs
[2026-03-16T00:30:34.229+0000] {logging_mixin.py:188} INFO - [2026-03-16T00:30:34.229+0000] {dag.py:3823} INFO - Setting next_dagrun for 1_data_collection to 2026-03-16 00:30:00+00:00, run_after=2026-03-16 00:35:00+00:00
[2026-03-16T00:30:34.237+0000] {processor.py:183} INFO - Processing /opt/airflow/dags/dag_01_data_collection.py took 0.048 seconds
[2026-03-16T00:31:04.465+0000] {processor.py:161} INFO - Started process (PID=365) to work on /opt/airflow/dags/dag_01_data_collection.py
[2026-03-16T00:31:04.466+0000] {processor.py:830} INFO - Processing file /opt/airflow/dags/dag_01_data_collection.py for tasks to queue
[2026-03-16T00:31:04.467+0000] {logging_mixin.py:188} INFO - [2026-03-16T00:31:04.467+0000] {dagbag.py:538} INFO - Filling up the DagBag from /opt/airflow/dags/dag_01_data_collection.py
[2026-03-16T00:31:04.477+0000] {processor.py:840} INFO - DAG(s) '1_data_collection' retrieved from /opt/airflow/dags/dag_01_data_collection.py
[2026-03-16T00:31:04.494+0000] {logging_mixin.py:188} INFO - [2026-03-16T00:31:04.494+0000] {dag.py:3036} INFO - Sync 1 DAGs
[2026-03-16T00:31:04.506+0000] {logging_mixin.py:188} INFO - [2026-03-16T00:31:04.506+0000] {dag.py:3823} INFO - Setting next_dagrun for 1_data_collection to 2026-03-16 00:30:00+00:00, run_after=2026-03-16 00:35:00+00:00
[2026-03-16T00:31:04.514+0000] {processor.py:183} INFO - Processing /opt/airflow/dags/dag_01_data_collection.py took 0.052 seconds
[2026-03-16T00:31:34.758+0000] {processor.py:161} INFO - Started process (PID=376) to work on /opt/airflow/dags/dag_01_data_collection.py
[2026-03-16T00:31:34.760+0000] {processor.py:830} INFO - Processing file /opt/airflow/dags/dag_01_data_collection.py for tasks to queue
[2026-03-16T00:31:34.760+0000] {logging_mixin.py:188} INFO - [2026-03-16T00:31:34.760+0000] {dagbag.py:538} INFO - Filling up the DagBag from /opt/airflow/dags/dag_01_data_collection.py
[2026-03-16T00:31:34.771+0000] {processor.py:840} INFO - DAG(s) '1_data_collection' retrieved from /opt/airflow/dags/dag_01_data_collection.py
[2026-03-16T00:31:34.789+0000] {logging_mixin.py:188} INFO - [2026-03-16T00:31:34.789+0000] {dag.py:3036} INFO - Sync 1 DAGs
[2026-03-16T00:31:34.801+0000] {logging_mixin.py:188} INFO - [2026-03-16T00:31:34.801+0000] {dag.py:3823} INFO - Setting next_dagrun for 1_data_collection to 2026-03-16 00:30:00+00:00, run_after=2026-03-16 00:35:00+00:00
[2026-03-16T00:31:34.809+0000] {processor.py:183} INFO - Processing /opt/airflow/dags/dag_01_data_collection.py took 0.053 seconds
[2026-03-16T00:32:05.030+0000] {processor.py:161} INFO - Started process (PID=387) to work on /opt/airflow/dags/dag_01_data_collection.py
[2026-03-16T00:32:05.031+0000] {processor.py:830} INFO - Processing file /opt/airflow/dags/dag_01_data_collection.py for tasks to queue
[2026-03-16T00:32:05.032+0000] {logging_mixin.py:188} INFO - [2026-03-16T00:32:05.032+0000] {dagbag.py:538} INFO - Filling up the DagBag from /opt/airflow/dags/dag_01_data_collection.py
[2026-03-16T00:32:05.046+0000] {processor.py:840} INFO - DAG(s) '1_data_collection' retrieved from /opt/airflow/dags/dag_01_data_collection.py
[2026-03-16T00:32:05.066+0000] {logging_mixin.py:188} INFO - [2026-03-16T00:32:05.066+0000] {dag.py:3036} INFO - Sync 1 DAGs
[2026-03-16T00:32:05.079+0000] {logging_mixin.py:188} INFO - [2026-03-16T00:32:05.079+0000] {dag.py:3823} INFO - Setting next_dagrun for 1_data_collection to 2026-03-16 00:30:00+00:00, run_after=2026-03-16 00:35:00+00:00
[2026-03-16T00:32:05.087+0000] {processor.py:183} INFO - Processing /opt/airflow/dags/dag_01_data_collection.py took 0.061 seconds
[2026-03-16T00:32:35.322+0000] {processor.py:161} INFO - Started process (PID=398) to work on /opt/airflow/dags/dag_01_data_collection.py
[2026-03-16T00:32:35.323+0000] {processor.py:830} INFO - Processing file /opt/airflow/dags/dag_01_data_collection.py for tasks to queue
[2026-03-16T00:32:35.324+0000] {logging_mixin.py:188} INFO - [2026-03-16T00:32:35.323+0000] {dagbag.py:538} INFO - Filling up the DagBag from /opt/airflow/dags/dag_01_data_collection.py
[2026-03-16T00:32:35.333+0000] {processor.py:840} INFO - DAG(s) '1_data_collection' retrieved from /opt/airflow/dags/dag_01_data_collection.py
[2026-03-16T00:32:35.351+0000] {logging_mixin.py:188} INFO - [2026-03-16T00:32:35.351+0000] {dag.py:3036} INFO - Sync 1 DAGs
[2026-03-16T00:32:35.363+0000] {logging_mixin.py:188} INFO - [2026-03-16T00:32:35.363+0000] {dag.py:3823} INFO - Setting next_dagrun for 1_data_collection to 2026-03-16 00:30:00+00:00, run_after=2026-03-16 00:35:00+00:00
[2026-03-16T00:32:35.371+0000] {processor.py:183} INFO - Processing /opt/airflow/dags/dag_01_data_collection.py took 0.051 seconds
[2026-03-16T00:32:56.504+0000] {processor.py:161} INFO - Started process (PID=403) to work on /opt/airflow/dags/dag_01_data_collection.py
[2026-03-16T00:32:56.505+0000] {processor.py:830} INFO - Processing file /opt/airflow/dags/dag_01_data_collection.py for tasks to queue
[2026-03-16T00:32:56.505+0000] {logging_mixin.py:188} INFO - [2026-03-16T00:32:56.505+0000] {dagbag.py:538} INFO - Filling up the DagBag from /opt/airflow/dags/dag_01_data_collection.py
[2026-03-16T00:32:56.517+0000] {processor.py:840} INFO - DAG(s) '1_data_collection' retrieved from /opt/airflow/dags/dag_01_data_collection.py
[2026-03-16T00:32:56.532+0000] {logging_mixin.py:188} INFO - [2026-03-16T00:32:56.532+0000] {dag.py:3036} INFO - Sync 1 DAGs
[2026-03-16T00:32:56.544+0000] {logging_mixin.py:188} INFO - [2026-03-16T00:32:56.544+0000] {dag.py:3823} INFO - Setting next_dagrun for 1_data_collection to 2026-03-16 00:30:00+00:00, run_after=2026-03-16 00:35:00+00:00
[2026-03-16T00:32:56.554+0000] {processor.py:183} INFO - Processing /opt/airflow/dags/dag_01_data_collection.py took 0.053 seconds
[2026-03-16T00:33:26.808+0000] {processor.py:161} INFO - Started process (PID=414) to work on /opt/airflow/dags/dag_01_data_collection.py
[2026-03-16T00:33:26.809+0000] {processor.py:830} INFO - Processing file /opt/airflow/dags/dag_01_data_collection.py for tasks to queue
[2026-03-16T00:33:26.810+0000] {logging_mixin.py:188} INFO - [2026-03-16T00:33:26.810+0000] {dagbag.py:538} INFO - Filling up the DagBag from /opt/airflow/dags/dag_01_data_collection.py
[2026-03-16T00:33:26.818+0000] {processor.py:840} INFO - DAG(s) '1_data_collection' retrieved from /opt/airflow/dags/dag_01_data_collection.py
[2026-03-16T00:33:26.833+0000] {logging_mixin.py:188} INFO - [2026-03-16T00:33:26.833+0000] {dag.py:3036} INFO - Sync 1 DAGs
[2026-03-16T00:33:26.846+0000] {logging_mixin.py:188} INFO - [2026-03-16T00:33:26.846+0000] {dag.py:3823} INFO - Setting next_dagrun for 1_data_collection to 2026-03-16 00:30:00+00:00, run_after=2026-03-16 00:35:00+00:00
[2026-03-16T00:33:26.853+0000] {processor.py:183} INFO - Processing /opt/airflow/dags/dag_01_data_collection.py took 0.047 seconds
[2026-03-16T00:33:57.096+0000] {processor.py:161} INFO - Started process (PID=425) to work on /opt/airflow/dags/dag_01_data_collection.py
[2026-03-16T00:33:57.097+0000] {processor.py:830} INFO - Processing file /opt/airflow/dags/dag_01_data_collection.py for tasks to queue
[2026-03-16T00:33:57.098+0000] {logging_mixin.py:188} INFO - [2026-03-16T00:33:57.097+0000] {dagbag.py:538} INFO - Filling up the DagBag from /opt/airflow/dags/dag_01_data_collection.py
[2026-03-16T00:33:57.108+0000] {processor.py:840} INFO - DAG(s) '1_data_collection' retrieved from /opt/airflow/dags/dag_01_data_collection.py
[2026-03-16T00:33:57.126+0000] {logging_mixin.py:188} INFO - [2026-03-16T00:33:57.126+0000] {dag.py:3036} INFO - Sync 1 DAGs
[2026-03-16T00:33:57.140+0000] {logging_mixin.py:188} INFO - [2026-03-16T00:33:57.140+0000] {dag.py:3823} INFO - Setting next_dagrun for 1_data_collection to 2026-03-16 00:30:00+00:00, run_after=2026-03-16 00:35:00+00:00
[2026-03-16T00:33:57.147+0000] {processor.py:183} INFO - Processing /opt/airflow/dags/dag_01_data_collection.py took 0.053 seconds
[2026-03-16T00:34:27.371+0000] {processor.py:161} INFO - Started process (PID=436) to work on /opt/airflow/dags/dag_01_data_collection.py
[2026-03-16T00:34:27.372+0000] {processor.py:830} INFO - Processing file /opt/airflow/dags/dag_01_data_collection.py for tasks to queue
[2026-03-16T00:34:27.373+0000] {logging_mixin.py:188} INFO - [2026-03-16T00:34:27.373+0000] {dagbag.py:538} INFO - Filling up the DagBag from /opt/airflow/dags/dag_01_data_collection.py
[2026-03-16T00:34:27.383+0000] {processor.py:840} INFO - DAG(s) '1_data_collection' retrieved from /opt/airflow/dags/dag_01_data_collection.py
[2026-03-16T00:34:27.398+0000] {logging_mixin.py:188} INFO - [2026-03-16T00:34:27.398+0000] {dag.py:3036} INFO - Sync 1 DAGs
[2026-03-16T00:34:27.408+0000] {logging_mixin.py:188} INFO - [2026-03-16T00:34:27.408+0000] {dag.py:3823} INFO - Setting next_dagrun for 1_data_collection to 2026-03-16 00:30:00+00:00, run_after=2026-03-16 00:35:00+00:00
[2026-03-16T00:34:27.415+0000] {processor.py:183} INFO - Processing /opt/airflow/dags/dag_01_data_collection.py took 0.049 seconds
