[2026-03-16T03:55:01.928+0000] {taskinstance.py:1956} INFO - Dependencies all met for dep_context=non-requeueable deps ti=<TaskInstance: 1_data_collection.save_to_raw scheduled__2026-03-16T03:50:00+00:00 [queued]>
[2026-03-16T03:55:01.930+0000] {taskinstance.py:1956} INFO - Dependencies all met for dep_context=requeueable deps ti=<TaskInstance: 1_data_collection.save_to_raw scheduled__2026-03-16T03:50:00+00:00 [queued]>
[2026-03-16T03:55:01.930+0000] {taskinstance.py:2170} INFO - Starting attempt 1 of 4
[2026-03-16T03:55:01.935+0000] {taskinstance.py:2191} INFO - Executing <Task(PythonOperator): save_to_raw> on 2026-03-16 03:50:00+00:00
[2026-03-16T03:55:01.936+0000] {standard_task_runner.py:60} INFO - Started process 379 to run task
[2026-03-16T03:55:01.938+0000] {standard_task_runner.py:87} INFO - Running: ['***', 'tasks', 'run', '1_data_collection', 'save_to_raw', 'scheduled__2026-03-16T03:50:00+00:00', '--job-id', '11', '--raw', '--subdir', 'DAGS_FOLDER/dag_01_data_collection.py', '--cfg-path', '/tmp/tmpgbap7rfk']
[2026-03-16T03:55:01.939+0000] {standard_task_runner.py:88} INFO - Job 11: Subtask save_to_raw
[2026-03-16T03:55:01.956+0000] {task_command.py:423} INFO - Running <TaskInstance: 1_data_collection.save_to_raw scheduled__2026-03-16T03:50:00+00:00 [running]> on host a5b790665194
[2026-03-16T03:55:01.985+0000] {taskinstance.py:2480} INFO - Exporting env vars: AIRFLOW_CTX_DAG_OWNER='mlops-team' AIRFLOW_CTX_DAG_ID='1_data_collection' AIRFLOW_CTX_TASK_ID='save_to_raw' AIRFLOW_CTX_EXECUTION_DATE='2026-03-16T03:50:00+00:00' AIRFLOW_CTX_TRY_NUMBER='1' AIRFLOW_CTX_DAG_RUN_ID='scheduled__2026-03-16T03:50:00+00:00'
[2026-03-16T03:55:02.038+0000] {dag_01_data_collection.py:95} INFO - Saving 5810 records to raw.forest_cover
[2026-03-16T03:55:02.306+0000] {dag_01_data_collection.py:156} INFO - Successfully saved 5810 records to raw.forest_cover
[2026-03-16T03:55:02.308+0000] {python.py:201} INFO - Done. Returned value was: None
[2026-03-16T03:55:02.313+0000] {taskinstance.py:1138} INFO - Marking task as SUCCESS. dag_id=1_data_collection, task_id=save_to_raw, execution_date=20260316T035000, start_date=20260316T035501, end_date=20260316T035502
[2026-03-16T03:55:02.326+0000] {local_task_job_runner.py:234} INFO - Task exited with return code 0
[2026-03-16T03:55:02.335+0000] {taskinstance.py:3280} INFO - 1 downstream tasks scheduled from follow-on schedule check
[2026-03-16T03:58:39.204+0000] {taskinstance.py:1956} INFO - Dependencies all met for dep_context=non-requeueable deps ti=<TaskInstance: 1_data_collection.save_to_raw scheduled__2026-03-16T03:50:00+00:00 [queued]>
[2026-03-16T03:58:39.209+0000] {taskinstance.py:1956} INFO - Dependencies all met for dep_context=requeueable deps ti=<TaskInstance: 1_data_collection.save_to_raw scheduled__2026-03-16T03:50:00+00:00 [queued]>
[2026-03-16T03:58:39.209+0000] {taskinstance.py:2170} INFO - Starting attempt 1 of 4
[2026-03-16T03:58:39.216+0000] {taskinstance.py:2191} INFO - Executing <Task(PythonOperator): save_to_raw> on 2026-03-16 03:50:00+00:00
[2026-03-16T03:58:39.218+0000] {standard_task_runner.py:60} INFO - Started process 201 to run task
[2026-03-16T03:58:39.220+0000] {standard_task_runner.py:87} INFO - Running: ['***', 'tasks', 'run', '1_data_collection', 'save_to_raw', 'scheduled__2026-03-16T03:50:00+00:00', '--job-id', '5', '--raw', '--subdir', 'DAGS_FOLDER/dag_01_data_collection.py', '--cfg-path', '/tmp/tmppyx3cyxy']
[2026-03-16T03:58:39.221+0000] {standard_task_runner.py:88} INFO - Job 5: Subtask save_to_raw
[2026-03-16T03:58:39.244+0000] {task_command.py:423} INFO - Running <TaskInstance: 1_data_collection.save_to_raw scheduled__2026-03-16T03:50:00+00:00 [running]> on host 9d11552eaf6e
[2026-03-16T03:58:39.277+0000] {taskinstance.py:2480} INFO - Exporting env vars: AIRFLOW_CTX_DAG_OWNER='mlops-team' AIRFLOW_CTX_DAG_ID='1_data_collection' AIRFLOW_CTX_TASK_ID='save_to_raw' AIRFLOW_CTX_EXECUTION_DATE='2026-03-16T03:50:00+00:00' AIRFLOW_CTX_TRY_NUMBER='1' AIRFLOW_CTX_DAG_RUN_ID='scheduled__2026-03-16T03:50:00+00:00'
[2026-03-16T03:58:39.334+0000] {dag_01_data_collection.py:95} INFO - Saving 5810 records to raw.forest_cover
[2026-03-16T03:58:39.618+0000] {dag_01_data_collection.py:156} INFO - Successfully saved 5810 records to raw.forest_cover
[2026-03-16T03:58:39.621+0000] {python.py:201} INFO - Done. Returned value was: None
[2026-03-16T03:58:39.626+0000] {taskinstance.py:1138} INFO - Marking task as SUCCESS. dag_id=1_data_collection, task_id=save_to_raw, execution_date=20260316T035000, start_date=20260316T035839, end_date=20260316T035839
[2026-03-16T03:58:39.645+0000] {local_task_job_runner.py:234} INFO - Task exited with return code 0
[2026-03-16T03:58:39.655+0000] {taskinstance.py:3280} INFO - 1 downstream tasks scheduled from follow-on schedule check
