[2026-03-16T00:55:00.371+0000] {taskinstance.py:1956} INFO - Dependencies all met for dep_context=non-requeueable deps ti=<TaskInstance: 1_data_collection.fetch_data scheduled__2026-03-16T00:50:00+00:00 [queued]>
[2026-03-16T00:55:00.373+0000] {taskinstance.py:1956} INFO - Dependencies all met for dep_context=requeueable deps ti=<TaskInstance: 1_data_collection.fetch_data scheduled__2026-03-16T00:50:00+00:00 [queued]>
[2026-03-16T00:55:00.373+0000] {taskinstance.py:2170} INFO - Starting attempt 1 of 4
[2026-03-16T00:55:00.378+0000] {taskinstance.py:2191} INFO - Executing <Task(PythonOperator): fetch_data> on 2026-03-16 00:50:00+00:00
[2026-03-16T00:55:00.380+0000] {standard_task_runner.py:60} INFO - Started process 624 to run task
[2026-03-16T00:55:00.381+0000] {standard_task_runner.py:87} INFO - Running: ['***', 'tasks', 'run', '1_data_collection', 'fetch_data', 'scheduled__2026-03-16T00:50:00+00:00', '--job-id', '12', '--raw', '--subdir', 'DAGS_FOLDER/dag_01_data_collection.py', '--cfg-path', '/tmp/tmp1cqiqn7u']
[2026-03-16T00:55:00.383+0000] {standard_task_runner.py:88} INFO - Job 12: Subtask fetch_data
[2026-03-16T00:55:00.406+0000] {task_command.py:423} INFO - Running <TaskInstance: 1_data_collection.fetch_data scheduled__2026-03-16T00:50:00+00:00 [running]> on host b9399687dbb8
[2026-03-16T00:55:00.441+0000] {taskinstance.py:2480} INFO - Exporting env vars: AIRFLOW_CTX_DAG_OWNER='mlops-team' AIRFLOW_CTX_DAG_ID='1_data_collection' AIRFLOW_CTX_TASK_ID='fetch_data' AIRFLOW_CTX_EXECUTION_DATE='2026-03-16T00:50:00+00:00' AIRFLOW_CTX_TRY_NUMBER='1' AIRFLOW_CTX_DAG_RUN_ID='scheduled__2026-03-16T00:50:00+00:00'
[2026-03-16T00:55:00.442+0000] {dag_01_data_collection.py:42} INFO - Fetching data from http://host.docker.internal:80/data with group_number=1
[2026-03-16T00:55:00.458+0000] {dag_01_data_collection.py:61} ERROR - Error fetching data: 500 Server Error: Internal Server Error for url: http://host.docker.internal:80/data?group_number=1
[2026-03-16T00:55:00.458+0000] {taskinstance.py:2698} ERROR - Task failed with exception
Traceback (most recent call last):
  File "/home/airflow/.local/lib/python3.8/site-packages/airflow/models/taskinstance.py", line 433, in _execute_task
    result = execute_callable(context=context, **execute_callable_kwargs)
  File "/home/airflow/.local/lib/python3.8/site-packages/airflow/operators/python.py", line 199, in execute
    return_value = self.execute_callable()
  File "/home/airflow/.local/lib/python3.8/site-packages/airflow/operators/python.py", line 216, in execute_callable
    return self.python_callable(*self.op_args, **self.op_kwargs)
  File "/opt/airflow/dags/dag_01_data_collection.py", line 54, in fetch_data_from_api
    response.raise_for_status()
  File "/home/airflow/.local/lib/python3.8/site-packages/requests/models.py", line 1021, in raise_for_status
    raise HTTPError(http_error_msg, response=self)
requests.exceptions.HTTPError: 500 Server Error: Internal Server Error for url: http://host.docker.internal:80/data?group_number=1
[2026-03-16T00:55:00.463+0000] {taskinstance.py:1138} INFO - Marking task as UP_FOR_RETRY. dag_id=1_data_collection, task_id=fetch_data, execution_date=20260316T005000, start_date=20260316T005500, end_date=20260316T005500
[2026-03-16T00:55:00.466+0000] {standard_task_runner.py:107} ERROR - Failed to execute job 12 for task fetch_data (500 Server Error: Internal Server Error for url: http://host.docker.internal:80/data?group_number=1; 624)
[2026-03-16T00:55:00.480+0000] {local_task_job_runner.py:234} INFO - Task exited with return code 1
[2026-03-16T00:55:00.489+0000] {taskinstance.py:3280} INFO - 0 downstream tasks scheduled from follow-on schedule check
[2026-03-16T00:58:21.067+0000] {taskinstance.py:1956} INFO - Dependencies all met for dep_context=non-requeueable deps ti=<TaskInstance: 1_data_collection.fetch_data scheduled__2026-03-16T00:50:00+00:00 [queued]>
[2026-03-16T00:58:21.074+0000] {taskinstance.py:1956} INFO - Dependencies all met for dep_context=requeueable deps ti=<TaskInstance: 1_data_collection.fetch_data scheduled__2026-03-16T00:50:00+00:00 [queued]>
[2026-03-16T00:58:21.074+0000] {taskinstance.py:2170} INFO - Starting attempt 1 of 4
[2026-03-16T00:58:21.079+0000] {taskinstance.py:2191} INFO - Executing <Task(PythonOperator): fetch_data> on 2026-03-16 00:50:00+00:00
[2026-03-16T00:58:21.082+0000] {standard_task_runner.py:60} INFO - Started process 190 to run task
[2026-03-16T00:58:21.084+0000] {standard_task_runner.py:87} INFO - Running: ['***', 'tasks', 'run', '1_data_collection', 'fetch_data', 'scheduled__2026-03-16T00:50:00+00:00', '--job-id', '2', '--raw', '--subdir', 'DAGS_FOLDER/dag_01_data_collection.py', '--cfg-path', '/tmp/tmpvg21qc5p']
[2026-03-16T00:58:21.085+0000] {standard_task_runner.py:88} INFO - Job 2: Subtask fetch_data
[2026-03-16T00:58:21.108+0000] {task_command.py:423} INFO - Running <TaskInstance: 1_data_collection.fetch_data scheduled__2026-03-16T00:50:00+00:00 [running]> on host 9e8c0c2e5d97
[2026-03-16T00:58:21.143+0000] {taskinstance.py:2480} INFO - Exporting env vars: AIRFLOW_CTX_DAG_OWNER='mlops-team' AIRFLOW_CTX_DAG_ID='1_data_collection' AIRFLOW_CTX_TASK_ID='fetch_data' AIRFLOW_CTX_EXECUTION_DATE='2026-03-16T00:50:00+00:00' AIRFLOW_CTX_TRY_NUMBER='1' AIRFLOW_CTX_DAG_RUN_ID='scheduled__2026-03-16T00:50:00+00:00'
[2026-03-16T00:58:21.143+0000] {dag_01_data_collection.py:42} INFO - Fetching data from http://host.docker.internal:80/data with group_number=1
[2026-03-16T00:58:21.148+0000] {dag_01_data_collection.py:50} INFO - API response 400: Ya se recolectó toda la información mínima necesaria — skipping this run.
[2026-03-16T00:58:21.154+0000] {python.py:201} INFO - Done. Returned value was: No data available for this batch — skipping.
[2026-03-16T00:58:21.163+0000] {taskinstance.py:1138} INFO - Marking task as SUCCESS. dag_id=1_data_collection, task_id=fetch_data, execution_date=20260316T005000, start_date=20260316T005821, end_date=20260316T005821
[2026-03-16T00:58:21.179+0000] {local_task_job_runner.py:234} INFO - Task exited with return code 0
[2026-03-16T00:58:21.190+0000] {taskinstance.py:3280} INFO - 1 downstream tasks scheduled from follow-on schedule check
