[2026-03-16T21:07:24.039+0000] {taskinstance.py:1956} INFO - Dependencies all met for dep_context=non-requeueable deps ti=<TaskInstance: 3_model_training.train_model manual__2026-03-16T21:07:22.398079+00:00 [queued]>
[2026-03-16T21:07:24.043+0000] {taskinstance.py:1956} INFO - Dependencies all met for dep_context=requeueable deps ti=<TaskInstance: 3_model_training.train_model manual__2026-03-16T21:07:22.398079+00:00 [queued]>
[2026-03-16T21:07:24.043+0000] {taskinstance.py:2170} INFO - Starting attempt 1 of 2
[2026-03-16T21:07:24.047+0000] {taskinstance.py:2191} INFO - Executing <Task(PythonOperator): train_model> on 2026-03-16 21:07:22.398079+00:00
[2026-03-16T21:07:24.050+0000] {standard_task_runner.py:60} INFO - Started process 653 to run task
[2026-03-16T21:07:24.051+0000] {standard_task_runner.py:87} INFO - Running: ['***', 'tasks', 'run', '3_model_training', 'train_model', 'manual__2026-03-16T21:07:22.398079+00:00', '--job-id', '27', '--raw', '--subdir', 'DAGS_FOLDER/dag_03_data_training.py', '--cfg-path', '/tmp/tmp5rutfu6p']
[2026-03-16T21:07:24.052+0000] {standard_task_runner.py:88} INFO - Job 27: Subtask train_model
[2026-03-16T21:07:24.072+0000] {task_command.py:423} INFO - Running <TaskInstance: 3_model_training.train_model manual__2026-03-16T21:07:22.398079+00:00 [running]> on host 6d4e89ba4db6
[2026-03-16T21:07:24.102+0000] {taskinstance.py:2480} INFO - Exporting env vars: AIRFLOW_CTX_DAG_OWNER='mlops-team' AIRFLOW_CTX_DAG_ID='3_model_training' AIRFLOW_CTX_TASK_ID='train_model' AIRFLOW_CTX_EXECUTION_DATE='2026-03-16T21:07:22.398079+00:00' AIRFLOW_CTX_TRY_NUMBER='1' AIRFLOW_CTX_DAG_RUN_ID='manual__2026-03-16T21:07:22.398079+00:00'
[2026-03-16T21:07:24.345+0000] {dag_03_data_training.py:124} INFO - Train: (3850, 54), Val: (824, 54), Test: (828, 54)
[2026-03-16T21:07:24.346+0000] {dag_03_data_training.py:163} INFO - Training random_forest...
[2026-03-16T21:07:24.670+0000] {logging_mixin.py:188} WARNING - /home/***/.local/lib/python3.8/site-packages/sklearn/ensemble/_base.py:214 UserWarning: Loky-backed parallel loops cannot be called in a multiprocessing, setting n_jobs=1
[2026-03-16T21:07:24.686+0000] {dag_03_data_training.py:170} INFO -   random_forest: val_acc=0.8859, val_f1=0.8785
[2026-03-16T21:07:24.686+0000] {dag_03_data_training.py:163} INFO - Training gradient_boosting...
[2026-03-16T21:07:30.105+0000] {dag_03_data_training.py:170} INFO -   gradient_boosting: val_acc=0.9041, val_f1=0.8997
[2026-03-16T21:07:30.112+0000] {dag_03_data_training.py:188} INFO - Best model: gradient_boosting | test_acc=0.9046, test_f1=0.9026
[2026-03-16T21:07:30.173+0000] {dag_03_data_training.py:210} INFO - Model saved to /tmp/model_package.joblib
[2026-03-16T21:07:30.175+0000] {python.py:201} INFO - Done. Returned value was: None
[2026-03-16T21:07:30.179+0000] {taskinstance.py:1138} INFO - Marking task as SUCCESS. dag_id=3_model_training, task_id=train_model, execution_date=20260316T210722, start_date=20260316T210724, end_date=20260316T210730
[2026-03-16T21:07:30.227+0000] {local_task_job_runner.py:234} INFO - Task exited with return code 0
[2026-03-16T21:07:30.237+0000] {taskinstance.py:3280} INFO - 1 downstream tasks scheduled from follow-on schedule check
