[2026-03-16T00:20:01.754+0000] {taskinstance.py:1956} INFO - Dependencies all met for dep_context=non-requeueable deps ti=<TaskInstance: 1_data_collection.save_to_raw scheduled__2026-03-16T00:15:00+00:00 [queued]>
[2026-03-16T00:20:01.758+0000] {taskinstance.py:1956} INFO - Dependencies all met for dep_context=requeueable deps ti=<TaskInstance: 1_data_collection.save_to_raw scheduled__2026-03-16T00:15:00+00:00 [queued]>
[2026-03-16T00:20:01.758+0000] {taskinstance.py:2170} INFO - Starting attempt 1 of 4
[2026-03-16T00:20:01.762+0000] {taskinstance.py:2191} INFO - Executing <Task(PythonOperator): save_to_raw> on 2026-03-16 00:15:00+00:00
[2026-03-16T00:20:01.764+0000] {standard_task_runner.py:60} INFO - Started process 1080 to run task
[2026-03-16T00:20:01.766+0000] {standard_task_runner.py:87} INFO - Running: ['***', 'tasks', 'run', '1_data_collection', 'save_to_raw', 'scheduled__2026-03-16T00:15:00+00:00', '--job-id', '44', '--raw', '--subdir', 'DAGS_FOLDER/dag_01_data_collection.py', '--cfg-path', '/tmp/tmpu81mgo6j']
[2026-03-16T00:20:01.767+0000] {standard_task_runner.py:88} INFO - Job 44: Subtask save_to_raw
[2026-03-16T00:20:01.788+0000] {task_command.py:423} INFO - Running <TaskInstance: 1_data_collection.save_to_raw scheduled__2026-03-16T00:15:00+00:00 [running]> on host a5a1902e3171
[2026-03-16T00:20:01.818+0000] {taskinstance.py:2480} INFO - Exporting env vars: AIRFLOW_CTX_DAG_OWNER='mlops-team' AIRFLOW_CTX_DAG_ID='1_data_collection' AIRFLOW_CTX_TASK_ID='save_to_raw' AIRFLOW_CTX_EXECUTION_DATE='2026-03-16T00:15:00+00:00' AIRFLOW_CTX_TRY_NUMBER='1' AIRFLOW_CTX_DAG_RUN_ID='scheduled__2026-03-16T00:15:00+00:00'
[2026-03-16T00:20:01.826+0000] {dag_01_data_collection.py:77} INFO - No data to save — batch was already collected. Skipping.
[2026-03-16T00:20:01.826+0000] {python.py:201} INFO - Done. Returned value was: Skipped — no data.
[2026-03-16T00:20:01.834+0000] {taskinstance.py:1138} INFO - Marking task as SUCCESS. dag_id=1_data_collection, task_id=save_to_raw, execution_date=20260316T001500, start_date=20260316T002001, end_date=20260316T002001
[2026-03-16T00:20:01.864+0000] {local_task_job_runner.py:234} INFO - Task exited with return code 0
[2026-03-16T00:20:01.872+0000] {taskinstance.py:3280} INFO - 0 downstream tasks scheduled from follow-on schedule check
[2026-03-16T00:23:02.201+0000] {taskinstance.py:1956} INFO - Dependencies all met for dep_context=non-requeueable deps ti=<TaskInstance: 1_data_collection.save_to_raw scheduled__2026-03-16T00:15:00+00:00 [queued]>
[2026-03-16T00:23:02.205+0000] {taskinstance.py:1956} INFO - Dependencies all met for dep_context=requeueable deps ti=<TaskInstance: 1_data_collection.save_to_raw scheduled__2026-03-16T00:15:00+00:00 [queued]>
[2026-03-16T00:23:02.206+0000] {taskinstance.py:2170} INFO - Starting attempt 1 of 4
[2026-03-16T00:23:02.211+0000] {taskinstance.py:2191} INFO - Executing <Task(PythonOperator): save_to_raw> on 2026-03-16 00:15:00+00:00
[2026-03-16T00:23:02.213+0000] {standard_task_runner.py:60} INFO - Started process 186 to run task
[2026-03-16T00:23:02.214+0000] {standard_task_runner.py:87} INFO - Running: ['***', 'tasks', 'run', '1_data_collection', 'save_to_raw', 'scheduled__2026-03-16T00:15:00+00:00', '--job-id', '3', '--raw', '--subdir', 'DAGS_FOLDER/dag_01_data_collection.py', '--cfg-path', '/tmp/tmpcfl_lsfq']
[2026-03-16T00:23:02.215+0000] {standard_task_runner.py:88} INFO - Job 3: Subtask save_to_raw
[2026-03-16T00:23:02.241+0000] {task_command.py:423} INFO - Running <TaskInstance: 1_data_collection.save_to_raw scheduled__2026-03-16T00:15:00+00:00 [running]> on host 7719280c4f06
[2026-03-16T00:23:02.271+0000] {taskinstance.py:2480} INFO - Exporting env vars: AIRFLOW_CTX_DAG_OWNER='mlops-team' AIRFLOW_CTX_DAG_ID='1_data_collection' AIRFLOW_CTX_TASK_ID='save_to_raw' AIRFLOW_CTX_EXECUTION_DATE='2026-03-16T00:15:00+00:00' AIRFLOW_CTX_TRY_NUMBER='1' AIRFLOW_CTX_DAG_RUN_ID='scheduled__2026-03-16T00:15:00+00:00'
[2026-03-16T00:23:02.328+0000] {dag_01_data_collection.py:88} INFO - Saving 1 records to raw.forest_cover
[2026-03-16T00:23:02.375+0000] {dag_01_data_collection.py:144} INFO - Successfully saved 1 records to raw.forest_cover
[2026-03-16T00:23:02.377+0000] {python.py:201} INFO - Done. Returned value was: None
[2026-03-16T00:23:02.382+0000] {taskinstance.py:1138} INFO - Marking task as SUCCESS. dag_id=1_data_collection, task_id=save_to_raw, execution_date=20260316T001500, start_date=20260316T002302, end_date=20260316T002302
[2026-03-16T00:23:02.394+0000] {local_task_job_runner.py:234} INFO - Task exited with return code 0
[2026-03-16T00:23:02.403+0000] {taskinstance.py:3280} INFO - 0 downstream tasks scheduled from follow-on schedule check
