[2026-03-16T17:57:10.248+0000] {taskinstance.py:1956} INFO - Dependencies all met for dep_context=non-requeueable deps ti=<TaskInstance: 2_data_processing.processed_to_ready scheduled__2026-03-16T17:40:00+00:00 [queued]>
[2026-03-16T17:57:10.252+0000] {taskinstance.py:1956} INFO - Dependencies all met for dep_context=requeueable deps ti=<TaskInstance: 2_data_processing.processed_to_ready scheduled__2026-03-16T17:40:00+00:00 [queued]>
[2026-03-16T17:57:10.252+0000] {taskinstance.py:2170} INFO - Starting attempt 1 of 3
[2026-03-16T17:57:10.256+0000] {taskinstance.py:2191} INFO - Executing <Task(PythonOperator): processed_to_ready> on 2026-03-16 17:40:00+00:00
[2026-03-16T17:57:10.258+0000] {standard_task_runner.py:60} INFO - Started process 200 to run task
[2026-03-16T17:57:10.259+0000] {standard_task_runner.py:87} INFO - Running: ['***', 'tasks', 'run', '2_data_processing', 'processed_to_ready', 'scheduled__2026-03-16T17:40:00+00:00', '--job-id', '5', '--raw', '--subdir', 'DAGS_FOLDER/dag_02_data_processing.py', '--cfg-path', '/tmp/tmp13_2cnli']
[2026-03-16T17:57:10.260+0000] {standard_task_runner.py:88} INFO - Job 5: Subtask processed_to_ready
[2026-03-16T17:57:10.281+0000] {task_command.py:423} INFO - Running <TaskInstance: 2_data_processing.processed_to_ready scheduled__2026-03-16T17:40:00+00:00 [running]> on host 9f1f4acd16bb
[2026-03-16T17:57:10.312+0000] {taskinstance.py:2480} INFO - Exporting env vars: AIRFLOW_CTX_DAG_OWNER='mlops-team' AIRFLOW_CTX_DAG_ID='2_data_processing' AIRFLOW_CTX_TASK_ID='processed_to_ready' AIRFLOW_CTX_EXECUTION_DATE='2026-03-16T17:40:00+00:00' AIRFLOW_CTX_TRY_NUMBER='1' AIRFLOW_CTX_DAG_RUN_ID='scheduled__2026-03-16T17:40:00+00:00'
[2026-03-16T17:57:10.315+0000] {dag_02_data_processing.py:250} INFO - No new processed records for ready stage
[2026-03-16T17:57:10.315+0000] {python.py:201} INFO - Done. Returned value was: None
[2026-03-16T17:57:10.320+0000] {taskinstance.py:1138} INFO - Marking task as SUCCESS. dag_id=2_data_processing, task_id=processed_to_ready, execution_date=20260316T174000, start_date=20260316T175710, end_date=20260316T175710
[2026-03-16T17:57:10.355+0000] {local_task_job_runner.py:234} INFO - Task exited with return code 0
[2026-03-16T17:57:10.363+0000] {taskinstance.py:3280} INFO - 0 downstream tasks scheduled from follow-on schedule check
[2026-03-16T17:59:43.188+0000] {taskinstance.py:1956} INFO - Dependencies all met for dep_context=non-requeueable deps ti=<TaskInstance: 2_data_processing.processed_to_ready scheduled__2026-03-16T17:40:00+00:00 [queued]>
[2026-03-16T17:59:43.193+0000] {taskinstance.py:1956} INFO - Dependencies all met for dep_context=requeueable deps ti=<TaskInstance: 2_data_processing.processed_to_ready scheduled__2026-03-16T17:40:00+00:00 [queued]>
[2026-03-16T17:59:43.193+0000] {taskinstance.py:2170} INFO - Starting attempt 1 of 3
[2026-03-16T17:59:43.198+0000] {taskinstance.py:2191} INFO - Executing <Task(PythonOperator): processed_to_ready> on 2026-03-16 17:40:00+00:00
[2026-03-16T17:59:43.200+0000] {standard_task_runner.py:60} INFO - Started process 200 to run task
[2026-03-16T17:59:43.201+0000] {standard_task_runner.py:87} INFO - Running: ['***', 'tasks', 'run', '2_data_processing', 'processed_to_ready', 'scheduled__2026-03-16T17:40:00+00:00', '--job-id', '5', '--raw', '--subdir', 'DAGS_FOLDER/dag_02_data_processing.py', '--cfg-path', '/tmp/tmpi1x8rlfc']
[2026-03-16T17:59:43.202+0000] {standard_task_runner.py:88} INFO - Job 5: Subtask processed_to_ready
[2026-03-16T17:59:43.222+0000] {task_command.py:423} INFO - Running <TaskInstance: 2_data_processing.processed_to_ready scheduled__2026-03-16T17:40:00+00:00 [running]> on host 3a7b3ca96720
[2026-03-16T17:59:43.253+0000] {taskinstance.py:2480} INFO - Exporting env vars: AIRFLOW_CTX_DAG_OWNER='mlops-team' AIRFLOW_CTX_DAG_ID='2_data_processing' AIRFLOW_CTX_TASK_ID='processed_to_ready' AIRFLOW_CTX_EXECUTION_DATE='2026-03-16T17:40:00+00:00' AIRFLOW_CTX_TRY_NUMBER='1' AIRFLOW_CTX_DAG_RUN_ID='scheduled__2026-03-16T17:40:00+00:00'
[2026-03-16T17:59:43.256+0000] {dag_02_data_processing.py:250} INFO - No new processed records for ready stage
[2026-03-16T17:59:43.257+0000] {python.py:201} INFO - Done. Returned value was: None
[2026-03-16T17:59:43.261+0000] {taskinstance.py:1138} INFO - Marking task as SUCCESS. dag_id=2_data_processing, task_id=processed_to_ready, execution_date=20260316T174000, start_date=20260316T175943, end_date=20260316T175943
[2026-03-16T17:59:43.300+0000] {local_task_job_runner.py:234} INFO - Task exited with return code 0
[2026-03-16T17:59:43.308+0000] {taskinstance.py:3280} INFO - 0 downstream tasks scheduled from follow-on schedule check
