[2026-03-16T17:57:09.183+0000] {taskinstance.py:1956} INFO - Dependencies all met for dep_context=non-requeueable deps ti=<TaskInstance: 2_data_processing.raw_to_processed scheduled__2026-03-16T17:40:00+00:00 [queued]>
[2026-03-16T17:57:09.187+0000] {taskinstance.py:1956} INFO - Dependencies all met for dep_context=requeueable deps ti=<TaskInstance: 2_data_processing.raw_to_processed scheduled__2026-03-16T17:40:00+00:00 [queued]>
[2026-03-16T17:57:09.187+0000] {taskinstance.py:2170} INFO - Starting attempt 1 of 3
[2026-03-16T17:57:09.191+0000] {taskinstance.py:2191} INFO - Executing <Task(PythonOperator): raw_to_processed> on 2026-03-16 17:40:00+00:00
[2026-03-16T17:57:09.193+0000] {standard_task_runner.py:60} INFO - Started process 198 to run task
[2026-03-16T17:57:09.194+0000] {standard_task_runner.py:87} INFO - Running: ['***', 'tasks', 'run', '2_data_processing', 'raw_to_processed', 'scheduled__2026-03-16T17:40:00+00:00', '--job-id', '4', '--raw', '--subdir', 'DAGS_FOLDER/dag_02_data_processing.py', '--cfg-path', '/tmp/tmpv3ickwwj']
[2026-03-16T17:57:09.196+0000] {standard_task_runner.py:88} INFO - Job 4: Subtask raw_to_processed
[2026-03-16T17:57:09.218+0000] {task_command.py:423} INFO - Running <TaskInstance: 2_data_processing.raw_to_processed scheduled__2026-03-16T17:40:00+00:00 [running]> on host 9f1f4acd16bb
[2026-03-16T17:57:09.250+0000] {taskinstance.py:2480} INFO - Exporting env vars: AIRFLOW_CTX_DAG_OWNER='mlops-team' AIRFLOW_CTX_DAG_ID='2_data_processing' AIRFLOW_CTX_TASK_ID='raw_to_processed' AIRFLOW_CTX_EXECUTION_DATE='2026-03-16T17:40:00+00:00' AIRFLOW_CTX_TRY_NUMBER='1' AIRFLOW_CTX_DAG_RUN_ID='scheduled__2026-03-16T17:40:00+00:00'
[2026-03-16T17:57:09.254+0000] {dag_02_data_processing.py:116} INFO - No new raw records to process
[2026-03-16T17:57:09.261+0000] {python.py:201} INFO - Done. Returned value was: None
[2026-03-16T17:57:09.266+0000] {taskinstance.py:1138} INFO - Marking task as SUCCESS. dag_id=2_data_processing, task_id=raw_to_processed, execution_date=20260316T174000, start_date=20260316T175709, end_date=20260316T175709
[2026-03-16T17:57:09.290+0000] {local_task_job_runner.py:234} INFO - Task exited with return code 0
[2026-03-16T17:57:09.300+0000] {taskinstance.py:3280} INFO - 1 downstream tasks scheduled from follow-on schedule check
[2026-03-16T17:59:42.170+0000] {taskinstance.py:1956} INFO - Dependencies all met for dep_context=non-requeueable deps ti=<TaskInstance: 2_data_processing.raw_to_processed scheduled__2026-03-16T17:40:00+00:00 [queued]>
[2026-03-16T17:59:42.175+0000] {taskinstance.py:1956} INFO - Dependencies all met for dep_context=requeueable deps ti=<TaskInstance: 2_data_processing.raw_to_processed scheduled__2026-03-16T17:40:00+00:00 [queued]>
[2026-03-16T17:59:42.175+0000] {taskinstance.py:2170} INFO - Starting attempt 1 of 3
[2026-03-16T17:59:42.180+0000] {taskinstance.py:2191} INFO - Executing <Task(PythonOperator): raw_to_processed> on 2026-03-16 17:40:00+00:00
[2026-03-16T17:59:42.181+0000] {standard_task_runner.py:60} INFO - Started process 198 to run task
[2026-03-16T17:59:42.183+0000] {standard_task_runner.py:87} INFO - Running: ['***', 'tasks', 'run', '2_data_processing', 'raw_to_processed', 'scheduled__2026-03-16T17:40:00+00:00', '--job-id', '3', '--raw', '--subdir', 'DAGS_FOLDER/dag_02_data_processing.py', '--cfg-path', '/tmp/tmpsk9_ee4c']
[2026-03-16T17:59:42.185+0000] {standard_task_runner.py:88} INFO - Job 3: Subtask raw_to_processed
[2026-03-16T17:59:42.209+0000] {task_command.py:423} INFO - Running <TaskInstance: 2_data_processing.raw_to_processed scheduled__2026-03-16T17:40:00+00:00 [running]> on host 3a7b3ca96720
[2026-03-16T17:59:42.247+0000] {taskinstance.py:2480} INFO - Exporting env vars: AIRFLOW_CTX_DAG_OWNER='mlops-team' AIRFLOW_CTX_DAG_ID='2_data_processing' AIRFLOW_CTX_TASK_ID='raw_to_processed' AIRFLOW_CTX_EXECUTION_DATE='2026-03-16T17:40:00+00:00' AIRFLOW_CTX_TRY_NUMBER='1' AIRFLOW_CTX_DAG_RUN_ID='scheduled__2026-03-16T17:40:00+00:00'
[2026-03-16T17:59:42.252+0000] {dag_02_data_processing.py:116} INFO - No new raw records to process
[2026-03-16T17:59:42.258+0000] {python.py:201} INFO - Done. Returned value was: None
[2026-03-16T17:59:42.264+0000] {taskinstance.py:1138} INFO - Marking task as SUCCESS. dag_id=2_data_processing, task_id=raw_to_processed, execution_date=20260316T174000, start_date=20260316T175942, end_date=20260316T175942
[2026-03-16T17:59:42.282+0000] {local_task_job_runner.py:234} INFO - Task exited with return code 0
[2026-03-16T17:59:42.293+0000] {taskinstance.py:3280} INFO - 1 downstream tasks scheduled from follow-on schedule check
