[2026-03-15T23:33:50.935+0000] {processor.py:161} INFO - Started process (PID=231) to work on /opt/airflow/dags/dag_01_data_collection.py
[2026-03-15T23:33:50.936+0000] {processor.py:830} INFO - Processing file /opt/airflow/dags/dag_01_data_collection.py for tasks to queue
[2026-03-15T23:33:50.936+0000] {logging_mixin.py:188} INFO - [2026-03-15T23:33:50.936+0000] {dagbag.py:538} INFO - Filling up the DagBag from /opt/airflow/dags/dag_01_data_collection.py
[2026-03-15T23:33:50.952+0000] {processor.py:840} INFO - DAG(s) '1_data_collection' retrieved from /opt/airflow/dags/dag_01_data_collection.py
[2026-03-15T23:33:51.039+0000] {logging_mixin.py:188} INFO - [2026-03-15T23:33:51.039+0000] {override.py:1769} INFO - Created Permission View: can delete on DAG:1_data_collection
[2026-03-15T23:33:51.042+0000] {logging_mixin.py:188} INFO - [2026-03-15T23:33:51.042+0000] {override.py:1769} INFO - Created Permission View: can edit on DAG:1_data_collection
[2026-03-15T23:33:51.043+0000] {logging_mixin.py:188} INFO - [2026-03-15T23:33:51.043+0000] {override.py:1769} INFO - Created Permission View: can read on DAG:1_data_collection
[2026-03-15T23:33:51.044+0000] {logging_mixin.py:188} INFO - [2026-03-15T23:33:51.044+0000] {dag.py:3036} INFO - Sync 1 DAGs
[2026-03-15T23:33:51.047+0000] {logging_mixin.py:188} INFO - [2026-03-15T23:33:51.047+0000] {dag.py:3058} INFO - Creating ORM DAG for 1_data_collection
[2026-03-15T23:33:51.051+0000] {logging_mixin.py:188} INFO - [2026-03-15T23:33:51.051+0000] {dag.py:3823} INFO - Setting next_dagrun for 1_data_collection to 2026-03-15 23:25:00+00:00, run_after=2026-03-15 23:30:00+00:00
[2026-03-15T23:33:51.058+0000] {processor.py:183} INFO - Processing /opt/airflow/dags/dag_01_data_collection.py took 0.125 seconds
[2026-03-15T23:34:21.203+0000] {processor.py:161} INFO - Started process (PID=244) to work on /opt/airflow/dags/dag_01_data_collection.py
[2026-03-15T23:34:21.204+0000] {processor.py:830} INFO - Processing file /opt/airflow/dags/dag_01_data_collection.py for tasks to queue
[2026-03-15T23:34:21.205+0000] {logging_mixin.py:188} INFO - [2026-03-15T23:34:21.205+0000] {dagbag.py:538} INFO - Filling up the DagBag from /opt/airflow/dags/dag_01_data_collection.py
[2026-03-15T23:34:21.217+0000] {processor.py:840} INFO - DAG(s) '1_data_collection' retrieved from /opt/airflow/dags/dag_01_data_collection.py
[2026-03-15T23:34:21.238+0000] {logging_mixin.py:188} INFO - [2026-03-15T23:34:21.238+0000] {dag.py:3036} INFO - Sync 1 DAGs
[2026-03-15T23:34:21.259+0000] {processor.py:183} INFO - Processing /opt/airflow/dags/dag_01_data_collection.py took 0.059 seconds
[2026-03-15T23:34:51.496+0000] {processor.py:161} INFO - Started process (PID=256) to work on /opt/airflow/dags/dag_01_data_collection.py
[2026-03-15T23:34:51.497+0000] {processor.py:830} INFO - Processing file /opt/airflow/dags/dag_01_data_collection.py for tasks to queue
[2026-03-15T23:34:51.497+0000] {logging_mixin.py:188} INFO - [2026-03-15T23:34:51.497+0000] {dagbag.py:538} INFO - Filling up the DagBag from /opt/airflow/dags/dag_01_data_collection.py
[2026-03-15T23:34:51.507+0000] {processor.py:840} INFO - DAG(s) '1_data_collection' retrieved from /opt/airflow/dags/dag_01_data_collection.py
[2026-03-15T23:34:51.521+0000] {logging_mixin.py:188} INFO - [2026-03-15T23:34:51.521+0000] {dag.py:3036} INFO - Sync 1 DAGs
[2026-03-15T23:34:51.536+0000] {processor.py:183} INFO - Processing /opt/airflow/dags/dag_01_data_collection.py took 0.042 seconds
[2026-03-15T23:35:21.754+0000] {processor.py:161} INFO - Started process (PID=274) to work on /opt/airflow/dags/dag_01_data_collection.py
[2026-03-15T23:35:21.754+0000] {processor.py:830} INFO - Processing file /opt/airflow/dags/dag_01_data_collection.py for tasks to queue
[2026-03-15T23:35:21.755+0000] {logging_mixin.py:188} INFO - [2026-03-15T23:35:21.755+0000] {dagbag.py:538} INFO - Filling up the DagBag from /opt/airflow/dags/dag_01_data_collection.py
[2026-03-15T23:35:21.762+0000] {processor.py:840} INFO - DAG(s) '1_data_collection' retrieved from /opt/airflow/dags/dag_01_data_collection.py
[2026-03-15T23:35:21.777+0000] {logging_mixin.py:188} INFO - [2026-03-15T23:35:21.776+0000] {dag.py:3036} INFO - Sync 1 DAGs
[2026-03-15T23:35:21.793+0000] {processor.py:183} INFO - Processing /opt/airflow/dags/dag_01_data_collection.py took 0.041 seconds
[2026-03-15T23:35:52.005+0000] {processor.py:161} INFO - Started process (PID=286) to work on /opt/airflow/dags/dag_01_data_collection.py
[2026-03-15T23:35:52.006+0000] {processor.py:830} INFO - Processing file /opt/airflow/dags/dag_01_data_collection.py for tasks to queue
[2026-03-15T23:35:52.007+0000] {logging_mixin.py:188} INFO - [2026-03-15T23:35:52.007+0000] {dagbag.py:538} INFO - Filling up the DagBag from /opt/airflow/dags/dag_01_data_collection.py
[2026-03-15T23:35:52.015+0000] {processor.py:840} INFO - DAG(s) '1_data_collection' retrieved from /opt/airflow/dags/dag_01_data_collection.py
[2026-03-15T23:35:52.030+0000] {logging_mixin.py:188} INFO - [2026-03-15T23:35:52.029+0000] {dag.py:3036} INFO - Sync 1 DAGs
[2026-03-15T23:35:52.048+0000] {processor.py:183} INFO - Processing /opt/airflow/dags/dag_01_data_collection.py took 0.045 seconds
[2026-03-15T23:36:22.259+0000] {processor.py:161} INFO - Started process (PID=298) to work on /opt/airflow/dags/dag_01_data_collection.py
[2026-03-15T23:36:22.260+0000] {processor.py:830} INFO - Processing file /opt/airflow/dags/dag_01_data_collection.py for tasks to queue
[2026-03-15T23:36:22.261+0000] {logging_mixin.py:188} INFO - [2026-03-15T23:36:22.261+0000] {dagbag.py:538} INFO - Filling up the DagBag from /opt/airflow/dags/dag_01_data_collection.py
[2026-03-15T23:36:22.271+0000] {processor.py:840} INFO - DAG(s) '1_data_collection' retrieved from /opt/airflow/dags/dag_01_data_collection.py
[2026-03-15T23:36:22.292+0000] {logging_mixin.py:188} INFO - [2026-03-15T23:36:22.292+0000] {dag.py:3036} INFO - Sync 1 DAGs
[2026-03-15T23:36:22.310+0000] {processor.py:183} INFO - Processing /opt/airflow/dags/dag_01_data_collection.py took 0.054 seconds
[2026-03-15T23:36:52.480+0000] {processor.py:161} INFO - Started process (PID=311) to work on /opt/airflow/dags/dag_01_data_collection.py
[2026-03-15T23:36:52.481+0000] {processor.py:830} INFO - Processing file /opt/airflow/dags/dag_01_data_collection.py for tasks to queue
[2026-03-15T23:36:52.481+0000] {logging_mixin.py:188} INFO - [2026-03-15T23:36:52.481+0000] {dagbag.py:538} INFO - Filling up the DagBag from /opt/airflow/dags/dag_01_data_collection.py
[2026-03-15T23:36:52.487+0000] {processor.py:840} INFO - DAG(s) '1_data_collection' retrieved from /opt/airflow/dags/dag_01_data_collection.py
[2026-03-15T23:36:52.500+0000] {logging_mixin.py:188} INFO - [2026-03-15T23:36:52.500+0000] {dag.py:3036} INFO - Sync 1 DAGs
[2026-03-15T23:36:52.516+0000] {processor.py:183} INFO - Processing /opt/airflow/dags/dag_01_data_collection.py took 0.038 seconds
[2026-03-15T23:37:22.800+0000] {processor.py:161} INFO - Started process (PID=324) to work on /opt/airflow/dags/dag_01_data_collection.py
[2026-03-15T23:37:22.802+0000] {processor.py:830} INFO - Processing file /opt/airflow/dags/dag_01_data_collection.py for tasks to queue
[2026-03-15T23:37:22.803+0000] {logging_mixin.py:188} INFO - [2026-03-15T23:37:22.803+0000] {dagbag.py:538} INFO - Filling up the DagBag from /opt/airflow/dags/dag_01_data_collection.py
[2026-03-15T23:37:22.817+0000] {processor.py:840} INFO - DAG(s) '1_data_collection' retrieved from /opt/airflow/dags/dag_01_data_collection.py
[2026-03-15T23:37:22.836+0000] {logging_mixin.py:188} INFO - [2026-03-15T23:37:22.836+0000] {dag.py:3036} INFO - Sync 1 DAGs
[2026-03-15T23:37:22.855+0000] {processor.py:183} INFO - Processing /opt/airflow/dags/dag_01_data_collection.py took 0.059 seconds
[2026-03-15T23:37:53.055+0000] {processor.py:161} INFO - Started process (PID=335) to work on /opt/airflow/dags/dag_01_data_collection.py
[2026-03-15T23:37:53.056+0000] {processor.py:830} INFO - Processing file /opt/airflow/dags/dag_01_data_collection.py for tasks to queue
[2026-03-15T23:37:53.057+0000] {logging_mixin.py:188} INFO - [2026-03-15T23:37:53.056+0000] {dagbag.py:538} INFO - Filling up the DagBag from /opt/airflow/dags/dag_01_data_collection.py
[2026-03-15T23:37:53.065+0000] {processor.py:840} INFO - DAG(s) '1_data_collection' retrieved from /opt/airflow/dags/dag_01_data_collection.py
[2026-03-15T23:37:53.082+0000] {logging_mixin.py:188} INFO - [2026-03-15T23:37:53.082+0000] {dag.py:3036} INFO - Sync 1 DAGs
[2026-03-15T23:37:53.099+0000] {processor.py:183} INFO - Processing /opt/airflow/dags/dag_01_data_collection.py took 0.046 seconds
[2026-03-15T23:38:23.330+0000] {processor.py:161} INFO - Started process (PID=348) to work on /opt/airflow/dags/dag_01_data_collection.py
[2026-03-15T23:38:23.331+0000] {processor.py:830} INFO - Processing file /opt/airflow/dags/dag_01_data_collection.py for tasks to queue
[2026-03-15T23:38:23.332+0000] {logging_mixin.py:188} INFO - [2026-03-15T23:38:23.332+0000] {dagbag.py:538} INFO - Filling up the DagBag from /opt/airflow/dags/dag_01_data_collection.py
[2026-03-15T23:38:23.341+0000] {processor.py:840} INFO - DAG(s) '1_data_collection' retrieved from /opt/airflow/dags/dag_01_data_collection.py
[2026-03-15T23:38:23.357+0000] {logging_mixin.py:188} INFO - [2026-03-15T23:38:23.357+0000] {dag.py:3036} INFO - Sync 1 DAGs
[2026-03-15T23:38:23.374+0000] {processor.py:183} INFO - Processing /opt/airflow/dags/dag_01_data_collection.py took 0.046 seconds
[2026-03-15T23:38:53.618+0000] {processor.py:161} INFO - Started process (PID=359) to work on /opt/airflow/dags/dag_01_data_collection.py
[2026-03-15T23:38:53.619+0000] {processor.py:830} INFO - Processing file /opt/airflow/dags/dag_01_data_collection.py for tasks to queue
[2026-03-15T23:38:53.620+0000] {logging_mixin.py:188} INFO - [2026-03-15T23:38:53.619+0000] {dagbag.py:538} INFO - Filling up the DagBag from /opt/airflow/dags/dag_01_data_collection.py
[2026-03-15T23:38:53.630+0000] {processor.py:840} INFO - DAG(s) '1_data_collection' retrieved from /opt/airflow/dags/dag_01_data_collection.py
[2026-03-15T23:38:53.647+0000] {logging_mixin.py:188} INFO - [2026-03-15T23:38:53.647+0000] {dag.py:3036} INFO - Sync 1 DAGs
[2026-03-15T23:38:53.665+0000] {processor.py:183} INFO - Processing /opt/airflow/dags/dag_01_data_collection.py took 0.050 seconds
[2026-03-15T23:39:23.875+0000] {processor.py:161} INFO - Started process (PID=372) to work on /opt/airflow/dags/dag_01_data_collection.py
[2026-03-15T23:39:23.876+0000] {processor.py:830} INFO - Processing file /opt/airflow/dags/dag_01_data_collection.py for tasks to queue
[2026-03-15T23:39:23.876+0000] {logging_mixin.py:188} INFO - [2026-03-15T23:39:23.876+0000] {dagbag.py:538} INFO - Filling up the DagBag from /opt/airflow/dags/dag_01_data_collection.py
[2026-03-15T23:39:23.886+0000] {processor.py:840} INFO - DAG(s) '1_data_collection' retrieved from /opt/airflow/dags/dag_01_data_collection.py
[2026-03-15T23:39:23.902+0000] {logging_mixin.py:188} INFO - [2026-03-15T23:39:23.902+0000] {dag.py:3036} INFO - Sync 1 DAGs
[2026-03-15T23:39:23.919+0000] {processor.py:183} INFO - Processing /opt/airflow/dags/dag_01_data_collection.py took 0.047 seconds
[2026-03-15T23:39:54.159+0000] {processor.py:161} INFO - Started process (PID=383) to work on /opt/airflow/dags/dag_01_data_collection.py
[2026-03-15T23:39:54.160+0000] {processor.py:830} INFO - Processing file /opt/airflow/dags/dag_01_data_collection.py for tasks to queue
[2026-03-15T23:39:54.160+0000] {logging_mixin.py:188} INFO - [2026-03-15T23:39:54.160+0000] {dagbag.py:538} INFO - Filling up the DagBag from /opt/airflow/dags/dag_01_data_collection.py
[2026-03-15T23:39:54.169+0000] {processor.py:840} INFO - DAG(s) '1_data_collection' retrieved from /opt/airflow/dags/dag_01_data_collection.py
[2026-03-15T23:39:54.183+0000] {logging_mixin.py:188} INFO - [2026-03-15T23:39:54.183+0000] {dag.py:3036} INFO - Sync 1 DAGs
[2026-03-15T23:39:54.199+0000] {processor.py:183} INFO - Processing /opt/airflow/dags/dag_01_data_collection.py took 0.043 seconds
[2026-03-15T23:40:24.396+0000] {processor.py:161} INFO - Started process (PID=398) to work on /opt/airflow/dags/dag_01_data_collection.py
[2026-03-15T23:40:24.397+0000] {processor.py:830} INFO - Processing file /opt/airflow/dags/dag_01_data_collection.py for tasks to queue
[2026-03-15T23:40:24.398+0000] {logging_mixin.py:188} INFO - [2026-03-15T23:40:24.398+0000] {dagbag.py:538} INFO - Filling up the DagBag from /opt/airflow/dags/dag_01_data_collection.py
[2026-03-15T23:40:24.407+0000] {processor.py:840} INFO - DAG(s) '1_data_collection' retrieved from /opt/airflow/dags/dag_01_data_collection.py
[2026-03-15T23:40:24.424+0000] {logging_mixin.py:188} INFO - [2026-03-15T23:40:24.424+0000] {dag.py:3036} INFO - Sync 1 DAGs
[2026-03-15T23:40:24.442+0000] {processor.py:183} INFO - Processing /opt/airflow/dags/dag_01_data_collection.py took 0.048 seconds
[2026-03-15T23:40:54.704+0000] {processor.py:161} INFO - Started process (PID=409) to work on /opt/airflow/dags/dag_01_data_collection.py
[2026-03-15T23:40:54.705+0000] {processor.py:830} INFO - Processing file /opt/airflow/dags/dag_01_data_collection.py for tasks to queue
[2026-03-15T23:40:54.706+0000] {logging_mixin.py:188} INFO - [2026-03-15T23:40:54.705+0000] {dagbag.py:538} INFO - Filling up the DagBag from /opt/airflow/dags/dag_01_data_collection.py
[2026-03-15T23:40:54.716+0000] {processor.py:840} INFO - DAG(s) '1_data_collection' retrieved from /opt/airflow/dags/dag_01_data_collection.py
[2026-03-15T23:40:54.733+0000] {logging_mixin.py:188} INFO - [2026-03-15T23:40:54.733+0000] {dag.py:3036} INFO - Sync 1 DAGs
[2026-03-15T23:40:54.750+0000] {processor.py:183} INFO - Processing /opt/airflow/dags/dag_01_data_collection.py took 0.049 seconds
[2026-03-15T23:41:25.013+0000] {processor.py:161} INFO - Started process (PID=422) to work on /opt/airflow/dags/dag_01_data_collection.py
[2026-03-15T23:41:25.014+0000] {processor.py:830} INFO - Processing file /opt/airflow/dags/dag_01_data_collection.py for tasks to queue
[2026-03-15T23:41:25.015+0000] {logging_mixin.py:188} INFO - [2026-03-15T23:41:25.015+0000] {dagbag.py:538} INFO - Filling up the DagBag from /opt/airflow/dags/dag_01_data_collection.py
[2026-03-15T23:41:25.025+0000] {processor.py:840} INFO - DAG(s) '1_data_collection' retrieved from /opt/airflow/dags/dag_01_data_collection.py
[2026-03-15T23:41:25.043+0000] {logging_mixin.py:188} INFO - [2026-03-15T23:41:25.043+0000] {dag.py:3036} INFO - Sync 1 DAGs
[2026-03-15T23:41:25.058+0000] {processor.py:183} INFO - Processing /opt/airflow/dags/dag_01_data_collection.py took 0.048 seconds
[2026-03-15T23:41:55.317+0000] {processor.py:161} INFO - Started process (PID=433) to work on /opt/airflow/dags/dag_01_data_collection.py
[2026-03-15T23:41:55.318+0000] {processor.py:830} INFO - Processing file /opt/airflow/dags/dag_01_data_collection.py for tasks to queue
[2026-03-15T23:41:55.319+0000] {logging_mixin.py:188} INFO - [2026-03-15T23:41:55.318+0000] {dagbag.py:538} INFO - Filling up the DagBag from /opt/airflow/dags/dag_01_data_collection.py
[2026-03-15T23:41:55.328+0000] {processor.py:840} INFO - DAG(s) '1_data_collection' retrieved from /opt/airflow/dags/dag_01_data_collection.py
[2026-03-15T23:41:55.343+0000] {logging_mixin.py:188} INFO - [2026-03-15T23:41:55.343+0000] {dag.py:3036} INFO - Sync 1 DAGs
[2026-03-15T23:41:55.360+0000] {processor.py:183} INFO - Processing /opt/airflow/dags/dag_01_data_collection.py took 0.045 seconds
[2026-03-15T23:42:25.595+0000] {processor.py:161} INFO - Started process (PID=446) to work on /opt/airflow/dags/dag_01_data_collection.py
[2026-03-15T23:42:25.596+0000] {processor.py:830} INFO - Processing file /opt/airflow/dags/dag_01_data_collection.py for tasks to queue
[2026-03-15T23:42:25.596+0000] {logging_mixin.py:188} INFO - [2026-03-15T23:42:25.596+0000] {dagbag.py:538} INFO - Filling up the DagBag from /opt/airflow/dags/dag_01_data_collection.py
[2026-03-15T23:42:25.606+0000] {processor.py:840} INFO - DAG(s) '1_data_collection' retrieved from /opt/airflow/dags/dag_01_data_collection.py
[2026-03-15T23:42:25.622+0000] {logging_mixin.py:188} INFO - [2026-03-15T23:42:25.621+0000] {dag.py:3036} INFO - Sync 1 DAGs
[2026-03-15T23:42:25.638+0000] {processor.py:183} INFO - Processing /opt/airflow/dags/dag_01_data_collection.py took 0.046 seconds
[2026-03-15T23:43:03.417+0000] {processor.py:161} INFO - Started process (PID=171) to work on /opt/airflow/dags/dag_01_data_collection.py
[2026-03-15T23:43:03.420+0000] {processor.py:830} INFO - Processing file /opt/airflow/dags/dag_01_data_collection.py for tasks to queue
[2026-03-15T23:43:03.421+0000] {logging_mixin.py:188} INFO - [2026-03-15T23:43:03.420+0000] {dagbag.py:538} INFO - Filling up the DagBag from /opt/airflow/dags/dag_01_data_collection.py
[2026-03-15T23:43:03.432+0000] {processor.py:840} INFO - DAG(s) '1_data_collection' retrieved from /opt/airflow/dags/dag_01_data_collection.py
[2026-03-15T23:43:03.524+0000] {logging_mixin.py:188} INFO - [2026-03-15T23:43:03.524+0000] {override.py:1769} INFO - Created Permission View: can read on DAG:1_data_collection
[2026-03-15T23:43:03.527+0000] {logging_mixin.py:188} INFO - [2026-03-15T23:43:03.527+0000] {override.py:1769} INFO - Created Permission View: can edit on DAG:1_data_collection
[2026-03-15T23:43:03.529+0000] {logging_mixin.py:188} INFO - [2026-03-15T23:43:03.529+0000] {override.py:1769} INFO - Created Permission View: can delete on DAG:1_data_collection
[2026-03-15T23:43:03.529+0000] {logging_mixin.py:188} INFO - [2026-03-15T23:43:03.529+0000] {dag.py:3036} INFO - Sync 1 DAGs
[2026-03-15T23:43:03.534+0000] {logging_mixin.py:188} INFO - [2026-03-15T23:43:03.534+0000] {dag.py:3058} INFO - Creating ORM DAG for 1_data_collection
[2026-03-15T23:43:03.539+0000] {logging_mixin.py:188} INFO - [2026-03-15T23:43:03.539+0000] {dag.py:3823} INFO - Setting next_dagrun for 1_data_collection to 2026-03-15 23:35:00+00:00, run_after=2026-03-15 23:40:00+00:00
[2026-03-15T23:43:03.547+0000] {processor.py:183} INFO - Processing /opt/airflow/dags/dag_01_data_collection.py took 0.132 seconds
[2026-03-15T23:43:33.690+0000] {processor.py:161} INFO - Started process (PID=185) to work on /opt/airflow/dags/dag_01_data_collection.py
[2026-03-15T23:43:33.690+0000] {processor.py:830} INFO - Processing file /opt/airflow/dags/dag_01_data_collection.py for tasks to queue
[2026-03-15T23:43:33.691+0000] {logging_mixin.py:188} INFO - [2026-03-15T23:43:33.691+0000] {dagbag.py:538} INFO - Filling up the DagBag from /opt/airflow/dags/dag_01_data_collection.py
[2026-03-15T23:43:33.701+0000] {processor.py:840} INFO - DAG(s) '1_data_collection' retrieved from /opt/airflow/dags/dag_01_data_collection.py
[2026-03-15T23:43:33.719+0000] {logging_mixin.py:188} INFO - [2026-03-15T23:43:33.719+0000] {dag.py:3036} INFO - Sync 1 DAGs
[2026-03-15T23:43:33.736+0000] {processor.py:183} INFO - Processing /opt/airflow/dags/dag_01_data_collection.py took 0.049 seconds
[2026-03-15T23:44:03.968+0000] {processor.py:161} INFO - Started process (PID=196) to work on /opt/airflow/dags/dag_01_data_collection.py
[2026-03-15T23:44:03.969+0000] {processor.py:830} INFO - Processing file /opt/airflow/dags/dag_01_data_collection.py for tasks to queue
[2026-03-15T23:44:03.969+0000] {logging_mixin.py:188} INFO - [2026-03-15T23:44:03.969+0000] {dagbag.py:538} INFO - Filling up the DagBag from /opt/airflow/dags/dag_01_data_collection.py
[2026-03-15T23:44:03.978+0000] {processor.py:840} INFO - DAG(s) '1_data_collection' retrieved from /opt/airflow/dags/dag_01_data_collection.py
[2026-03-15T23:44:03.993+0000] {logging_mixin.py:188} INFO - [2026-03-15T23:44:03.993+0000] {dag.py:3036} INFO - Sync 1 DAGs
[2026-03-15T23:44:04.011+0000] {processor.py:183} INFO - Processing /opt/airflow/dags/dag_01_data_collection.py took 0.044 seconds
[2026-03-15T23:44:34.207+0000] {processor.py:161} INFO - Started process (PID=209) to work on /opt/airflow/dags/dag_01_data_collection.py
[2026-03-15T23:44:34.208+0000] {processor.py:830} INFO - Processing file /opt/airflow/dags/dag_01_data_collection.py for tasks to queue
[2026-03-15T23:44:34.209+0000] {logging_mixin.py:188} INFO - [2026-03-15T23:44:34.209+0000] {dagbag.py:538} INFO - Filling up the DagBag from /opt/airflow/dags/dag_01_data_collection.py
[2026-03-15T23:44:34.217+0000] {processor.py:840} INFO - DAG(s) '1_data_collection' retrieved from /opt/airflow/dags/dag_01_data_collection.py
[2026-03-15T23:44:34.232+0000] {logging_mixin.py:188} INFO - [2026-03-15T23:44:34.231+0000] {dag.py:3036} INFO - Sync 1 DAGs
[2026-03-15T23:44:34.251+0000] {processor.py:183} INFO - Processing /opt/airflow/dags/dag_01_data_collection.py took 0.045 seconds
[2026-03-15T23:45:04.464+0000] {processor.py:161} INFO - Started process (PID=226) to work on /opt/airflow/dags/dag_01_data_collection.py
[2026-03-15T23:45:04.465+0000] {processor.py:830} INFO - Processing file /opt/airflow/dags/dag_01_data_collection.py for tasks to queue
[2026-03-15T23:45:04.465+0000] {logging_mixin.py:188} INFO - [2026-03-15T23:45:04.465+0000] {dagbag.py:538} INFO - Filling up the DagBag from /opt/airflow/dags/dag_01_data_collection.py
[2026-03-15T23:45:04.471+0000] {processor.py:840} INFO - DAG(s) '1_data_collection' retrieved from /opt/airflow/dags/dag_01_data_collection.py
[2026-03-15T23:45:04.486+0000] {logging_mixin.py:188} INFO - [2026-03-15T23:45:04.485+0000] {dag.py:3036} INFO - Sync 1 DAGs
[2026-03-15T23:45:04.502+0000] {processor.py:183} INFO - Processing /opt/airflow/dags/dag_01_data_collection.py took 0.039 seconds
[2026-03-15T23:45:34.702+0000] {processor.py:161} INFO - Started process (PID=239) to work on /opt/airflow/dags/dag_01_data_collection.py
[2026-03-15T23:45:34.703+0000] {processor.py:830} INFO - Processing file /opt/airflow/dags/dag_01_data_collection.py for tasks to queue
[2026-03-15T23:45:34.703+0000] {logging_mixin.py:188} INFO - [2026-03-15T23:45:34.703+0000] {dagbag.py:538} INFO - Filling up the DagBag from /opt/airflow/dags/dag_01_data_collection.py
[2026-03-15T23:45:34.710+0000] {processor.py:840} INFO - DAG(s) '1_data_collection' retrieved from /opt/airflow/dags/dag_01_data_collection.py
[2026-03-15T23:45:34.724+0000] {logging_mixin.py:188} INFO - [2026-03-15T23:45:34.724+0000] {dag.py:3036} INFO - Sync 1 DAGs
[2026-03-15T23:45:34.742+0000] {processor.py:183} INFO - Processing /opt/airflow/dags/dag_01_data_collection.py took 0.041 seconds
[2026-03-15T23:46:04.949+0000] {processor.py:161} INFO - Started process (PID=250) to work on /opt/airflow/dags/dag_01_data_collection.py
[2026-03-15T23:46:04.950+0000] {processor.py:830} INFO - Processing file /opt/airflow/dags/dag_01_data_collection.py for tasks to queue
[2026-03-15T23:46:04.950+0000] {logging_mixin.py:188} INFO - [2026-03-15T23:46:04.950+0000] {dagbag.py:538} INFO - Filling up the DagBag from /opt/airflow/dags/dag_01_data_collection.py
[2026-03-15T23:46:04.956+0000] {processor.py:840} INFO - DAG(s) '1_data_collection' retrieved from /opt/airflow/dags/dag_01_data_collection.py
[2026-03-15T23:46:04.969+0000] {logging_mixin.py:188} INFO - [2026-03-15T23:46:04.969+0000] {dag.py:3036} INFO - Sync 1 DAGs
[2026-03-15T23:46:04.983+0000] {processor.py:183} INFO - Processing /opt/airflow/dags/dag_01_data_collection.py took 0.035 seconds
[2026-03-15T23:46:35.214+0000] {processor.py:161} INFO - Started process (PID=265) to work on /opt/airflow/dags/dag_01_data_collection.py
[2026-03-15T23:46:35.214+0000] {processor.py:830} INFO - Processing file /opt/airflow/dags/dag_01_data_collection.py for tasks to queue
[2026-03-15T23:46:35.215+0000] {logging_mixin.py:188} INFO - [2026-03-15T23:46:35.215+0000] {dagbag.py:538} INFO - Filling up the DagBag from /opt/airflow/dags/dag_01_data_collection.py
[2026-03-15T23:46:35.225+0000] {processor.py:840} INFO - DAG(s) '1_data_collection' retrieved from /opt/airflow/dags/dag_01_data_collection.py
[2026-03-15T23:46:35.241+0000] {logging_mixin.py:188} INFO - [2026-03-15T23:46:35.241+0000] {dag.py:3036} INFO - Sync 1 DAGs
[2026-03-15T23:46:35.260+0000] {processor.py:183} INFO - Processing /opt/airflow/dags/dag_01_data_collection.py took 0.049 seconds
[2026-03-15T23:47:05.483+0000] {processor.py:161} INFO - Started process (PID=276) to work on /opt/airflow/dags/dag_01_data_collection.py
[2026-03-15T23:47:05.484+0000] {processor.py:830} INFO - Processing file /opt/airflow/dags/dag_01_data_collection.py for tasks to queue
[2026-03-15T23:47:05.484+0000] {logging_mixin.py:188} INFO - [2026-03-15T23:47:05.484+0000] {dagbag.py:538} INFO - Filling up the DagBag from /opt/airflow/dags/dag_01_data_collection.py
[2026-03-15T23:47:05.494+0000] {processor.py:840} INFO - DAG(s) '1_data_collection' retrieved from /opt/airflow/dags/dag_01_data_collection.py
[2026-03-15T23:47:05.517+0000] {logging_mixin.py:188} INFO - [2026-03-15T23:47:05.517+0000] {dag.py:3036} INFO - Sync 1 DAGs
[2026-03-15T23:47:05.538+0000] {processor.py:183} INFO - Processing /opt/airflow/dags/dag_01_data_collection.py took 0.058 seconds
[2026-03-15T23:47:35.739+0000] {processor.py:161} INFO - Started process (PID=289) to work on /opt/airflow/dags/dag_01_data_collection.py
[2026-03-15T23:47:35.740+0000] {processor.py:830} INFO - Processing file /opt/airflow/dags/dag_01_data_collection.py for tasks to queue
[2026-03-15T23:47:35.741+0000] {logging_mixin.py:188} INFO - [2026-03-15T23:47:35.741+0000] {dagbag.py:538} INFO - Filling up the DagBag from /opt/airflow/dags/dag_01_data_collection.py
[2026-03-15T23:47:35.750+0000] {processor.py:840} INFO - DAG(s) '1_data_collection' retrieved from /opt/airflow/dags/dag_01_data_collection.py
[2026-03-15T23:47:35.765+0000] {logging_mixin.py:188} INFO - [2026-03-15T23:47:35.765+0000] {dag.py:3036} INFO - Sync 1 DAGs
[2026-03-15T23:47:35.782+0000] {processor.py:183} INFO - Processing /opt/airflow/dags/dag_01_data_collection.py took 0.045 seconds
[2026-03-15T23:48:05.991+0000] {processor.py:161} INFO - Started process (PID=300) to work on /opt/airflow/dags/dag_01_data_collection.py
[2026-03-15T23:48:05.992+0000] {processor.py:830} INFO - Processing file /opt/airflow/dags/dag_01_data_collection.py for tasks to queue
[2026-03-15T23:48:05.992+0000] {logging_mixin.py:188} INFO - [2026-03-15T23:48:05.992+0000] {dagbag.py:538} INFO - Filling up the DagBag from /opt/airflow/dags/dag_01_data_collection.py
[2026-03-15T23:48:06.001+0000] {processor.py:840} INFO - DAG(s) '1_data_collection' retrieved from /opt/airflow/dags/dag_01_data_collection.py
[2026-03-15T23:48:06.018+0000] {logging_mixin.py:188} INFO - [2026-03-15T23:48:06.018+0000] {dag.py:3036} INFO - Sync 1 DAGs
[2026-03-15T23:48:06.035+0000] {processor.py:183} INFO - Processing /opt/airflow/dags/dag_01_data_collection.py took 0.046 seconds
[2026-03-15T23:48:36.281+0000] {processor.py:161} INFO - Started process (PID=312) to work on /opt/airflow/dags/dag_01_data_collection.py
[2026-03-15T23:48:36.282+0000] {processor.py:830} INFO - Processing file /opt/airflow/dags/dag_01_data_collection.py for tasks to queue
[2026-03-15T23:48:36.282+0000] {logging_mixin.py:188} INFO - [2026-03-15T23:48:36.282+0000] {dagbag.py:538} INFO - Filling up the DagBag from /opt/airflow/dags/dag_01_data_collection.py
[2026-03-15T23:48:36.291+0000] {processor.py:840} INFO - DAG(s) '1_data_collection' retrieved from /opt/airflow/dags/dag_01_data_collection.py
[2026-03-15T23:48:36.307+0000] {logging_mixin.py:188} INFO - [2026-03-15T23:48:36.307+0000] {dag.py:3036} INFO - Sync 1 DAGs
[2026-03-15T23:48:36.325+0000] {processor.py:183} INFO - Processing /opt/airflow/dags/dag_01_data_collection.py took 0.047 seconds
[2026-03-15T23:49:06.560+0000] {processor.py:161} INFO - Started process (PID=323) to work on /opt/airflow/dags/dag_01_data_collection.py
[2026-03-15T23:49:06.561+0000] {processor.py:830} INFO - Processing file /opt/airflow/dags/dag_01_data_collection.py for tasks to queue
[2026-03-15T23:49:06.562+0000] {logging_mixin.py:188} INFO - [2026-03-15T23:49:06.561+0000] {dagbag.py:538} INFO - Filling up the DagBag from /opt/airflow/dags/dag_01_data_collection.py
[2026-03-15T23:49:06.573+0000] {processor.py:840} INFO - DAG(s) '1_data_collection' retrieved from /opt/airflow/dags/dag_01_data_collection.py
[2026-03-15T23:49:06.591+0000] {logging_mixin.py:188} INFO - [2026-03-15T23:49:06.591+0000] {dag.py:3036} INFO - Sync 1 DAGs
[2026-03-15T23:49:06.609+0000] {processor.py:183} INFO - Processing /opt/airflow/dags/dag_01_data_collection.py took 0.051 seconds
[2026-03-15T23:49:36.841+0000] {processor.py:161} INFO - Started process (PID=336) to work on /opt/airflow/dags/dag_01_data_collection.py
[2026-03-15T23:49:36.841+0000] {processor.py:830} INFO - Processing file /opt/airflow/dags/dag_01_data_collection.py for tasks to queue
[2026-03-15T23:49:36.842+0000] {logging_mixin.py:188} INFO - [2026-03-15T23:49:36.842+0000] {dagbag.py:538} INFO - Filling up the DagBag from /opt/airflow/dags/dag_01_data_collection.py
[2026-03-15T23:49:36.852+0000] {processor.py:840} INFO - DAG(s) '1_data_collection' retrieved from /opt/airflow/dags/dag_01_data_collection.py
[2026-03-15T23:49:36.869+0000] {logging_mixin.py:188} INFO - [2026-03-15T23:49:36.869+0000] {dag.py:3036} INFO - Sync 1 DAGs
[2026-03-15T23:49:36.881+0000] {logging_mixin.py:188} INFO - [2026-03-15T23:49:36.880+0000] {dag.py:3823} INFO - Setting next_dagrun for 1_data_collection to 2026-03-15 23:45:00+00:00, run_after=2026-03-15 23:50:00+00:00
[2026-03-15T23:49:36.888+0000] {processor.py:183} INFO - Processing /opt/airflow/dags/dag_01_data_collection.py took 0.050 seconds
[2026-03-15T23:50:07.093+0000] {processor.py:161} INFO - Started process (PID=349) to work on /opt/airflow/dags/dag_01_data_collection.py
[2026-03-15T23:50:07.094+0000] {processor.py:830} INFO - Processing file /opt/airflow/dags/dag_01_data_collection.py for tasks to queue
[2026-03-15T23:50:07.095+0000] {logging_mixin.py:188} INFO - [2026-03-15T23:50:07.095+0000] {dagbag.py:538} INFO - Filling up the DagBag from /opt/airflow/dags/dag_01_data_collection.py
[2026-03-15T23:50:07.104+0000] {processor.py:840} INFO - DAG(s) '1_data_collection' retrieved from /opt/airflow/dags/dag_01_data_collection.py
[2026-03-15T23:50:07.119+0000] {logging_mixin.py:188} INFO - [2026-03-15T23:50:07.119+0000] {dag.py:3036} INFO - Sync 1 DAGs
[2026-03-15T23:50:07.136+0000] {processor.py:183} INFO - Processing /opt/airflow/dags/dag_01_data_collection.py took 0.045 seconds
[2026-03-15T23:50:37.353+0000] {processor.py:161} INFO - Started process (PID=360) to work on /opt/airflow/dags/dag_01_data_collection.py
[2026-03-15T23:50:37.354+0000] {processor.py:830} INFO - Processing file /opt/airflow/dags/dag_01_data_collection.py for tasks to queue
[2026-03-15T23:50:37.354+0000] {logging_mixin.py:188} INFO - [2026-03-15T23:50:37.354+0000] {dagbag.py:538} INFO - Filling up the DagBag from /opt/airflow/dags/dag_01_data_collection.py
[2026-03-15T23:50:37.361+0000] {processor.py:840} INFO - DAG(s) '1_data_collection' retrieved from /opt/airflow/dags/dag_01_data_collection.py
[2026-03-15T23:50:37.374+0000] {logging_mixin.py:188} INFO - [2026-03-15T23:50:37.374+0000] {dag.py:3036} INFO - Sync 1 DAGs
[2026-03-15T23:50:37.392+0000] {processor.py:183} INFO - Processing /opt/airflow/dags/dag_01_data_collection.py took 0.041 seconds
[2026-03-15T23:51:07.576+0000] {processor.py:161} INFO - Started process (PID=373) to work on /opt/airflow/dags/dag_01_data_collection.py
[2026-03-15T23:51:07.576+0000] {processor.py:830} INFO - Processing file /opt/airflow/dags/dag_01_data_collection.py for tasks to queue
[2026-03-15T23:51:07.577+0000] {logging_mixin.py:188} INFO - [2026-03-15T23:51:07.577+0000] {dagbag.py:538} INFO - Filling up the DagBag from /opt/airflow/dags/dag_01_data_collection.py
[2026-03-15T23:51:07.584+0000] {processor.py:840} INFO - DAG(s) '1_data_collection' retrieved from /opt/airflow/dags/dag_01_data_collection.py
[2026-03-15T23:51:07.599+0000] {logging_mixin.py:188} INFO - [2026-03-15T23:51:07.599+0000] {dag.py:3036} INFO - Sync 1 DAGs
[2026-03-15T23:51:07.615+0000] {processor.py:183} INFO - Processing /opt/airflow/dags/dag_01_data_collection.py took 0.041 seconds
[2026-03-15T23:51:37.820+0000] {processor.py:161} INFO - Started process (PID=384) to work on /opt/airflow/dags/dag_01_data_collection.py
[2026-03-15T23:51:37.820+0000] {processor.py:830} INFO - Processing file /opt/airflow/dags/dag_01_data_collection.py for tasks to queue
[2026-03-15T23:51:37.821+0000] {logging_mixin.py:188} INFO - [2026-03-15T23:51:37.821+0000] {dagbag.py:538} INFO - Filling up the DagBag from /opt/airflow/dags/dag_01_data_collection.py
[2026-03-15T23:51:37.831+0000] {processor.py:840} INFO - DAG(s) '1_data_collection' retrieved from /opt/airflow/dags/dag_01_data_collection.py
[2026-03-15T23:51:37.852+0000] {logging_mixin.py:188} INFO - [2026-03-15T23:51:37.852+0000] {dag.py:3036} INFO - Sync 1 DAGs
[2026-03-15T23:51:37.873+0000] {processor.py:183} INFO - Processing /opt/airflow/dags/dag_01_data_collection.py took 0.056 seconds
[2026-03-15T23:52:08.087+0000] {processor.py:161} INFO - Started process (PID=397) to work on /opt/airflow/dags/dag_01_data_collection.py
[2026-03-15T23:52:08.088+0000] {processor.py:830} INFO - Processing file /opt/airflow/dags/dag_01_data_collection.py for tasks to queue
[2026-03-15T23:52:08.088+0000] {logging_mixin.py:188} INFO - [2026-03-15T23:52:08.088+0000] {dagbag.py:538} INFO - Filling up the DagBag from /opt/airflow/dags/dag_01_data_collection.py
[2026-03-15T23:52:08.098+0000] {processor.py:840} INFO - DAG(s) '1_data_collection' retrieved from /opt/airflow/dags/dag_01_data_collection.py
[2026-03-15T23:52:08.115+0000] {logging_mixin.py:188} INFO - [2026-03-15T23:52:08.115+0000] {dag.py:3036} INFO - Sync 1 DAGs
[2026-03-15T23:52:08.131+0000] {processor.py:183} INFO - Processing /opt/airflow/dags/dag_01_data_collection.py took 0.047 seconds
[2026-03-15T23:52:38.363+0000] {processor.py:161} INFO - Started process (PID=408) to work on /opt/airflow/dags/dag_01_data_collection.py
[2026-03-15T23:52:38.364+0000] {processor.py:830} INFO - Processing file /opt/airflow/dags/dag_01_data_collection.py for tasks to queue
[2026-03-15T23:52:38.365+0000] {logging_mixin.py:188} INFO - [2026-03-15T23:52:38.364+0000] {dagbag.py:538} INFO - Filling up the DagBag from /opt/airflow/dags/dag_01_data_collection.py
[2026-03-15T23:52:38.373+0000] {processor.py:840} INFO - DAG(s) '1_data_collection' retrieved from /opt/airflow/dags/dag_01_data_collection.py
[2026-03-15T23:52:38.388+0000] {logging_mixin.py:188} INFO - [2026-03-15T23:52:38.388+0000] {dag.py:3036} INFO - Sync 1 DAGs
[2026-03-15T23:52:38.406+0000] {processor.py:183} INFO - Processing /opt/airflow/dags/dag_01_data_collection.py took 0.045 seconds
[2026-03-15T23:53:08.638+0000] {processor.py:161} INFO - Started process (PID=421) to work on /opt/airflow/dags/dag_01_data_collection.py
[2026-03-15T23:53:08.639+0000] {processor.py:830} INFO - Processing file /opt/airflow/dags/dag_01_data_collection.py for tasks to queue
[2026-03-15T23:53:08.639+0000] {logging_mixin.py:188} INFO - [2026-03-15T23:53:08.639+0000] {dagbag.py:538} INFO - Filling up the DagBag from /opt/airflow/dags/dag_01_data_collection.py
[2026-03-15T23:53:08.645+0000] {processor.py:840} INFO - DAG(s) '1_data_collection' retrieved from /opt/airflow/dags/dag_01_data_collection.py
[2026-03-15T23:53:08.659+0000] {logging_mixin.py:188} INFO - [2026-03-15T23:53:08.659+0000] {dag.py:3036} INFO - Sync 1 DAGs
[2026-03-15T23:53:08.669+0000] {logging_mixin.py:188} INFO - [2026-03-15T23:53:08.669+0000] {dag.py:3823} INFO - Setting next_dagrun for 1_data_collection to 2026-03-15 23:50:00+00:00, run_after=2026-03-15 23:55:00+00:00
[2026-03-15T23:53:08.676+0000] {processor.py:183} INFO - Processing /opt/airflow/dags/dag_01_data_collection.py took 0.040 seconds
[2026-03-15T23:53:38.877+0000] {processor.py:161} INFO - Started process (PID=432) to work on /opt/airflow/dags/dag_01_data_collection.py
[2026-03-15T23:53:38.877+0000] {processor.py:830} INFO - Processing file /opt/airflow/dags/dag_01_data_collection.py for tasks to queue
[2026-03-15T23:53:38.878+0000] {logging_mixin.py:188} INFO - [2026-03-15T23:53:38.877+0000] {dagbag.py:538} INFO - Filling up the DagBag from /opt/airflow/dags/dag_01_data_collection.py
[2026-03-15T23:53:38.884+0000] {processor.py:840} INFO - DAG(s) '1_data_collection' retrieved from /opt/airflow/dags/dag_01_data_collection.py
[2026-03-15T23:53:38.898+0000] {logging_mixin.py:188} INFO - [2026-03-15T23:53:38.898+0000] {dag.py:3036} INFO - Sync 1 DAGs
[2026-03-15T23:53:38.909+0000] {logging_mixin.py:188} INFO - [2026-03-15T23:53:38.909+0000] {dag.py:3823} INFO - Setting next_dagrun for 1_data_collection to 2026-03-15 23:50:00+00:00, run_after=2026-03-15 23:55:00+00:00
[2026-03-15T23:53:38.915+0000] {processor.py:183} INFO - Processing /opt/airflow/dags/dag_01_data_collection.py took 0.041 seconds
[2026-03-15T23:54:09.134+0000] {processor.py:161} INFO - Started process (PID=443) to work on /opt/airflow/dags/dag_01_data_collection.py
[2026-03-15T23:54:09.134+0000] {processor.py:830} INFO - Processing file /opt/airflow/dags/dag_01_data_collection.py for tasks to queue
[2026-03-15T23:54:09.135+0000] {logging_mixin.py:188} INFO - [2026-03-15T23:54:09.135+0000] {dagbag.py:538} INFO - Filling up the DagBag from /opt/airflow/dags/dag_01_data_collection.py
[2026-03-15T23:54:09.142+0000] {processor.py:840} INFO - DAG(s) '1_data_collection' retrieved from /opt/airflow/dags/dag_01_data_collection.py
[2026-03-15T23:54:09.156+0000] {logging_mixin.py:188} INFO - [2026-03-15T23:54:09.156+0000] {dag.py:3036} INFO - Sync 1 DAGs
[2026-03-15T23:54:09.165+0000] {logging_mixin.py:188} INFO - [2026-03-15T23:54:09.165+0000] {dag.py:3823} INFO - Setting next_dagrun for 1_data_collection to 2026-03-15 23:50:00+00:00, run_after=2026-03-15 23:55:00+00:00
[2026-03-15T23:54:09.172+0000] {processor.py:183} INFO - Processing /opt/airflow/dags/dag_01_data_collection.py took 0.041 seconds
[2026-03-15T23:54:39.424+0000] {processor.py:161} INFO - Started process (PID=454) to work on /opt/airflow/dags/dag_01_data_collection.py
[2026-03-15T23:54:39.425+0000] {processor.py:830} INFO - Processing file /opt/airflow/dags/dag_01_data_collection.py for tasks to queue
[2026-03-15T23:54:39.425+0000] {logging_mixin.py:188} INFO - [2026-03-15T23:54:39.425+0000] {dagbag.py:538} INFO - Filling up the DagBag from /opt/airflow/dags/dag_01_data_collection.py
[2026-03-15T23:54:39.435+0000] {processor.py:840} INFO - DAG(s) '1_data_collection' retrieved from /opt/airflow/dags/dag_01_data_collection.py
[2026-03-15T23:54:39.450+0000] {logging_mixin.py:188} INFO - [2026-03-15T23:54:39.450+0000] {dag.py:3036} INFO - Sync 1 DAGs
[2026-03-15T23:54:39.461+0000] {logging_mixin.py:188} INFO - [2026-03-15T23:54:39.461+0000] {dag.py:3823} INFO - Setting next_dagrun for 1_data_collection to 2026-03-15 23:50:00+00:00, run_after=2026-03-15 23:55:00+00:00
[2026-03-15T23:54:39.468+0000] {processor.py:183} INFO - Processing /opt/airflow/dags/dag_01_data_collection.py took 0.047 seconds
[2026-03-15T23:55:09.655+0000] {processor.py:161} INFO - Started process (PID=467) to work on /opt/airflow/dags/dag_01_data_collection.py
[2026-03-15T23:55:09.655+0000] {processor.py:830} INFO - Processing file /opt/airflow/dags/dag_01_data_collection.py for tasks to queue
[2026-03-15T23:55:09.656+0000] {logging_mixin.py:188} INFO - [2026-03-15T23:55:09.655+0000] {dagbag.py:538} INFO - Filling up the DagBag from /opt/airflow/dags/dag_01_data_collection.py
[2026-03-15T23:55:09.661+0000] {processor.py:840} INFO - DAG(s) '1_data_collection' retrieved from /opt/airflow/dags/dag_01_data_collection.py
[2026-03-15T23:55:09.672+0000] {logging_mixin.py:188} INFO - [2026-03-15T23:55:09.672+0000] {dag.py:3036} INFO - Sync 1 DAGs
[2026-03-15T23:55:09.686+0000] {processor.py:183} INFO - Processing /opt/airflow/dags/dag_01_data_collection.py took 0.033 seconds
[2026-03-15T23:55:39.895+0000] {processor.py:161} INFO - Started process (PID=478) to work on /opt/airflow/dags/dag_01_data_collection.py
[2026-03-15T23:55:39.896+0000] {processor.py:830} INFO - Processing file /opt/airflow/dags/dag_01_data_collection.py for tasks to queue
[2026-03-15T23:55:39.896+0000] {logging_mixin.py:188} INFO - [2026-03-15T23:55:39.896+0000] {dagbag.py:538} INFO - Filling up the DagBag from /opt/airflow/dags/dag_01_data_collection.py
[2026-03-15T23:55:39.903+0000] {processor.py:840} INFO - DAG(s) '1_data_collection' retrieved from /opt/airflow/dags/dag_01_data_collection.py
[2026-03-15T23:55:39.917+0000] {logging_mixin.py:188} INFO - [2026-03-15T23:55:39.917+0000] {dag.py:3036} INFO - Sync 1 DAGs
[2026-03-15T23:55:39.933+0000] {processor.py:183} INFO - Processing /opt/airflow/dags/dag_01_data_collection.py took 0.040 seconds
[2026-03-15T23:56:10.160+0000] {processor.py:161} INFO - Started process (PID=491) to work on /opt/airflow/dags/dag_01_data_collection.py
[2026-03-15T23:56:10.160+0000] {processor.py:830} INFO - Processing file /opt/airflow/dags/dag_01_data_collection.py for tasks to queue
[2026-03-15T23:56:10.161+0000] {logging_mixin.py:188} INFO - [2026-03-15T23:56:10.161+0000] {dagbag.py:538} INFO - Filling up the DagBag from /opt/airflow/dags/dag_01_data_collection.py
[2026-03-15T23:56:10.173+0000] {processor.py:840} INFO - DAG(s) '1_data_collection' retrieved from /opt/airflow/dags/dag_01_data_collection.py
[2026-03-15T23:56:10.191+0000] {logging_mixin.py:188} INFO - [2026-03-15T23:56:10.191+0000] {dag.py:3036} INFO - Sync 1 DAGs
[2026-03-15T23:56:10.209+0000] {processor.py:183} INFO - Processing /opt/airflow/dags/dag_01_data_collection.py took 0.052 seconds
[2026-03-15T23:56:40.422+0000] {processor.py:161} INFO - Started process (PID=502) to work on /opt/airflow/dags/dag_01_data_collection.py
[2026-03-15T23:56:40.422+0000] {processor.py:830} INFO - Processing file /opt/airflow/dags/dag_01_data_collection.py for tasks to queue
[2026-03-15T23:56:40.423+0000] {logging_mixin.py:188} INFO - [2026-03-15T23:56:40.423+0000] {dagbag.py:538} INFO - Filling up the DagBag from /opt/airflow/dags/dag_01_data_collection.py
[2026-03-15T23:56:40.430+0000] {processor.py:840} INFO - DAG(s) '1_data_collection' retrieved from /opt/airflow/dags/dag_01_data_collection.py
[2026-03-15T23:56:40.444+0000] {logging_mixin.py:188} INFO - [2026-03-15T23:56:40.444+0000] {dag.py:3036} INFO - Sync 1 DAGs
[2026-03-15T23:56:40.459+0000] {processor.py:183} INFO - Processing /opt/airflow/dags/dag_01_data_collection.py took 0.040 seconds
[2026-03-15T23:57:10.673+0000] {processor.py:161} INFO - Started process (PID=515) to work on /opt/airflow/dags/dag_01_data_collection.py
[2026-03-15T23:57:10.674+0000] {processor.py:830} INFO - Processing file /opt/airflow/dags/dag_01_data_collection.py for tasks to queue
[2026-03-15T23:57:10.674+0000] {logging_mixin.py:188} INFO - [2026-03-15T23:57:10.674+0000] {dagbag.py:538} INFO - Filling up the DagBag from /opt/airflow/dags/dag_01_data_collection.py
[2026-03-15T23:57:10.683+0000] {processor.py:840} INFO - DAG(s) '1_data_collection' retrieved from /opt/airflow/dags/dag_01_data_collection.py
[2026-03-15T23:57:10.698+0000] {logging_mixin.py:188} INFO - [2026-03-15T23:57:10.698+0000] {dag.py:3036} INFO - Sync 1 DAGs
[2026-03-15T23:57:10.716+0000] {processor.py:183} INFO - Processing /opt/airflow/dags/dag_01_data_collection.py took 0.045 seconds
[2026-03-15T23:57:40.908+0000] {processor.py:161} INFO - Started process (PID=526) to work on /opt/airflow/dags/dag_01_data_collection.py
[2026-03-15T23:57:40.908+0000] {processor.py:830} INFO - Processing file /opt/airflow/dags/dag_01_data_collection.py for tasks to queue
[2026-03-15T23:57:40.909+0000] {logging_mixin.py:188} INFO - [2026-03-15T23:57:40.909+0000] {dagbag.py:538} INFO - Filling up the DagBag from /opt/airflow/dags/dag_01_data_collection.py
[2026-03-15T23:57:40.915+0000] {processor.py:840} INFO - DAG(s) '1_data_collection' retrieved from /opt/airflow/dags/dag_01_data_collection.py
[2026-03-15T23:57:40.929+0000] {logging_mixin.py:188} INFO - [2026-03-15T23:57:40.929+0000] {dag.py:3036} INFO - Sync 1 DAGs
[2026-03-15T23:57:40.946+0000] {processor.py:183} INFO - Processing /opt/airflow/dags/dag_01_data_collection.py took 0.040 seconds
[2026-03-15T23:58:11.172+0000] {processor.py:161} INFO - Started process (PID=539) to work on /opt/airflow/dags/dag_01_data_collection.py
[2026-03-15T23:58:11.173+0000] {processor.py:830} INFO - Processing file /opt/airflow/dags/dag_01_data_collection.py for tasks to queue
[2026-03-15T23:58:11.174+0000] {logging_mixin.py:188} INFO - [2026-03-15T23:58:11.173+0000] {dagbag.py:538} INFO - Filling up the DagBag from /opt/airflow/dags/dag_01_data_collection.py
[2026-03-15T23:58:11.181+0000] {processor.py:840} INFO - DAG(s) '1_data_collection' retrieved from /opt/airflow/dags/dag_01_data_collection.py
[2026-03-15T23:58:11.196+0000] {logging_mixin.py:188} INFO - [2026-03-15T23:58:11.196+0000] {dag.py:3036} INFO - Sync 1 DAGs
[2026-03-15T23:58:11.208+0000] {logging_mixin.py:188} INFO - [2026-03-15T23:58:11.208+0000] {dag.py:3823} INFO - Setting next_dagrun for 1_data_collection to 2026-03-15 23:55:00+00:00, run_after=2026-03-16 00:00:00+00:00
[2026-03-15T23:58:11.215+0000] {processor.py:183} INFO - Processing /opt/airflow/dags/dag_01_data_collection.py took 0.045 seconds
[2026-03-15T23:58:41.436+0000] {processor.py:161} INFO - Started process (PID=550) to work on /opt/airflow/dags/dag_01_data_collection.py
[2026-03-15T23:58:41.436+0000] {processor.py:830} INFO - Processing file /opt/airflow/dags/dag_01_data_collection.py for tasks to queue
[2026-03-15T23:58:41.437+0000] {logging_mixin.py:188} INFO - [2026-03-15T23:58:41.437+0000] {dagbag.py:538} INFO - Filling up the DagBag from /opt/airflow/dags/dag_01_data_collection.py
[2026-03-15T23:58:41.443+0000] {processor.py:840} INFO - DAG(s) '1_data_collection' retrieved from /opt/airflow/dags/dag_01_data_collection.py
[2026-03-15T23:58:41.456+0000] {logging_mixin.py:188} INFO - [2026-03-15T23:58:41.456+0000] {dag.py:3036} INFO - Sync 1 DAGs
[2026-03-15T23:58:41.466+0000] {logging_mixin.py:188} INFO - [2026-03-15T23:58:41.466+0000] {dag.py:3823} INFO - Setting next_dagrun for 1_data_collection to 2026-03-15 23:55:00+00:00, run_after=2026-03-16 00:00:00+00:00
[2026-03-15T23:58:41.473+0000] {processor.py:183} INFO - Processing /opt/airflow/dags/dag_01_data_collection.py took 0.039 seconds
[2026-03-15T23:59:11.702+0000] {processor.py:161} INFO - Started process (PID=561) to work on /opt/airflow/dags/dag_01_data_collection.py
[2026-03-15T23:59:11.703+0000] {processor.py:830} INFO - Processing file /opt/airflow/dags/dag_01_data_collection.py for tasks to queue
[2026-03-15T23:59:11.703+0000] {logging_mixin.py:188} INFO - [2026-03-15T23:59:11.703+0000] {dagbag.py:538} INFO - Filling up the DagBag from /opt/airflow/dags/dag_01_data_collection.py
[2026-03-15T23:59:11.711+0000] {processor.py:840} INFO - DAG(s) '1_data_collection' retrieved from /opt/airflow/dags/dag_01_data_collection.py
[2026-03-15T23:59:11.727+0000] {logging_mixin.py:188} INFO - [2026-03-15T23:59:11.726+0000] {dag.py:3036} INFO - Sync 1 DAGs
[2026-03-15T23:59:11.738+0000] {logging_mixin.py:188} INFO - [2026-03-15T23:59:11.738+0000] {dag.py:3823} INFO - Setting next_dagrun for 1_data_collection to 2026-03-15 23:55:00+00:00, run_after=2026-03-16 00:00:00+00:00
[2026-03-15T23:59:11.745+0000] {processor.py:183} INFO - Processing /opt/airflow/dags/dag_01_data_collection.py took 0.045 seconds
[2026-03-15T23:59:41.951+0000] {processor.py:161} INFO - Started process (PID=572) to work on /opt/airflow/dags/dag_01_data_collection.py
[2026-03-15T23:59:41.952+0000] {processor.py:830} INFO - Processing file /opt/airflow/dags/dag_01_data_collection.py for tasks to queue
[2026-03-15T23:59:41.952+0000] {logging_mixin.py:188} INFO - [2026-03-15T23:59:41.952+0000] {dagbag.py:538} INFO - Filling up the DagBag from /opt/airflow/dags/dag_01_data_collection.py
[2026-03-15T23:59:41.959+0000] {processor.py:840} INFO - DAG(s) '1_data_collection' retrieved from /opt/airflow/dags/dag_01_data_collection.py
[2026-03-15T23:59:41.972+0000] {logging_mixin.py:188} INFO - [2026-03-15T23:59:41.972+0000] {dag.py:3036} INFO - Sync 1 DAGs
[2026-03-15T23:59:41.982+0000] {logging_mixin.py:188} INFO - [2026-03-15T23:59:41.982+0000] {dag.py:3823} INFO - Setting next_dagrun for 1_data_collection to 2026-03-15 23:55:00+00:00, run_after=2026-03-16 00:00:00+00:00
[2026-03-15T23:59:41.988+0000] {processor.py:183} INFO - Processing /opt/airflow/dags/dag_01_data_collection.py took 0.039 seconds
