[2026-03-16T18:35:06.793+0000] {taskinstance.py:1956} INFO - Dependencies all met for dep_context=non-requeueable deps ti=<TaskInstance: 3_model_training.train_model manual__2026-03-16T18:35:05.462047+00:00 [queued]>
[2026-03-16T18:35:06.796+0000] {taskinstance.py:1956} INFO - Dependencies all met for dep_context=requeueable deps ti=<TaskInstance: 3_model_training.train_model manual__2026-03-16T18:35:05.462047+00:00 [queued]>
[2026-03-16T18:35:06.796+0000] {taskinstance.py:2170} INFO - Starting attempt 1 of 2
[2026-03-16T18:35:06.799+0000] {taskinstance.py:2191} INFO - Executing <Task(PythonOperator): train_model> on 2026-03-16 18:35:05.462047+00:00
[2026-03-16T18:35:06.801+0000] {standard_task_runner.py:60} INFO - Started process 1783 to run task
[2026-03-16T18:35:06.802+0000] {standard_task_runner.py:87} INFO - Running: ['***', 'tasks', 'run', '3_model_training', 'train_model', 'manual__2026-03-16T18:35:05.462047+00:00', '--job-id', '62', '--raw', '--subdir', 'DAGS_FOLDER/dag_03_data_training.py', '--cfg-path', '/tmp/tmp262oj6n6']
[2026-03-16T18:35:06.803+0000] {standard_task_runner.py:88} INFO - Job 62: Subtask train_model
[2026-03-16T18:35:06.820+0000] {task_command.py:423} INFO - Running <TaskInstance: 3_model_training.train_model manual__2026-03-16T18:35:05.462047+00:00 [running]> on host 3a7b3ca96720
[2026-03-16T18:35:06.847+0000] {taskinstance.py:2480} INFO - Exporting env vars: AIRFLOW_CTX_DAG_OWNER='mlops-team' AIRFLOW_CTX_DAG_ID='3_model_training' AIRFLOW_CTX_TASK_ID='train_model' AIRFLOW_CTX_EXECUTION_DATE='2026-03-16T18:35:05.462047+00:00' AIRFLOW_CTX_TRY_NUMBER='1' AIRFLOW_CTX_DAG_RUN_ID='manual__2026-03-16T18:35:05.462047+00:00'
[2026-03-16T18:35:07.390+0000] {dag_03_data_training.py:124} INFO - Train: (4066, 54), Val: (871, 54), Test: (873, 54)
[2026-03-16T18:35:07.393+0000] {dag_03_data_training.py:163} INFO - Training random_forest...
[2026-03-16T18:35:07.730+0000] {logging_mixin.py:188} WARNING - /home/***/.local/lib/python3.8/site-packages/sklearn/ensemble/_base.py:214 UserWarning: Loky-backed parallel loops cannot be called in a multiprocessing, setting n_jobs=1
[2026-03-16T18:35:07.746+0000] {dag_03_data_training.py:170} INFO -   random_forest: val_acc=0.9059, val_f1=0.8994
[2026-03-16T18:35:07.746+0000] {dag_03_data_training.py:163} INFO - Training gradient_boosting...
[2026-03-16T18:35:10.089+0000] {dag_03_data_training.py:170} INFO -   gradient_boosting: val_acc=0.9104, val_f1=0.9106
[2026-03-16T18:35:10.093+0000] {dag_03_data_training.py:188} INFO - Best model: gradient_boosting | test_acc=0.9278, test_f1=0.9245
[2026-03-16T18:35:10.131+0000] {dag_03_data_training.py:210} INFO - Model saved to /tmp/model_package.joblib
[2026-03-16T18:35:10.134+0000] {python.py:201} INFO - Done. Returned value was: None
[2026-03-16T18:35:10.138+0000] {taskinstance.py:1138} INFO - Marking task as SUCCESS. dag_id=3_model_training, task_id=train_model, execution_date=20260316T183505, start_date=20260316T183506, end_date=20260316T183510
[2026-03-16T18:35:10.182+0000] {local_task_job_runner.py:234} INFO - Task exited with return code 0
[2026-03-16T18:35:10.196+0000] {taskinstance.py:3280} INFO - 1 downstream tasks scheduled from follow-on schedule check
