[2026-03-16T03:55:03.004+0000] {taskinstance.py:1956} INFO - Dependencies all met for dep_context=non-requeueable deps ti=<TaskInstance: 1_data_collection.restart_data_generation scheduled__2026-03-16T03:50:00+00:00 [queued]>
[2026-03-16T03:55:03.007+0000] {taskinstance.py:1956} INFO - Dependencies all met for dep_context=requeueable deps ti=<TaskInstance: 1_data_collection.restart_data_generation scheduled__2026-03-16T03:50:00+00:00 [queued]>
[2026-03-16T03:55:03.007+0000] {taskinstance.py:2170} INFO - Starting attempt 1 of 4
[2026-03-16T03:55:03.011+0000] {taskinstance.py:2191} INFO - Executing <Task(PythonOperator): restart_data_generation> on 2026-03-16 03:50:00+00:00
[2026-03-16T03:55:03.013+0000] {standard_task_runner.py:60} INFO - Started process 381 to run task
[2026-03-16T03:55:03.015+0000] {standard_task_runner.py:87} INFO - Running: ['***', 'tasks', 'run', '1_data_collection', 'restart_data_generation', 'scheduled__2026-03-16T03:50:00+00:00', '--job-id', '12', '--raw', '--subdir', 'DAGS_FOLDER/dag_01_data_collection.py', '--cfg-path', '/tmp/tmpx0tz42ys']
[2026-03-16T03:55:03.016+0000] {standard_task_runner.py:88} INFO - Job 12: Subtask restart_data_generation
[2026-03-16T03:55:03.036+0000] {task_command.py:423} INFO - Running <TaskInstance: 1_data_collection.restart_data_generation scheduled__2026-03-16T03:50:00+00:00 [running]> on host a5b790665194
[2026-03-16T03:55:03.065+0000] {taskinstance.py:2480} INFO - Exporting env vars: AIRFLOW_CTX_DAG_OWNER='mlops-team' AIRFLOW_CTX_DAG_ID='1_data_collection' AIRFLOW_CTX_TASK_ID='restart_data_generation' AIRFLOW_CTX_EXECUTION_DATE='2026-03-16T03:50:00+00:00' AIRFLOW_CTX_TRY_NUMBER='1' AIRFLOW_CTX_DAG_RUN_ID='scheduled__2026-03-16T03:50:00+00:00'
[2026-03-16T03:55:03.112+0000] {dag_01_data_collection.py:176} INFO - Data was fetched successfully — no restart needed.
[2026-03-16T03:55:03.113+0000] {python.py:201} INFO - Done. Returned value was: No restart needed.
[2026-03-16T03:55:03.121+0000] {taskinstance.py:1138} INFO - Marking task as SUCCESS. dag_id=1_data_collection, task_id=restart_data_generation, execution_date=20260316T035000, start_date=20260316T035503, end_date=20260316T035503
[2026-03-16T03:55:03.153+0000] {local_task_job_runner.py:234} INFO - Task exited with return code 0
[2026-03-16T03:55:03.162+0000] {taskinstance.py:3280} INFO - 0 downstream tasks scheduled from follow-on schedule check
[2026-03-16T03:58:40.261+0000] {taskinstance.py:1956} INFO - Dependencies all met for dep_context=non-requeueable deps ti=<TaskInstance: 1_data_collection.restart_data_generation scheduled__2026-03-16T03:50:00+00:00 [queued]>
[2026-03-16T03:58:40.264+0000] {taskinstance.py:1956} INFO - Dependencies all met for dep_context=requeueable deps ti=<TaskInstance: 1_data_collection.restart_data_generation scheduled__2026-03-16T03:50:00+00:00 [queued]>
[2026-03-16T03:58:40.265+0000] {taskinstance.py:2170} INFO - Starting attempt 1 of 4
[2026-03-16T03:58:40.269+0000] {taskinstance.py:2191} INFO - Executing <Task(PythonOperator): restart_data_generation> on 2026-03-16 03:50:00+00:00
[2026-03-16T03:58:40.270+0000] {standard_task_runner.py:60} INFO - Started process 204 to run task
[2026-03-16T03:58:40.272+0000] {standard_task_runner.py:87} INFO - Running: ['***', 'tasks', 'run', '1_data_collection', 'restart_data_generation', 'scheduled__2026-03-16T03:50:00+00:00', '--job-id', '7', '--raw', '--subdir', 'DAGS_FOLDER/dag_01_data_collection.py', '--cfg-path', '/tmp/tmp_ayehlfh']
[2026-03-16T03:58:40.273+0000] {standard_task_runner.py:88} INFO - Job 7: Subtask restart_data_generation
[2026-03-16T03:58:40.295+0000] {task_command.py:423} INFO - Running <TaskInstance: 1_data_collection.restart_data_generation scheduled__2026-03-16T03:50:00+00:00 [running]> on host 9d11552eaf6e
[2026-03-16T03:58:40.326+0000] {taskinstance.py:2480} INFO - Exporting env vars: AIRFLOW_CTX_DAG_OWNER='mlops-team' AIRFLOW_CTX_DAG_ID='1_data_collection' AIRFLOW_CTX_TASK_ID='restart_data_generation' AIRFLOW_CTX_EXECUTION_DATE='2026-03-16T03:50:00+00:00' AIRFLOW_CTX_TRY_NUMBER='1' AIRFLOW_CTX_DAG_RUN_ID='scheduled__2026-03-16T03:50:00+00:00'
[2026-03-16T03:58:40.380+0000] {dag_01_data_collection.py:176} INFO - Data was fetched successfully — no restart needed.
[2026-03-16T03:58:40.381+0000] {python.py:201} INFO - Done. Returned value was: No restart needed.
[2026-03-16T03:58:40.390+0000] {taskinstance.py:1138} INFO - Marking task as SUCCESS. dag_id=1_data_collection, task_id=restart_data_generation, execution_date=20260316T035000, start_date=20260316T035840, end_date=20260316T035840
[2026-03-16T03:58:40.411+0000] {local_task_job_runner.py:234} INFO - Task exited with return code 0
[2026-03-16T03:58:40.419+0000] {taskinstance.py:3280} INFO - 0 downstream tasks scheduled from follow-on schedule check
