[2026-03-16T03:30:01.095+0000] {taskinstance.py:1956} INFO - Dependencies all met for dep_context=non-requeueable deps ti=<TaskInstance: 2_data_processing.processed_to_ready scheduled__2026-03-16T03:20:00+00:00 [queued]>
[2026-03-16T03:30:01.100+0000] {taskinstance.py:1956} INFO - Dependencies all met for dep_context=requeueable deps ti=<TaskInstance: 2_data_processing.processed_to_ready scheduled__2026-03-16T03:20:00+00:00 [queued]>
[2026-03-16T03:30:01.101+0000] {taskinstance.py:2170} INFO - Starting attempt 1 of 3
[2026-03-16T03:30:01.109+0000] {taskinstance.py:2191} INFO - Executing <Task(PythonOperator): processed_to_ready> on 2026-03-16 03:20:00+00:00
[2026-03-16T03:30:01.110+0000] {standard_task_runner.py:60} INFO - Started process 485 to run task
[2026-03-16T03:30:01.112+0000] {standard_task_runner.py:87} INFO - Running: ['***', 'tasks', 'run', '2_data_processing', 'processed_to_ready', 'scheduled__2026-03-16T03:20:00+00:00', '--job-id', '19', '--raw', '--subdir', 'DAGS_FOLDER/dag_02_data_processing.py', '--cfg-path', '/tmp/tmp_5zv_xv4']
[2026-03-16T03:30:01.113+0000] {standard_task_runner.py:88} INFO - Job 19: Subtask processed_to_ready
[2026-03-16T03:30:01.136+0000] {task_command.py:423} INFO - Running <TaskInstance: 2_data_processing.processed_to_ready scheduled__2026-03-16T03:20:00+00:00 [running]> on host 7174bd7d5472
[2026-03-16T03:30:01.172+0000] {taskinstance.py:2480} INFO - Exporting env vars: AIRFLOW_CTX_DAG_OWNER='mlops-team' AIRFLOW_CTX_DAG_ID='2_data_processing' AIRFLOW_CTX_TASK_ID='processed_to_ready' AIRFLOW_CTX_EXECUTION_DATE='2026-03-16T03:20:00+00:00' AIRFLOW_CTX_TRY_NUMBER='1' AIRFLOW_CTX_DAG_RUN_ID='scheduled__2026-03-16T03:20:00+00:00'
[2026-03-16T03:30:01.179+0000] {dag_02_data_processing.py:250} INFO - No new processed records for ready stage
[2026-03-16T03:30:01.180+0000] {python.py:201} INFO - Done. Returned value was: None
[2026-03-16T03:30:01.184+0000] {taskinstance.py:1138} INFO - Marking task as SUCCESS. dag_id=2_data_processing, task_id=processed_to_ready, execution_date=20260316T032000, start_date=20260316T033001, end_date=20260316T033001
[2026-03-16T03:30:01.210+0000] {local_task_job_runner.py:234} INFO - Task exited with return code 0
[2026-03-16T03:30:01.218+0000] {taskinstance.py:3280} INFO - 0 downstream tasks scheduled from follow-on schedule check
[2026-03-16T03:37:36.251+0000] {taskinstance.py:1956} INFO - Dependencies all met for dep_context=non-requeueable deps ti=<TaskInstance: 2_data_processing.processed_to_ready scheduled__2026-03-16T03:20:00+00:00 [queued]>
[2026-03-16T03:37:36.257+0000] {taskinstance.py:1956} INFO - Dependencies all met for dep_context=requeueable deps ti=<TaskInstance: 2_data_processing.processed_to_ready scheduled__2026-03-16T03:20:00+00:00 [queued]>
[2026-03-16T03:37:36.258+0000] {taskinstance.py:2170} INFO - Starting attempt 1 of 3
[2026-03-16T03:37:36.264+0000] {taskinstance.py:2191} INFO - Executing <Task(PythonOperator): processed_to_ready> on 2026-03-16 03:20:00+00:00
[2026-03-16T03:37:36.265+0000] {standard_task_runner.py:60} INFO - Started process 202 to run task
[2026-03-16T03:37:36.267+0000] {standard_task_runner.py:87} INFO - Running: ['***', 'tasks', 'run', '2_data_processing', 'processed_to_ready', 'scheduled__2026-03-16T03:20:00+00:00', '--job-id', '6', '--raw', '--subdir', 'DAGS_FOLDER/dag_02_data_processing.py', '--cfg-path', '/tmp/tmpi7m83izh']
[2026-03-16T03:37:36.268+0000] {standard_task_runner.py:88} INFO - Job 6: Subtask processed_to_ready
[2026-03-16T03:37:36.289+0000] {task_command.py:423} INFO - Running <TaskInstance: 2_data_processing.processed_to_ready scheduled__2026-03-16T03:20:00+00:00 [running]> on host 2eefb3920a3b
[2026-03-16T03:37:36.322+0000] {taskinstance.py:2480} INFO - Exporting env vars: AIRFLOW_CTX_DAG_OWNER='mlops-team' AIRFLOW_CTX_DAG_ID='2_data_processing' AIRFLOW_CTX_TASK_ID='processed_to_ready' AIRFLOW_CTX_EXECUTION_DATE='2026-03-16T03:20:00+00:00' AIRFLOW_CTX_TRY_NUMBER='1' AIRFLOW_CTX_DAG_RUN_ID='scheduled__2026-03-16T03:20:00+00:00'
[2026-03-16T03:37:36.325+0000] {dag_02_data_processing.py:250} INFO - No new processed records for ready stage
[2026-03-16T03:37:36.326+0000] {python.py:201} INFO - Done. Returned value was: None
[2026-03-16T03:37:36.331+0000] {taskinstance.py:1138} INFO - Marking task as SUCCESS. dag_id=2_data_processing, task_id=processed_to_ready, execution_date=20260316T032000, start_date=20260316T033736, end_date=20260316T033736
[2026-03-16T03:37:36.364+0000] {local_task_job_runner.py:234} INFO - Task exited with return code 0
[2026-03-16T03:37:36.376+0000] {taskinstance.py:3280} INFO - 0 downstream tasks scheduled from follow-on schedule check
