[2026-03-15T23:42:01.586+0000] {taskinstance.py:1956} INFO - Dependencies all met for dep_context=non-requeueable deps ti=<TaskInstance: 1_data_collection.fetch_data scheduled__2026-03-15T23:35:00+00:00 [queued]>
[2026-03-15T23:42:01.589+0000] {taskinstance.py:1956} INFO - Dependencies all met for dep_context=requeueable deps ti=<TaskInstance: 1_data_collection.fetch_data scheduled__2026-03-15T23:35:00+00:00 [queued]>
[2026-03-15T23:42:01.589+0000] {taskinstance.py:2170} INFO - Starting attempt 3 of 4
[2026-03-15T23:42:01.593+0000] {taskinstance.py:2191} INFO - Executing <Task(PythonOperator): fetch_data> on 2026-03-15 23:35:00+00:00
[2026-03-15T23:42:01.595+0000] {standard_task_runner.py:60} INFO - Started process 439 to run task
[2026-03-15T23:42:01.596+0000] {standard_task_runner.py:87} INFO - Running: ['***', 'tasks', 'run', '1_data_collection', 'fetch_data', 'scheduled__2026-03-15T23:35:00+00:00', '--job-id', '12', '--raw', '--subdir', 'DAGS_FOLDER/dag_01_data_collection.py', '--cfg-path', '/tmp/tmpwdh13_as']
[2026-03-15T23:42:01.597+0000] {standard_task_runner.py:88} INFO - Job 12: Subtask fetch_data
[2026-03-15T23:42:01.618+0000] {task_command.py:423} INFO - Running <TaskInstance: 1_data_collection.fetch_data scheduled__2026-03-15T23:35:00+00:00 [running]> on host d4ee93ad0b03
[2026-03-15T23:42:01.650+0000] {taskinstance.py:2480} INFO - Exporting env vars: AIRFLOW_CTX_DAG_OWNER='mlops-team' AIRFLOW_CTX_DAG_ID='1_data_collection' AIRFLOW_CTX_TASK_ID='fetch_data' AIRFLOW_CTX_EXECUTION_DATE='2026-03-15T23:35:00+00:00' AIRFLOW_CTX_TRY_NUMBER='3' AIRFLOW_CTX_DAG_RUN_ID='scheduled__2026-03-15T23:35:00+00:00'
[2026-03-15T23:42:01.651+0000] {dag_01_data_collection.py:42} INFO - Fetching data from http://host.docker.internal:80/data with group_number=8
[2026-03-15T23:42:01.654+0000] {dag_01_data_collection.py:54} ERROR - Error fetching data: 400 Client Error: Bad Request for url: http://host.docker.internal:80/data?group_number=8
[2026-03-15T23:42:01.655+0000] {taskinstance.py:2698} ERROR - Task failed with exception
Traceback (most recent call last):
  File "/home/airflow/.local/lib/python3.8/site-packages/airflow/models/taskinstance.py", line 433, in _execute_task
    result = execute_callable(context=context, **execute_callable_kwargs)
  File "/home/airflow/.local/lib/python3.8/site-packages/airflow/operators/python.py", line 199, in execute
    return_value = self.execute_callable()
  File "/home/airflow/.local/lib/python3.8/site-packages/airflow/operators/python.py", line 216, in execute_callable
    return self.python_callable(*self.op_args, **self.op_kwargs)
  File "/opt/airflow/dags/dag_01_data_collection.py", line 46, in fetch_data_from_api
    response.raise_for_status()
  File "/home/airflow/.local/lib/python3.8/site-packages/requests/models.py", line 1021, in raise_for_status
    raise HTTPError(http_error_msg, response=self)
requests.exceptions.HTTPError: 400 Client Error: Bad Request for url: http://host.docker.internal:80/data?group_number=8
[2026-03-15T23:42:01.659+0000] {taskinstance.py:1138} INFO - Marking task as UP_FOR_RETRY. dag_id=1_data_collection, task_id=fetch_data, execution_date=20260315T233500, start_date=20260315T234201, end_date=20260315T234201
[2026-03-15T23:42:01.662+0000] {standard_task_runner.py:107} ERROR - Failed to execute job 12 for task fetch_data (400 Client Error: Bad Request for url: http://host.docker.internal:80/data?group_number=8; 439)
[2026-03-15T23:42:01.700+0000] {local_task_job_runner.py:234} INFO - Task exited with return code 1
[2026-03-15T23:42:01.710+0000] {taskinstance.py:3280} INFO - 0 downstream tasks scheduled from follow-on schedule check
[2026-03-15T23:45:05.556+0000] {taskinstance.py:1956} INFO - Dependencies all met for dep_context=non-requeueable deps ti=<TaskInstance: 1_data_collection.fetch_data scheduled__2026-03-15T23:35:00+00:00 [queued]>
[2026-03-15T23:45:05.559+0000] {taskinstance.py:1956} INFO - Dependencies all met for dep_context=requeueable deps ti=<TaskInstance: 1_data_collection.fetch_data scheduled__2026-03-15T23:35:00+00:00 [queued]>
[2026-03-15T23:45:05.559+0000] {taskinstance.py:2170} INFO - Starting attempt 3 of 4
[2026-03-15T23:45:05.563+0000] {taskinstance.py:2191} INFO - Executing <Task(PythonOperator): fetch_data> on 2026-03-15 23:35:00+00:00
[2026-03-15T23:45:05.565+0000] {standard_task_runner.py:60} INFO - Started process 232 to run task
[2026-03-15T23:45:05.567+0000] {standard_task_runner.py:87} INFO - Running: ['***', 'tasks', 'run', '1_data_collection', 'fetch_data', 'scheduled__2026-03-15T23:35:00+00:00', '--job-id', '4', '--raw', '--subdir', 'DAGS_FOLDER/dag_01_data_collection.py', '--cfg-path', '/tmp/tmptspotasx']
[2026-03-15T23:45:05.567+0000] {standard_task_runner.py:88} INFO - Job 4: Subtask fetch_data
[2026-03-15T23:45:05.587+0000] {task_command.py:423} INFO - Running <TaskInstance: 1_data_collection.fetch_data scheduled__2026-03-15T23:35:00+00:00 [running]> on host a5a1902e3171
[2026-03-15T23:45:05.614+0000] {taskinstance.py:2480} INFO - Exporting env vars: AIRFLOW_CTX_DAG_OWNER='mlops-team' AIRFLOW_CTX_DAG_ID='1_data_collection' AIRFLOW_CTX_TASK_ID='fetch_data' AIRFLOW_CTX_EXECUTION_DATE='2026-03-15T23:35:00+00:00' AIRFLOW_CTX_TRY_NUMBER='3' AIRFLOW_CTX_DAG_RUN_ID='scheduled__2026-03-15T23:35:00+00:00'
[2026-03-15T23:45:05.614+0000] {dag_01_data_collection.py:42} INFO - Fetching data from http://host.docker.internal:80/data with group_number=8
[2026-03-15T23:45:05.618+0000] {dag_01_data_collection.py:54} ERROR - Error fetching data: 400 Client Error: Bad Request for url: http://host.docker.internal:80/data?group_number=8
[2026-03-15T23:45:05.619+0000] {taskinstance.py:2698} ERROR - Task failed with exception
Traceback (most recent call last):
  File "/home/airflow/.local/lib/python3.8/site-packages/airflow/models/taskinstance.py", line 433, in _execute_task
    result = execute_callable(context=context, **execute_callable_kwargs)
  File "/home/airflow/.local/lib/python3.8/site-packages/airflow/operators/python.py", line 199, in execute
    return_value = self.execute_callable()
  File "/home/airflow/.local/lib/python3.8/site-packages/airflow/operators/python.py", line 216, in execute_callable
    return self.python_callable(*self.op_args, **self.op_kwargs)
  File "/opt/airflow/dags/dag_01_data_collection.py", line 46, in fetch_data_from_api
    response.raise_for_status()
  File "/home/airflow/.local/lib/python3.8/site-packages/requests/models.py", line 1021, in raise_for_status
    raise HTTPError(http_error_msg, response=self)
requests.exceptions.HTTPError: 400 Client Error: Bad Request for url: http://host.docker.internal:80/data?group_number=8
[2026-03-15T23:45:05.623+0000] {taskinstance.py:1138} INFO - Marking task as UP_FOR_RETRY. dag_id=1_data_collection, task_id=fetch_data, execution_date=20260315T233500, start_date=20260315T234505, end_date=20260315T234505
[2026-03-15T23:45:05.627+0000] {standard_task_runner.py:107} ERROR - Failed to execute job 4 for task fetch_data (400 Client Error: Bad Request for url: http://host.docker.internal:80/data?group_number=8; 232)
[2026-03-15T23:45:05.667+0000] {local_task_job_runner.py:234} INFO - Task exited with return code 1
[2026-03-15T23:45:05.678+0000] {taskinstance.py:3280} INFO - 0 downstream tasks scheduled from follow-on schedule check
