[2026-03-16T03:50:49.781+0000] {taskinstance.py:1956} INFO - Dependencies all met for dep_context=non-requeueable deps ti=<TaskInstance: 2_data_processing.raw_to_processed scheduled__2026-03-16T03:40:00+00:00 [queued]>
[2026-03-16T03:50:49.785+0000] {taskinstance.py:1956} INFO - Dependencies all met for dep_context=requeueable deps ti=<TaskInstance: 2_data_processing.raw_to_processed scheduled__2026-03-16T03:40:00+00:00 [queued]>
[2026-03-16T03:50:49.785+0000] {taskinstance.py:2170} INFO - Starting attempt 1 of 3
[2026-03-16T03:50:49.791+0000] {taskinstance.py:2191} INFO - Executing <Task(PythonOperator): raw_to_processed> on 2026-03-16 03:40:00+00:00
[2026-03-16T03:50:49.793+0000] {standard_task_runner.py:60} INFO - Started process 197 to run task
[2026-03-16T03:50:49.795+0000] {standard_task_runner.py:87} INFO - Running: ['***', 'tasks', 'run', '2_data_processing', 'raw_to_processed', 'scheduled__2026-03-16T03:40:00+00:00', '--job-id', '3', '--raw', '--subdir', 'DAGS_FOLDER/dag_02_data_processing.py', '--cfg-path', '/tmp/tmp4s0ebcds']
[2026-03-16T03:50:49.796+0000] {standard_task_runner.py:88} INFO - Job 3: Subtask raw_to_processed
[2026-03-16T03:50:49.821+0000] {task_command.py:423} INFO - Running <TaskInstance: 2_data_processing.raw_to_processed scheduled__2026-03-16T03:40:00+00:00 [running]> on host a5b790665194
[2026-03-16T03:50:49.854+0000] {taskinstance.py:2480} INFO - Exporting env vars: AIRFLOW_CTX_DAG_OWNER='mlops-team' AIRFLOW_CTX_DAG_ID='2_data_processing' AIRFLOW_CTX_TASK_ID='raw_to_processed' AIRFLOW_CTX_EXECUTION_DATE='2026-03-16T03:40:00+00:00' AIRFLOW_CTX_TRY_NUMBER='1' AIRFLOW_CTX_DAG_RUN_ID='scheduled__2026-03-16T03:40:00+00:00'
[2026-03-16T03:50:49.857+0000] {dag_02_data_processing.py:116} INFO - No new raw records to process
[2026-03-16T03:50:49.865+0000] {python.py:201} INFO - Done. Returned value was: None
[2026-03-16T03:50:49.872+0000] {taskinstance.py:1138} INFO - Marking task as SUCCESS. dag_id=2_data_processing, task_id=raw_to_processed, execution_date=20260316T034000, start_date=20260316T035049, end_date=20260316T035049
[2026-03-16T03:50:49.892+0000] {local_task_job_runner.py:234} INFO - Task exited with return code 0
[2026-03-16T03:50:49.909+0000] {taskinstance.py:3280} INFO - 1 downstream tasks scheduled from follow-on schedule check
[2026-03-16T03:58:38.153+0000] {taskinstance.py:1956} INFO - Dependencies all met for dep_context=non-requeueable deps ti=<TaskInstance: 2_data_processing.raw_to_processed scheduled__2026-03-16T03:40:00+00:00 [queued]>
[2026-03-16T03:58:38.157+0000] {taskinstance.py:1956} INFO - Dependencies all met for dep_context=requeueable deps ti=<TaskInstance: 2_data_processing.raw_to_processed scheduled__2026-03-16T03:40:00+00:00 [queued]>
[2026-03-16T03:58:38.157+0000] {taskinstance.py:2170} INFO - Starting attempt 1 of 3
[2026-03-16T03:58:38.163+0000] {taskinstance.py:2191} INFO - Executing <Task(PythonOperator): raw_to_processed> on 2026-03-16 03:40:00+00:00
[2026-03-16T03:58:38.165+0000] {standard_task_runner.py:60} INFO - Started process 198 to run task
[2026-03-16T03:58:38.167+0000] {standard_task_runner.py:87} INFO - Running: ['***', 'tasks', 'run', '2_data_processing', 'raw_to_processed', 'scheduled__2026-03-16T03:40:00+00:00', '--job-id', '3', '--raw', '--subdir', 'DAGS_FOLDER/dag_02_data_processing.py', '--cfg-path', '/tmp/tmpudel79r3']
[2026-03-16T03:58:38.168+0000] {standard_task_runner.py:88} INFO - Job 3: Subtask raw_to_processed
[2026-03-16T03:58:38.191+0000] {task_command.py:423} INFO - Running <TaskInstance: 2_data_processing.raw_to_processed scheduled__2026-03-16T03:40:00+00:00 [running]> on host 9d11552eaf6e
[2026-03-16T03:58:38.221+0000] {taskinstance.py:2480} INFO - Exporting env vars: AIRFLOW_CTX_DAG_OWNER='mlops-team' AIRFLOW_CTX_DAG_ID='2_data_processing' AIRFLOW_CTX_TASK_ID='raw_to_processed' AIRFLOW_CTX_EXECUTION_DATE='2026-03-16T03:40:00+00:00' AIRFLOW_CTX_TRY_NUMBER='1' AIRFLOW_CTX_DAG_RUN_ID='scheduled__2026-03-16T03:40:00+00:00'
[2026-03-16T03:58:38.225+0000] {dag_02_data_processing.py:116} INFO - No new raw records to process
[2026-03-16T03:58:38.233+0000] {python.py:201} INFO - Done. Returned value was: None
[2026-03-16T03:58:38.239+0000] {taskinstance.py:1138} INFO - Marking task as SUCCESS. dag_id=2_data_processing, task_id=raw_to_processed, execution_date=20260316T034000, start_date=20260316T035838, end_date=20260316T035838
[2026-03-16T03:58:38.263+0000] {local_task_job_runner.py:234} INFO - Task exited with return code 0
[2026-03-16T03:58:38.283+0000] {taskinstance.py:3280} INFO - 1 downstream tasks scheduled from follow-on schedule check
