[2026-03-16T17:57:09.181+0000] {taskinstance.py:1956} INFO - Dependencies all met for dep_context=non-requeueable deps ti=<TaskInstance: 3_model_training.check_data_availability scheduled__2026-03-16T14:00:00+00:00 [queued]>
[2026-03-16T17:57:09.185+0000] {taskinstance.py:1956} INFO - Dependencies all met for dep_context=requeueable deps ti=<TaskInstance: 3_model_training.check_data_availability scheduled__2026-03-16T14:00:00+00:00 [queued]>
[2026-03-16T17:57:09.185+0000] {taskinstance.py:2170} INFO - Starting attempt 1 of 2
[2026-03-16T17:57:09.190+0000] {taskinstance.py:2191} INFO - Executing <Task(ShortCircuitOperator): check_data_availability> on 2026-03-16 14:00:00+00:00
[2026-03-16T17:57:09.192+0000] {standard_task_runner.py:60} INFO - Started process 197 to run task
[2026-03-16T17:57:09.194+0000] {standard_task_runner.py:87} INFO - Running: ['***', 'tasks', 'run', '3_model_training', 'check_data_availability', 'scheduled__2026-03-16T14:00:00+00:00', '--job-id', '3', '--raw', '--subdir', 'DAGS_FOLDER/dag_03_data_training.py', '--cfg-path', '/tmp/tmpt5154o_r']
[2026-03-16T17:57:09.196+0000] {standard_task_runner.py:88} INFO - Job 3: Subtask check_data_availability
[2026-03-16T17:57:09.218+0000] {task_command.py:423} INFO - Running <TaskInstance: 3_model_training.check_data_availability scheduled__2026-03-16T14:00:00+00:00 [running]> on host 9f1f4acd16bb
[2026-03-16T17:57:09.250+0000] {taskinstance.py:2480} INFO - Exporting env vars: AIRFLOW_CTX_DAG_OWNER='mlops-team' AIRFLOW_CTX_DAG_ID='3_model_training' AIRFLOW_CTX_TASK_ID='check_data_availability' AIRFLOW_CTX_EXECUTION_DATE='2026-03-16T14:00:00+00:00' AIRFLOW_CTX_TRY_NUMBER='1' AIRFLOW_CTX_DAG_RUN_ID='scheduled__2026-03-16T14:00:00+00:00'
[2026-03-16T17:57:09.254+0000] {dag_03_data_training.py:67} INFO - Training samples available: 0
[2026-03-16T17:57:09.255+0000] {dag_03_data_training.py:70} INFO - Not enough data yet (0/100). Skipping training — will retry on next scheduled run.
[2026-03-16T17:57:09.255+0000] {python.py:201} INFO - Done. Returned value was: False
[2026-03-16T17:57:09.255+0000] {python.py:268} INFO - Condition result is False
[2026-03-16T17:57:09.255+0000] {python.py:295} INFO - Skipping downstream tasks
[2026-03-16T17:57:09.265+0000] {python.py:303} INFO - Done.
[2026-03-16T17:57:09.274+0000] {taskinstance.py:1138} INFO - Marking task as SUCCESS. dag_id=3_model_training, task_id=check_data_availability, execution_date=20260316T140000, start_date=20260316T175709, end_date=20260316T175709
[2026-03-16T17:57:09.291+0000] {local_task_job_runner.py:234} INFO - Task exited with return code 0
[2026-03-16T17:57:09.299+0000] {taskinstance.py:3280} INFO - 0 downstream tasks scheduled from follow-on schedule check
[2026-03-16T17:59:42.169+0000] {taskinstance.py:1956} INFO - Dependencies all met for dep_context=non-requeueable deps ti=<TaskInstance: 3_model_training.check_data_availability scheduled__2026-03-16T14:00:00+00:00 [queued]>
[2026-03-16T17:59:42.174+0000] {taskinstance.py:1956} INFO - Dependencies all met for dep_context=requeueable deps ti=<TaskInstance: 3_model_training.check_data_availability scheduled__2026-03-16T14:00:00+00:00 [queued]>
[2026-03-16T17:59:42.174+0000] {taskinstance.py:2170} INFO - Starting attempt 1 of 2
[2026-03-16T17:59:42.179+0000] {taskinstance.py:2191} INFO - Executing <Task(ShortCircuitOperator): check_data_availability> on 2026-03-16 14:00:00+00:00
[2026-03-16T17:59:42.180+0000] {standard_task_runner.py:60} INFO - Started process 197 to run task
[2026-03-16T17:59:42.182+0000] {standard_task_runner.py:87} INFO - Running: ['***', 'tasks', 'run', '3_model_training', 'check_data_availability', 'scheduled__2026-03-16T14:00:00+00:00', '--job-id', '4', '--raw', '--subdir', 'DAGS_FOLDER/dag_03_data_training.py', '--cfg-path', '/tmp/tmpo0rz__9z']
[2026-03-16T17:59:42.185+0000] {standard_task_runner.py:88} INFO - Job 4: Subtask check_data_availability
[2026-03-16T17:59:42.209+0000] {task_command.py:423} INFO - Running <TaskInstance: 3_model_training.check_data_availability scheduled__2026-03-16T14:00:00+00:00 [running]> on host 3a7b3ca96720
[2026-03-16T17:59:42.247+0000] {taskinstance.py:2480} INFO - Exporting env vars: AIRFLOW_CTX_DAG_OWNER='mlops-team' AIRFLOW_CTX_DAG_ID='3_model_training' AIRFLOW_CTX_TASK_ID='check_data_availability' AIRFLOW_CTX_EXECUTION_DATE='2026-03-16T14:00:00+00:00' AIRFLOW_CTX_TRY_NUMBER='1' AIRFLOW_CTX_DAG_RUN_ID='scheduled__2026-03-16T14:00:00+00:00'
[2026-03-16T17:59:42.252+0000] {dag_03_data_training.py:67} INFO - Training samples available: 0
[2026-03-16T17:59:42.253+0000] {dag_03_data_training.py:70} INFO - Not enough data yet (0/100). Skipping training — will retry on next scheduled run.
[2026-03-16T17:59:42.253+0000] {python.py:201} INFO - Done. Returned value was: False
[2026-03-16T17:59:42.253+0000] {python.py:268} INFO - Condition result is False
[2026-03-16T17:59:42.253+0000] {python.py:295} INFO - Skipping downstream tasks
[2026-03-16T17:59:42.265+0000] {python.py:303} INFO - Done.
[2026-03-16T17:59:42.275+0000] {taskinstance.py:1138} INFO - Marking task as SUCCESS. dag_id=3_model_training, task_id=check_data_availability, execution_date=20260316T140000, start_date=20260316T175942, end_date=20260316T175942
[2026-03-16T17:59:42.320+0000] {local_task_job_runner.py:234} INFO - Task exited with return code 0
[2026-03-16T17:59:42.328+0000] {taskinstance.py:3280} INFO - 0 downstream tasks scheduled from follow-on schedule check
