[2026-03-16T18:22:03.171+0000] {taskinstance.py:1956} INFO - Dependencies all met for dep_context=non-requeueable deps ti=<TaskInstance: 1_data_collection.restart_data_generation scheduled__2026-03-16T18:15:00+00:00 [queued]>
[2026-03-16T18:22:03.174+0000] {taskinstance.py:1956} INFO - Dependencies all met for dep_context=requeueable deps ti=<TaskInstance: 1_data_collection.restart_data_generation scheduled__2026-03-16T18:15:00+00:00 [queued]>
[2026-03-16T18:22:03.174+0000] {taskinstance.py:2170} INFO - Starting attempt 1 of 4
[2026-03-16T18:22:03.179+0000] {taskinstance.py:2191} INFO - Executing <Task(PythonOperator): restart_data_generation> on 2026-03-16 18:15:00+00:00
[2026-03-16T18:22:03.180+0000] {standard_task_runner.py:60} INFO - Started process 1193 to run task
[2026-03-16T18:22:03.181+0000] {standard_task_runner.py:87} INFO - Running: ['***', 'tasks', 'run', '1_data_collection', 'restart_data_generation', 'scheduled__2026-03-16T18:15:00+00:00', '--job-id', '40', '--raw', '--subdir', 'DAGS_FOLDER/dag_01_data_collection.py', '--cfg-path', '/tmp/tmpy3s99rm7']
[2026-03-16T18:22:03.182+0000] {standard_task_runner.py:88} INFO - Job 40: Subtask restart_data_generation
[2026-03-16T18:22:03.202+0000] {task_command.py:423} INFO - Running <TaskInstance: 1_data_collection.restart_data_generation scheduled__2026-03-16T18:15:00+00:00 [running]> on host 3a7b3ca96720
[2026-03-16T18:22:03.229+0000] {taskinstance.py:2480} INFO - Exporting env vars: AIRFLOW_CTX_DAG_OWNER='mlops-team' AIRFLOW_CTX_DAG_ID='1_data_collection' AIRFLOW_CTX_TASK_ID='restart_data_generation' AIRFLOW_CTX_EXECUTION_DATE='2026-03-16T18:15:00+00:00' AIRFLOW_CTX_TRY_NUMBER='1' AIRFLOW_CTX_DAG_RUN_ID='scheduled__2026-03-16T18:15:00+00:00'
[2026-03-16T18:22:03.234+0000] {dag_01_data_collection.py:182} INFO - Restarting data generation for group 8...
[2026-03-16T18:22:03.238+0000] {dag_01_data_collection.py:191} ERROR - Error restarting data generation: 500 Server Error: Internal Server Error for url: http://host.docker.internal:80/restart_data_generation?group_number=8
[2026-03-16T18:22:03.238+0000] {taskinstance.py:2698} ERROR - Task failed with exception
Traceback (most recent call last):
  File "/home/airflow/.local/lib/python3.8/site-packages/airflow/models/taskinstance.py", line 433, in _execute_task
    result = execute_callable(context=context, **execute_callable_kwargs)
  File "/home/airflow/.local/lib/python3.8/site-packages/airflow/operators/python.py", line 199, in execute
    return_value = self.execute_callable()
  File "/home/airflow/.local/lib/python3.8/site-packages/airflow/operators/python.py", line 216, in execute_callable
    return self.python_callable(*self.op_args, **self.op_kwargs)
  File "/opt/airflow/dags/dag_01_data_collection.py", line 186, in restart_data_generation
    response.raise_for_status()
  File "/home/airflow/.local/lib/python3.8/site-packages/requests/models.py", line 1021, in raise_for_status
    raise HTTPError(http_error_msg, response=self)
requests.exceptions.HTTPError: 500 Server Error: Internal Server Error for url: http://host.docker.internal:80/restart_data_generation?group_number=8
[2026-03-16T18:22:03.243+0000] {taskinstance.py:1138} INFO - Marking task as UP_FOR_RETRY. dag_id=1_data_collection, task_id=restart_data_generation, execution_date=20260316T181500, start_date=20260316T182203, end_date=20260316T182203
[2026-03-16T18:22:03.247+0000] {standard_task_runner.py:107} ERROR - Failed to execute job 40 for task restart_data_generation (500 Server Error: Internal Server Error for url: http://host.docker.internal:80/restart_data_generation?group_number=8; 1193)
[2026-03-16T18:22:03.280+0000] {local_task_job_runner.py:234} INFO - Task exited with return code 1
[2026-03-16T18:22:03.287+0000] {taskinstance.py:3280} INFO - 0 downstream tasks scheduled from follow-on schedule check
