[2026-03-16T01:00:00.403+0000] {taskinstance.py:1956} INFO - Dependencies all met for dep_context=non-requeueable deps ti=<TaskInstance: 2_data_processing.raw_to_processed scheduled__2026-03-16T00:50:00+00:00 [queued]>
[2026-03-16T01:00:00.407+0000] {taskinstance.py:1956} INFO - Dependencies all met for dep_context=requeueable deps ti=<TaskInstance: 2_data_processing.raw_to_processed scheduled__2026-03-16T00:50:00+00:00 [queued]>
[2026-03-16T01:00:00.407+0000] {taskinstance.py:2170} INFO - Starting attempt 1 of 3
[2026-03-16T01:00:00.413+0000] {taskinstance.py:2191} INFO - Executing <Task(PythonOperator): raw_to_processed> on 2026-03-16 00:50:00+00:00
[2026-03-16T01:00:00.415+0000] {standard_task_runner.py:60} INFO - Started process 250 to run task
[2026-03-16T01:00:00.417+0000] {standard_task_runner.py:87} INFO - Running: ['***', 'tasks', 'run', '2_data_processing', 'raw_to_processed', 'scheduled__2026-03-16T00:50:00+00:00', '--job-id', '9', '--raw', '--subdir', 'DAGS_FOLDER/dag_02_data_processing.py', '--cfg-path', '/tmp/tmp8xoy43dh']
[2026-03-16T01:00:00.418+0000] {standard_task_runner.py:88} INFO - Job 9: Subtask raw_to_processed
[2026-03-16T01:00:00.444+0000] {task_command.py:423} INFO - Running <TaskInstance: 2_data_processing.raw_to_processed scheduled__2026-03-16T00:50:00+00:00 [running]> on host 9e8c0c2e5d97
[2026-03-16T01:00:00.478+0000] {taskinstance.py:2480} INFO - Exporting env vars: AIRFLOW_CTX_DAG_OWNER='mlops-team' AIRFLOW_CTX_DAG_ID='2_data_processing' AIRFLOW_CTX_TASK_ID='raw_to_processed' AIRFLOW_CTX_EXECUTION_DATE='2026-03-16T00:50:00+00:00' AIRFLOW_CTX_TRY_NUMBER='1' AIRFLOW_CTX_DAG_RUN_ID='scheduled__2026-03-16T00:50:00+00:00'
[2026-03-16T01:00:00.481+0000] {dag_02_data_processing.py:116} INFO - No new raw records to process
[2026-03-16T01:00:00.488+0000] {python.py:201} INFO - Done. Returned value was: None
[2026-03-16T01:00:00.493+0000] {taskinstance.py:1138} INFO - Marking task as SUCCESS. dag_id=2_data_processing, task_id=raw_to_processed, execution_date=20260316T005000, start_date=20260316T010000, end_date=20260316T010000
[2026-03-16T01:00:00.514+0000] {local_task_job_runner.py:234} INFO - Task exited with return code 0
[2026-03-16T01:00:00.525+0000] {taskinstance.py:3280} INFO - 1 downstream tasks scheduled from follow-on schedule check
[2026-03-16T01:03:07.381+0000] {taskinstance.py:1956} INFO - Dependencies all met for dep_context=non-requeueable deps ti=<TaskInstance: 2_data_processing.raw_to_processed scheduled__2026-03-16T00:50:00+00:00 [queued]>
[2026-03-16T01:03:07.386+0000] {taskinstance.py:1956} INFO - Dependencies all met for dep_context=requeueable deps ti=<TaskInstance: 2_data_processing.raw_to_processed scheduled__2026-03-16T00:50:00+00:00 [queued]>
[2026-03-16T01:03:07.386+0000] {taskinstance.py:2170} INFO - Starting attempt 1 of 3
[2026-03-16T01:03:07.391+0000] {taskinstance.py:2191} INFO - Executing <Task(PythonOperator): raw_to_processed> on 2026-03-16 00:50:00+00:00
[2026-03-16T01:03:07.392+0000] {standard_task_runner.py:60} INFO - Started process 191 to run task
[2026-03-16T01:03:07.394+0000] {standard_task_runner.py:87} INFO - Running: ['***', 'tasks', 'run', '2_data_processing', 'raw_to_processed', 'scheduled__2026-03-16T00:50:00+00:00', '--job-id', '3', '--raw', '--subdir', 'DAGS_FOLDER/dag_02_data_processing.py', '--cfg-path', '/tmp/tmp4qwus8bm']
[2026-03-16T01:03:07.395+0000] {standard_task_runner.py:88} INFO - Job 3: Subtask raw_to_processed
[2026-03-16T01:03:07.419+0000] {task_command.py:423} INFO - Running <TaskInstance: 2_data_processing.raw_to_processed scheduled__2026-03-16T00:50:00+00:00 [running]> on host 572fb92527f1
[2026-03-16T01:03:07.455+0000] {taskinstance.py:2480} INFO - Exporting env vars: AIRFLOW_CTX_DAG_OWNER='mlops-team' AIRFLOW_CTX_DAG_ID='2_data_processing' AIRFLOW_CTX_TASK_ID='raw_to_processed' AIRFLOW_CTX_EXECUTION_DATE='2026-03-16T00:50:00+00:00' AIRFLOW_CTX_TRY_NUMBER='1' AIRFLOW_CTX_DAG_RUN_ID='scheduled__2026-03-16T00:50:00+00:00'
[2026-03-16T01:03:07.459+0000] {dag_02_data_processing.py:116} INFO - No new raw records to process
[2026-03-16T01:03:07.465+0000] {python.py:201} INFO - Done. Returned value was: None
[2026-03-16T01:03:07.473+0000] {taskinstance.py:1138} INFO - Marking task as SUCCESS. dag_id=2_data_processing, task_id=raw_to_processed, execution_date=20260316T005000, start_date=20260316T010307, end_date=20260316T010307
[2026-03-16T01:03:07.491+0000] {local_task_job_runner.py:234} INFO - Task exited with return code 0
[2026-03-16T01:03:07.507+0000] {taskinstance.py:3280} INFO - 1 downstream tasks scheduled from follow-on schedule check
