[2026-03-16T03:34:15.474+0000] {taskinstance.py:1956} INFO - Dependencies all met for dep_context=non-requeueable deps ti=<TaskInstance: 3_model_training.train_model manual__2026-03-16T03:26:06.702059+00:00 [queued]>
[2026-03-16T03:34:15.478+0000] {taskinstance.py:1956} INFO - Dependencies all met for dep_context=requeueable deps ti=<TaskInstance: 3_model_training.train_model manual__2026-03-16T03:26:06.702059+00:00 [queued]>
[2026-03-16T03:34:15.478+0000] {taskinstance.py:2170} INFO - Starting attempt 1 of 2
[2026-03-16T03:34:15.483+0000] {taskinstance.py:2191} INFO - Executing <Task(PythonOperator): train_model> on 2026-03-16 03:26:06.702059+00:00
[2026-03-16T03:34:15.484+0000] {standard_task_runner.py:60} INFO - Started process 682 to run task
[2026-03-16T03:34:15.486+0000] {standard_task_runner.py:87} INFO - Running: ['***', 'tasks', 'run', '3_model_training', 'train_model', 'manual__2026-03-16T03:26:06.702059+00:00', '--job-id', '23', '--raw', '--subdir', 'DAGS_FOLDER/dag_03_data_training.py', '--cfg-path', '/tmp/tmp0_b52e49']
[2026-03-16T03:34:15.487+0000] {standard_task_runner.py:88} INFO - Job 23: Subtask train_model
[2026-03-16T03:34:15.506+0000] {task_command.py:423} INFO - Running <TaskInstance: 3_model_training.train_model manual__2026-03-16T03:26:06.702059+00:00 [running]> on host 7174bd7d5472
[2026-03-16T03:34:15.532+0000] {taskinstance.py:2480} INFO - Exporting env vars: AIRFLOW_CTX_DAG_OWNER='mlops-team' AIRFLOW_CTX_DAG_ID='3_model_training' AIRFLOW_CTX_TASK_ID='train_model' AIRFLOW_CTX_EXECUTION_DATE='2026-03-16T03:26:06.702059+00:00' AIRFLOW_CTX_TRY_NUMBER='1' AIRFLOW_CTX_DAG_RUN_ID='manual__2026-03-16T03:26:06.702059+00:00'
[2026-03-16T03:34:15.845+0000] {dag_03_data_training.py:116} INFO - Train: (8133, 54), Val: (1743, 54), Test: (1744, 54)
[2026-03-16T03:34:15.849+0000] {dag_03_data_training.py:155} INFO - Training random_forest...
[2026-03-16T03:34:16.194+0000] {logging_mixin.py:188} WARNING - /home/***/.local/lib/python3.8/site-packages/sklearn/ensemble/_base.py:214 UserWarning: Loky-backed parallel loops cannot be called in a multiprocessing, setting n_jobs=1
[2026-03-16T03:34:16.221+0000] {dag_03_data_training.py:162} INFO -   random_forest: val_acc=0.9220, val_f1=0.9167
[2026-03-16T03:34:16.222+0000] {dag_03_data_training.py:155} INFO - Training gradient_boosting...
[2026-03-16T03:34:21.205+0000] {dag_03_data_training.py:162} INFO -   gradient_boosting: val_acc=0.9283, val_f1=0.9244
[2026-03-16T03:34:21.212+0000] {dag_03_data_training.py:180} INFO - Best model: gradient_boosting | test_acc=0.9346, test_f1=0.9329
[2026-03-16T03:34:21.250+0000] {dag_03_data_training.py:202} INFO - Model saved to /tmp/model_package.joblib
[2026-03-16T03:34:21.255+0000] {python.py:201} INFO - Done. Returned value was: None
[2026-03-16T03:34:21.259+0000] {taskinstance.py:1138} INFO - Marking task as SUCCESS. dag_id=3_model_training, task_id=train_model, execution_date=20260316T032606, start_date=20260316T033415, end_date=20260316T033421
[2026-03-16T03:34:21.277+0000] {local_task_job_runner.py:234} INFO - Task exited with return code 0
[2026-03-16T03:34:21.285+0000] {taskinstance.py:3280} INFO - 1 downstream tasks scheduled from follow-on schedule check
